mode: set
github.com/go-park-mail-ru/2026_1_ARIS/internal/handler/auth/auth.go:76.124,82.2 1 0
github.com/go-park-mail-ru/2026_1_ARIS/internal/handler/auth/auth.go:97.72,99.61 2 0
github.com/go-park-mail-ru/2026_1_ARIS/internal/handler/auth/auth.go:99.61,102.3 2 0
github.com/go-park-mail-ru/2026_1_ARIS/internal/handler/auth/auth.go:104.2,104.45 1 0
github.com/go-park-mail-ru/2026_1_ARIS/internal/handler/auth/auth.go:104.45,107.3 2 0
github.com/go-park-mail-ru/2026_1_ARIS/internal/handler/auth/auth.go:109.2,109.36 1 0
github.com/go-park-mail-ru/2026_1_ARIS/internal/handler/auth/auth.go:109.36,112.3 2 0
github.com/go-park-mail-ru/2026_1_ARIS/internal/handler/auth/auth.go:114.2,125.16 3 0
github.com/go-park-mail-ru/2026_1_ARIS/internal/handler/auth/auth.go:125.16,128.17 2 0
github.com/go-park-mail-ru/2026_1_ARIS/internal/handler/auth/auth.go:129.22,130.68 1 0
github.com/go-park-mail-ru/2026_1_ARIS/internal/handler/auth/auth.go:131.27,132.71 1 0
github.com/go-park-mail-ru/2026_1_ARIS/internal/handler/auth/auth.go:133.20,134.67 1 0
github.com/go-park-mail-ru/2026_1_ARIS/internal/handler/auth/auth.go:135.11,136.80 1 0
github.com/go-park-mail-ru/2026_1_ARIS/internal/handler/auth/auth.go:138.3,138.9 1 0
github.com/go-park-mail-ru/2026_1_ARIS/internal/handler/auth/auth.go:141.2,142.16 2 0
github.com/go-park-mail-ru/2026_1_ARIS/internal/handler/auth/auth.go:142.16,145.3 2 0
github.com/go-park-mail-ru/2026_1_ARIS/internal/handler/auth/auth.go:146.2,147.16 2 0
github.com/go-park-mail-ru/2026_1_ARIS/internal/handler/auth/auth.go:147.16,150.3 2 0
github.com/go-park-mail-ru/2026_1_ARIS/internal/handler/auth/auth.go:152.2,153.16 2 0
github.com/go-park-mail-ru/2026_1_ARIS/internal/handler/auth/auth.go:153.16,156.3 2 0
github.com/go-park-mail-ru/2026_1_ARIS/internal/handler/auth/auth.go:158.2,167.36 3 0
github.com/go-park-mail-ru/2026_1_ARIS/internal/handler/auth/auth.go:183.69,185.61 2 0
github.com/go-park-mail-ru/2026_1_ARIS/internal/handler/auth/auth.go:185.61,188.3 2 0
github.com/go-park-mail-ru/2026_1_ARIS/internal/handler/auth/auth.go:190.2,191.16 2 0
github.com/go-park-mail-ru/2026_1_ARIS/internal/handler/auth/auth.go:191.16,194.3 2 0
github.com/go-park-mail-ru/2026_1_ARIS/internal/handler/auth/auth.go:196.2,197.16 2 0
github.com/go-park-mail-ru/2026_1_ARIS/internal/handler/auth/auth.go:197.16,199.32 2 0
github.com/go-park-mail-ru/2026_1_ARIS/internal/handler/auth/auth.go:199.32,202.4 2 0
github.com/go-park-mail-ru/2026_1_ARIS/internal/handler/auth/auth.go:204.3,205.9 2 0
github.com/go-park-mail-ru/2026_1_ARIS/internal/handler/auth/auth.go:208.2,209.16 2 0
github.com/go-park-mail-ru/2026_1_ARIS/internal/handler/auth/auth.go:209.16,212.3 2 0
github.com/go-park-mail-ru/2026_1_ARIS/internal/handler/auth/auth.go:214.2,231.42 5 0
github.com/go-park-mail-ru/2026_1_ARIS/internal/handler/auth/auth.go:242.70,244.16 2 0
github.com/go-park-mail-ru/2026_1_ARIS/internal/handler/auth/auth.go:244.16,248.3 3 0
github.com/go-park-mail-ru/2026_1_ARIS/internal/handler/auth/auth.go:250.2,265.79 6 0
github.com/go-park-mail-ru/2026_1_ARIS/internal/handler/auth/auth.go:277.66,279.26 2 0
github.com/go-park-mail-ru/2026_1_ARIS/internal/handler/auth/auth.go:279.26,283.3 3 0
github.com/go-park-mail-ru/2026_1_ARIS/internal/handler/auth/auth.go:285.2,286.9 2 0
github.com/go-park-mail-ru/2026_1_ARIS/internal/handler/auth/auth.go:286.9,290.3 3 0
github.com/go-park-mail-ru/2026_1_ARIS/internal/handler/auth/auth.go:294.2,296.16 2 0
github.com/go-park-mail-ru/2026_1_ARIS/internal/handler/auth/auth.go:296.16,299.3 2 0
github.com/go-park-mail-ru/2026_1_ARIS/internal/handler/auth/auth.go:301.2,303.40 3 0
github.com/go-park-mail-ru/2026_1_ARIS/internal/handler/auth/auth.go:317.87,319.61 2 0
github.com/go-park-mail-ru/2026_1_ARIS/internal/handler/auth/auth.go:319.61,322.3 2 0
github.com/go-park-mail-ru/2026_1_ARIS/internal/handler/auth/auth.go:324.2,326.45 2 0
github.com/go-park-mail-ru/2026_1_ARIS/internal/handler/auth/auth.go:326.45,327.22 1 0
github.com/go-park-mail-ru/2026_1_ARIS/internal/handler/auth/auth.go:327.22,329.4 1 0
github.com/go-park-mail-ru/2026_1_ARIS/internal/handler/auth/auth.go:330.3,330.26 1 0
github.com/go-park-mail-ru/2026_1_ARIS/internal/handler/auth/auth.go:330.26,332.4 1 0
github.com/go-park-mail-ru/2026_1_ARIS/internal/handler/auth/auth.go:333.3,333.26 1 0
github.com/go-park-mail-ru/2026_1_ARIS/internal/handler/auth/auth.go:333.26,335.4 1 0
github.com/go-park-mail-ru/2026_1_ARIS/internal/handler/auth/auth.go:338.2,338.51 1 0
github.com/go-park-mail-ru/2026_1_ARIS/internal/handler/auth/auth.go:338.51,340.3 1 0
github.com/go-park-mail-ru/2026_1_ARIS/internal/handler/auth/auth.go:342.2,342.52 1 0
github.com/go-park-mail-ru/2026_1_ARIS/internal/handler/auth/auth.go:342.52,344.3 1 0
github.com/go-park-mail-ru/2026_1_ARIS/internal/handler/auth/auth.go:346.2,346.59 1 0
github.com/go-park-mail-ru/2026_1_ARIS/internal/handler/auth/auth.go:346.59,348.3 1 0
github.com/go-park-mail-ru/2026_1_ARIS/internal/handler/auth/auth.go:350.2,350.21 1 0
github.com/go-park-mail-ru/2026_1_ARIS/internal/handler/auth/auth.go:350.21,351.25 1 0
github.com/go-park-mail-ru/2026_1_ARIS/internal/handler/auth/auth.go:351.25,353.4 1 0
github.com/go-park-mail-ru/2026_1_ARIS/internal/handler/auth/auth.go:353.9,353.33 1 0
github.com/go-park-mail-ru/2026_1_ARIS/internal/handler/auth/auth.go:353.33,355.4 1 0
github.com/go-park-mail-ru/2026_1_ARIS/internal/handler/auth/auth.go:358.2,358.25 1 0
github.com/go-park-mail-ru/2026_1_ARIS/internal/handler/auth/auth.go:358.25,365.17 2 0
github.com/go-park-mail-ru/2026_1_ARIS/internal/handler/auth/auth.go:365.17,368.4 2 0
github.com/go-park-mail-ru/2026_1_ARIS/internal/handler/auth/auth.go:370.3,370.41 1 0
github.com/go-park-mail-ru/2026_1_ARIS/internal/handler/auth/auth.go:370.41,372.4 1 0
github.com/go-park-mail-ru/2026_1_ARIS/internal/handler/auth/auth.go:375.2,380.4 3 0
github.com/go-park-mail-ru/2026_1_ARIS/internal/handler/feed/feed.go:63.134,69.2 1 0
github.com/go-park-mail-ru/2026_1_ARIS/internal/handler/feed/feed.go:85.71,86.32 1 0
github.com/go-park-mail-ru/2026_1_ARIS/internal/handler/feed/feed.go:86.32,89.3 2 0
github.com/go-park-mail-ru/2026_1_ARIS/internal/handler/feed/feed.go:91.2,97.46 4 0
github.com/go-park-mail-ru/2026_1_ARIS/internal/handler/feed/feed.go:97.46,99.17 2 0
github.com/go-park-mail-ru/2026_1_ARIS/internal/handler/feed/feed.go:99.17,102.4 2 0
github.com/go-park-mail-ru/2026_1_ARIS/internal/handler/feed/feed.go:103.3,103.17 1 0
github.com/go-park-mail-ru/2026_1_ARIS/internal/handler/feed/feed.go:106.2,107.16 2 0
github.com/go-park-mail-ru/2026_1_ARIS/internal/handler/feed/feed.go:107.16,110.3 2 0
github.com/go-park-mail-ru/2026_1_ARIS/internal/handler/feed/feed.go:112.2,115.34 2 0
github.com/go-park-mail-ru/2026_1_ARIS/internal/handler/feed/feed.go:115.34,117.17 2 0
github.com/go-park-mail-ru/2026_1_ARIS/internal/handler/feed/feed.go:117.17,120.4 2 0
github.com/go-park-mail-ru/2026_1_ARIS/internal/handler/feed/feed.go:122.3,124.33 2 0
github.com/go-park-mail-ru/2026_1_ARIS/internal/handler/feed/feed.go:124.33,126.18 2 0
github.com/go-park-mail-ru/2026_1_ARIS/internal/handler/feed/feed.go:126.18,129.5 2 0
github.com/go-park-mail-ru/2026_1_ARIS/internal/handler/feed/feed.go:130.4,130.40 1 0
github.com/go-park-mail-ru/2026_1_ARIS/internal/handler/feed/feed.go:133.3,134.17 2 0
github.com/go-park-mail-ru/2026_1_ARIS/internal/handler/feed/feed.go:134.17,137.4 2 0
github.com/go-park-mail-ru/2026_1_ARIS/internal/handler/feed/feed.go:139.3,140.17 2 0
github.com/go-park-mail-ru/2026_1_ARIS/internal/handler/feed/feed.go:140.17,143.4 2 0
github.com/go-park-mail-ru/2026_1_ARIS/internal/handler/feed/feed.go:145.3,156.32 4 0
github.com/go-park-mail-ru/2026_1_ARIS/internal/handler/feed/feed.go:156.32,162.4 1 0
github.com/go-park-mail-ru/2026_1_ARIS/internal/handler/feed/feed.go:164.3,177.5 4 0
github.com/go-park-mail-ru/2026_1_ARIS/internal/handler/feed/feed.go:180.2,186.37 2 0
github.com/go-park-mail-ru/2026_1_ARIS/internal/handler/feed/feed.go:189.79,199.40 2 0
github.com/go-park-mail-ru/2026_1_ARIS/internal/handler/feed/feed.go:199.40,201.3 1 0
github.com/go-park-mail-ru/2026_1_ARIS/internal/handler/feed/feed.go:203.2,208.4 3 0
github.com/go-park-mail-ru/2026_1_ARIS/internal/handler/feed/feed.go:211.85,223.2 3 0
github.com/go-park-mail-ru/2026_1_ARIS/internal/handler/feed/feed.go:225.77,226.32 1 0
github.com/go-park-mail-ru/2026_1_ARIS/internal/handler/feed/feed.go:226.32,229.3 2 0
github.com/go-park-mail-ru/2026_1_ARIS/internal/handler/feed/feed.go:231.2,237.46 4 0
github.com/go-park-mail-ru/2026_1_ARIS/internal/handler/feed/feed.go:237.46,239.17 2 0
github.com/go-park-mail-ru/2026_1_ARIS/internal/handler/feed/feed.go:239.17,242.4 2 0
github.com/go-park-mail-ru/2026_1_ARIS/internal/handler/feed/feed.go:243.3,243.17 1 0
github.com/go-park-mail-ru/2026_1_ARIS/internal/handler/feed/feed.go:246.2,248.21 2 0
github.com/go-park-mail-ru/2026_1_ARIS/internal/handler/feed/feed.go:248.21,250.17 2 0
github.com/go-park-mail-ru/2026_1_ARIS/internal/handler/feed/feed.go:250.17,253.4 2 0
github.com/go-park-mail-ru/2026_1_ARIS/internal/handler/feed/feed.go:254.3,254.27 1 0
github.com/go-park-mail-ru/2026_1_ARIS/internal/handler/feed/feed.go:257.2,258.16 2 0
github.com/go-park-mail-ru/2026_1_ARIS/internal/handler/feed/feed.go:258.16,261.3 2 0
github.com/go-park-mail-ru/2026_1_ARIS/internal/handler/feed/feed.go:263.2,265.34 2 0
github.com/go-park-mail-ru/2026_1_ARIS/internal/handler/feed/feed.go:265.34,267.17 2 0
github.com/go-park-mail-ru/2026_1_ARIS/internal/handler/feed/feed.go:267.17,270.4 2 0
github.com/go-park-mail-ru/2026_1_ARIS/internal/handler/feed/feed.go:272.3,274.33 2 0
github.com/go-park-mail-ru/2026_1_ARIS/internal/handler/feed/feed.go:274.33,276.18 2 0
github.com/go-park-mail-ru/2026_1_ARIS/internal/handler/feed/feed.go:276.18,279.5 2 0
github.com/go-park-mail-ru/2026_1_ARIS/internal/handler/feed/feed.go:280.4,280.40 1 0
github.com/go-park-mail-ru/2026_1_ARIS/internal/handler/feed/feed.go:283.3,284.17 2 0
github.com/go-park-mail-ru/2026_1_ARIS/internal/handler/feed/feed.go:284.17,287.4 2 0
github.com/go-park-mail-ru/2026_1_ARIS/internal/handler/feed/feed.go:289.3,290.17 2 0
github.com/go-park-mail-ru/2026_1_ARIS/internal/handler/feed/feed.go:290.17,293.4 2 0
github.com/go-park-mail-ru/2026_1_ARIS/internal/handler/feed/feed.go:295.3,306.32 4 0
github.com/go-park-mail-ru/2026_1_ARIS/internal/handler/feed/feed.go:306.32,312.4 1 0
github.com/go-park-mail-ru/2026_1_ARIS/internal/handler/feed/feed.go:314.3,327.5 4 0
github.com/go-park-mail-ru/2026_1_ARIS/internal/handler/feed/feed.go:330.2,336.37 2 0
github.com/go-park-mail-ru/2026_1_ARIS/internal/handler/proxy/image_proxy.go:8.57,10.15 2 0
github.com/go-park-mail-ru/2026_1_ARIS/internal/handler/proxy/image_proxy.go:10.15,13.3 2 0
github.com/go-park-mail-ru/2026_1_ARIS/internal/handler/proxy/image_proxy.go:15.2,16.16 2 0
github.com/go-park-mail-ru/2026_1_ARIS/internal/handler/proxy/image_proxy.go:16.16,19.3 2 0
github.com/go-park-mail-ru/2026_1_ARIS/internal/handler/proxy/image_proxy.go:20.2,23.23 3 0
github.com/go-park-mail-ru/2026_1_ARIS/internal/handler/user/user.go:43.104,48.2 1 0
github.com/go-park-mail-ru/2026_1_ARIS/internal/handler/user/user.go:50.81,53.26 2 0
github.com/go-park-mail-ru/2026_1_ARIS/internal/handler/user/user.go:53.26,56.3 2 0
github.com/go-park-mail-ru/2026_1_ARIS/internal/handler/user/user.go:58.2,59.9 2 0
github.com/go-park-mail-ru/2026_1_ARIS/internal/handler/user/user.go:59.9,62.3 2 0
github.com/go-park-mail-ru/2026_1_ARIS/internal/handler/user/user.go:64.2,65.16 2 0
github.com/go-park-mail-ru/2026_1_ARIS/internal/handler/user/user.go:65.16,68.3 2 0
github.com/go-park-mail-ru/2026_1_ARIS/internal/handler/user/user.go:70.2,72.29 2 0
github.com/go-park-mail-ru/2026_1_ARIS/internal/handler/user/user.go:72.29,76.52 2 0
github.com/go-park-mail-ru/2026_1_ARIS/internal/handler/user/user.go:76.52,78.34 2 0
github.com/go-park-mail-ru/2026_1_ARIS/internal/handler/user/user.go:78.34,80.5 1 0
github.com/go-park-mail-ru/2026_1_ARIS/internal/handler/user/user.go:82.3,83.17 2 0
github.com/go-park-mail-ru/2026_1_ARIS/internal/handler/user/user.go:83.17,84.12 1 0
github.com/go-park-mail-ru/2026_1_ARIS/internal/handler/user/user.go:86.3,87.17 2 0
github.com/go-park-mail-ru/2026_1_ARIS/internal/handler/user/user.go:87.17,88.12 1 0
github.com/go-park-mail-ru/2026_1_ARIS/internal/handler/user/user.go:91.3,97.5 1 0
github.com/go-park-mail-ru/2026_1_ARIS/internal/handler/user/user.go:100.2,102.4 1 0
github.com/go-park-mail-ru/2026_1_ARIS/internal/handler/user/user.go:105.85,108.16 3 0
github.com/go-park-mail-ru/2026_1_ARIS/internal/handler/user/user.go:108.16,111.3 2 0
github.com/go-park-mail-ru/2026_1_ARIS/internal/handler/user/user.go:112.2,117.29 4 0
github.com/go-park-mail-ru/2026_1_ARIS/internal/handler/user/user.go:117.29,121.52 3 0
github.com/go-park-mail-ru/2026_1_ARIS/internal/handler/user/user.go:121.52,123.34 2 0
github.com/go-park-mail-ru/2026_1_ARIS/internal/handler/user/user.go:123.34,125.5 1 0
github.com/go-park-mail-ru/2026_1_ARIS/internal/handler/user/user.go:128.3,129.17 2 0
github.com/go-park-mail-ru/2026_1_ARIS/internal/handler/user/user.go:129.17,131.12 2 0
github.com/go-park-mail-ru/2026_1_ARIS/internal/handler/user/user.go:133.3,134.17 2 0
github.com/go-park-mail-ru/2026_1_ARIS/internal/handler/user/user.go:134.17,136.12 2 0
github.com/go-park-mail-ru/2026_1_ARIS/internal/handler/user/user.go:139.3,145.5 1 0
github.com/go-park-mail-ru/2026_1_ARIS/internal/handler/user/user.go:148.2,154.4 4 0
github.com/go-park-mail-ru/2026_1_ARIS/internal/handler/user/user.go:157.79,159.16 2 0
github.com/go-park-mail-ru/2026_1_ARIS/internal/handler/user/user.go:159.16,162.3 2 0
github.com/go-park-mail-ru/2026_1_ARIS/internal/handler/user/user.go:164.2,166.31 2 0
github.com/go-park-mail-ru/2026_1_ARIS/internal/handler/user/user.go:166.31,170.52 3 0
github.com/go-park-mail-ru/2026_1_ARIS/internal/handler/user/user.go:170.52,172.34 2 0
github.com/go-park-mail-ru/2026_1_ARIS/internal/handler/user/user.go:172.34,174.5 1 0
github.com/go-park-mail-ru/2026_1_ARIS/internal/handler/user/user.go:177.3,178.17 2 0
github.com/go-park-mail-ru/2026_1_ARIS/internal/handler/user/user.go:178.17,179.12 1 0
github.com/go-park-mail-ru/2026_1_ARIS/internal/handler/user/user.go:181.3,182.17 2 0
github.com/go-park-mail-ru/2026_1_ARIS/internal/handler/user/user.go:182.17,183.12 1 0
github.com/go-park-mail-ru/2026_1_ARIS/internal/handler/user/user.go:186.3,193.5 1 0
github.com/go-park-mail-ru/2026_1_ARIS/internal/handler/user/user.go:196.2,199.4 2 0
github.com/go-park-mail-ru/2026_1_ARIS/internal/middleware/auth.go:12.92,13.46 1 0
github.com/go-park-mail-ru/2026_1_ARIS/internal/middleware/auth.go:13.46,14.72 1 0
github.com/go-park-mail-ru/2026_1_ARIS/internal/middleware/auth.go:14.72,17.18 3 0
github.com/go-park-mail-ru/2026_1_ARIS/internal/middleware/auth.go:17.18,20.5 2 0
github.com/go-park-mail-ru/2026_1_ARIS/internal/middleware/auth.go:22.4,24.18 3 0
github.com/go-park-mail-ru/2026_1_ARIS/internal/middleware/auth.go:24.18,27.5 2 0
github.com/go-park-mail-ru/2026_1_ARIS/internal/middleware/auth.go:29.4,31.41 2 0
github.com/go-park-mail-ru/2026_1_ARIS/internal/middleware/cors.go:5.53,6.71 1 0
github.com/go-park-mail-ru/2026_1_ARIS/internal/middleware/cors.go:6.71,12.37 5 0
github.com/go-park-mail-ru/2026_1_ARIS/internal/middleware/cors.go:12.37,15.4 2 0
github.com/go-park-mail-ru/2026_1_ARIS/internal/middleware/cors.go:17.3,17.23 1 0
github.com/go-park-mail-ru/2026_1_ARIS/internal/models/model.go:88.94,101.2 2 0
github.com/go-park-mail-ru/2026_1_ARIS/internal/models/model.go:120.142,136.2 2 0
github.com/go-park-mail-ru/2026_1_ARIS/internal/models/model.go:152.90,166.2 2 0
github.com/go-park-mail-ru/2026_1_ARIS/internal/models/model.go:179.43,190.2 2 0
github.com/go-park-mail-ru/2026_1_ARIS/internal/models/model.go:203.50,215.2 2 0
github.com/go-park-mail-ru/2026_1_ARIS/internal/models/model.go:224.72,230.2 1 0
github.com/go-park-mail-ru/2026_1_ARIS/internal/models/model.go:322.111,336.2 2 0
github.com/go-park-mail-ru/2026_1_ARIS/internal/models/model.go:356.56,368.2 2 0
github.com/go-park-mail-ru/2026_1_ARIS/internal/models/model.go:370.62,382.2 2 0
github.com/go-park-mail-ru/2026_1_ARIS/internal/models/model.go:466.56,474.2 1 0
github.com/go-park-mail-ru/2026_1_ARIS/internal/repository/comment/comment.go:24.54,28.2 1 0
github.com/go-park-mail-ru/2026_1_ARIS/internal/repository/comment/comment.go:35.87,42.53 5 0
github.com/go-park-mail-ru/2026_1_ARIS/internal/repository/comment/comment.go:42.53,44.3 1 0
github.com/go-park-mail-ru/2026_1_ARIS/internal/repository/comment/comment.go:45.2,45.26 1 0
github.com/go-park-mail-ru/2026_1_ARIS/internal/repository/comment/comment.go:48.97,60.16 3 0
github.com/go-park-mail-ru/2026_1_ARIS/internal/repository/comment/comment.go:60.16,62.3 1 0
github.com/go-park-mail-ru/2026_1_ARIS/internal/repository/comment/comment.go:63.2,65.17 2 0
github.com/go-park-mail-ru/2026_1_ARIS/internal/repository/comment/comment.go:65.17,67.39 2 0
github.com/go-park-mail-ru/2026_1_ARIS/internal/repository/comment/comment.go:67.39,69.4 1 0
github.com/go-park-mail-ru/2026_1_ARIS/internal/repository/comment/comment.go:70.3,70.17 1 0
github.com/go-park-mail-ru/2026_1_ARIS/internal/repository/comment/comment.go:71.8,72.35 1 0
github.com/go-park-mail-ru/2026_1_ARIS/internal/repository/comment/comment.go:72.35,74.4 1 0
github.com/go-park-mail-ru/2026_1_ARIS/internal/repository/comment/comment.go:76.2,76.35 1 0
github.com/go-park-mail-ru/2026_1_ARIS/internal/repository/comment/comment.go:79.35,83.2 3 0
github.com/go-park-mail-ru/2026_1_ARIS/internal/repository/comment/comment.go:85.86,91.31 4 0
github.com/go-park-mail-ru/2026_1_ARIS/internal/repository/comment/comment.go:91.31,92.31 1 0
github.com/go-park-mail-ru/2026_1_ARIS/internal/repository/comment/comment.go:92.31,94.4 1 0
github.com/go-park-mail-ru/2026_1_ARIS/internal/repository/comment/comment.go:97.2,97.22 1 0
github.com/go-park-mail-ru/2026_1_ARIS/internal/repository/comment/comment.go:100.96,105.9 4 0
github.com/go-park-mail-ru/2026_1_ARIS/internal/repository/comment/comment.go:105.9,107.3 1 0
github.com/go-park-mail-ru/2026_1_ARIS/internal/repository/comment/comment.go:108.2,108.24 1 0
github.com/go-park-mail-ru/2026_1_ARIS/internal/repository/like/like.go:31.48,35.2 1 0
github.com/go-park-mail-ru/2026_1_ARIS/internal/repository/like/like.go:37.88,51.16 5 0
github.com/go-park-mail-ru/2026_1_ARIS/internal/repository/like/like.go:51.16,53.3 1 0
github.com/go-park-mail-ru/2026_1_ARIS/internal/repository/like/like.go:55.2,55.20 1 0
github.com/go-park-mail-ru/2026_1_ARIS/internal/repository/like/like.go:58.90,64.16 4 0
github.com/go-park-mail-ru/2026_1_ARIS/internal/repository/like/like.go:64.16,67.3 2 0
github.com/go-park-mail-ru/2026_1_ARIS/internal/repository/like/like.go:69.2,69.19 1 0
github.com/go-park-mail-ru/2026_1_ARIS/internal/repository/like/like.go:72.87,74.2 1 0
github.com/go-park-mail-ru/2026_1_ARIS/internal/repository/like/like.go:76.29,80.2 3 0
github.com/go-park-mail-ru/2026_1_ARIS/internal/repository/like/like.go:82.89,87.9 4 0
github.com/go-park-mail-ru/2026_1_ARIS/internal/repository/like/like.go:87.9,89.3 1 0
github.com/go-park-mail-ru/2026_1_ARIS/internal/repository/like/like.go:90.2,90.19 1 0
github.com/go-park-mail-ru/2026_1_ARIS/internal/repository/like/like.go:93.87,98.9 4 0
github.com/go-park-mail-ru/2026_1_ARIS/internal/repository/like/like.go:98.9,100.3 1 0
github.com/go-park-mail-ru/2026_1_ARIS/internal/repository/like/like.go:101.2,101.21 1 0
github.com/go-park-mail-ru/2026_1_ARIS/internal/repository/like/like.go:104.86,107.28 2 0
github.com/go-park-mail-ru/2026_1_ARIS/internal/repository/like/like.go:107.28,108.45 1 0
github.com/go-park-mail-ru/2026_1_ARIS/internal/repository/like/like.go:108.45,110.4 1 0
github.com/go-park-mail-ru/2026_1_ARIS/internal/repository/like/like.go:112.2,112.16 1 0
github.com/go-park-mail-ru/2026_1_ARIS/internal/repository/media/media.go:21.31,25.2 3 0
github.com/go-park-mail-ru/2026_1_ARIS/internal/repository/media/media.go:27.87,32.9 4 0
github.com/go-park-mail-ru/2026_1_ARIS/internal/repository/media/media.go:32.9,34.3 1 0
github.com/go-park-mail-ru/2026_1_ARIS/internal/repository/media/media.go:36.2,36.20 1 0
github.com/go-park-mail-ru/2026_1_ARIS/internal/repository/media/media.go:39.90,45.2 4 0
github.com/go-park-mail-ru/2026_1_ARIS/internal/repository/post/post.go:27.29,31.2 3 0
github.com/go-park-mail-ru/2026_1_ARIS/internal/repository/post/post.go:33.87,38.9 4 0
github.com/go-park-mail-ru/2026_1_ARIS/internal/repository/post/post.go:38.9,40.3 1 0
github.com/go-park-mail-ru/2026_1_ARIS/internal/repository/post/post.go:42.2,42.21 1 0
github.com/go-park-mail-ru/2026_1_ARIS/internal/repository/post/post.go:45.72,51.9 4 0
github.com/go-park-mail-ru/2026_1_ARIS/internal/repository/post/post.go:51.9,53.3 1 0
github.com/go-park-mail-ru/2026_1_ARIS/internal/repository/post/post.go:55.2,56.12 2 0
github.com/go-park-mail-ru/2026_1_ARIS/internal/repository/post/post.go:59.96,63.28 3 0
github.com/go-park-mail-ru/2026_1_ARIS/internal/repository/post/post.go:63.28,65.3 1 0
github.com/go-park-mail-ru/2026_1_ARIS/internal/repository/post/post.go:67.2,67.33 1 0
github.com/go-park-mail-ru/2026_1_ARIS/internal/repository/post/post.go:67.33,69.3 1 0
github.com/go-park-mail-ru/2026_1_ARIS/internal/repository/post/post.go:71.2,71.71 1 0
github.com/go-park-mail-ru/2026_1_ARIS/internal/repository/post/post.go:74.85,79.9 4 0
github.com/go-park-mail-ru/2026_1_ARIS/internal/repository/post/post.go:79.9,81.3 1 0
github.com/go-park-mail-ru/2026_1_ARIS/internal/repository/post/post.go:83.2,83.22 1 0
github.com/go-park-mail-ru/2026_1_ARIS/internal/repository/post/post.go:86.79,88.2 1 0
github.com/go-park-mail-ru/2026_1_ARIS/internal/repository/post/post_with_media.go:21.47,23.2 1 0
github.com/go-park-mail-ru/2026_1_ARIS/internal/repository/post/post_with_media.go:26.97,32.72 4 0
github.com/go-park-mail-ru/2026_1_ARIS/internal/repository/post/post_with_media.go:32.72,33.24 1 0
github.com/go-park-mail-ru/2026_1_ARIS/internal/repository/post/post_with_media.go:33.24,35.4 1 0
github.com/go-park-mail-ru/2026_1_ARIS/internal/repository/post/post_with_media.go:35.9,35.31 1 0
github.com/go-park-mail-ru/2026_1_ARIS/internal/repository/post/post_with_media.go:35.31,37.4 1 0
github.com/go-park-mail-ru/2026_1_ARIS/internal/repository/post/post_with_media.go:38.3,38.11 1 0
github.com/go-park-mail-ru/2026_1_ARIS/internal/repository/post/post_with_media.go:41.2,41.37 1 0
github.com/go-park-mail-ru/2026_1_ARIS/internal/repository/post/post_with_media.go:41.37,42.25 1 0
github.com/go-park-mail-ru/2026_1_ARIS/internal/repository/post/post_with_media.go:42.25,44.4 1 0
github.com/go-park-mail-ru/2026_1_ARIS/internal/repository/post/post_with_media.go:47.2,47.17 1 0
github.com/go-park-mail-ru/2026_1_ARIS/internal/repository/post/post_with_media.go:50.105,56.2 4 0
github.com/go-park-mail-ru/2026_1_ARIS/internal/repository/profile/profile.go:33.54,37.2 1 0
github.com/go-park-mail-ru/2026_1_ARIS/internal/repository/profile/profile.go:39.99,45.16 4 0
github.com/go-park-mail-ru/2026_1_ARIS/internal/repository/profile/profile.go:45.16,47.3 1 0
github.com/go-park-mail-ru/2026_1_ARIS/internal/repository/profile/profile.go:49.2,49.22 1 0
github.com/go-park-mail-ru/2026_1_ARIS/internal/repository/profile/profile.go:52.97,59.45 4 0
github.com/go-park-mail-ru/2026_1_ARIS/internal/repository/profile/profile.go:59.45,61.3 1 0
github.com/go-park-mail-ru/2026_1_ARIS/internal/repository/profile/profile.go:63.2,63.23 1 0
github.com/go-park-mail-ru/2026_1_ARIS/internal/repository/profile/profile.go:66.86,70.16 3 0
github.com/go-park-mail-ru/2026_1_ARIS/internal/repository/profile/profile.go:70.16,72.3 1 0
github.com/go-park-mail-ru/2026_1_ARIS/internal/repository/profile/profile.go:74.2,75.16 2 0
github.com/go-park-mail-ru/2026_1_ARIS/internal/repository/profile/profile.go:75.16,77.3 1 0
github.com/go-park-mail-ru/2026_1_ARIS/internal/repository/profile/profile.go:79.2,79.22 1 0
github.com/go-park-mail-ru/2026_1_ARIS/internal/repository/profile/profile.go:82.35,86.2 3 0
github.com/go-park-mail-ru/2026_1_ARIS/internal/repository/profile/profile.go:88.98,93.9 4 0
github.com/go-park-mail-ru/2026_1_ARIS/internal/repository/profile/profile.go:93.9,95.3 1 0
github.com/go-park-mail-ru/2026_1_ARIS/internal/repository/profile/profile.go:96.2,96.22 1 0
github.com/go-park-mail-ru/2026_1_ARIS/internal/repository/profile/profile.go:99.96,105.2 4 0
github.com/go-park-mail-ru/2026_1_ARIS/internal/repository/profile/profile.go:118.85,123.31 4 0
github.com/go-park-mail-ru/2026_1_ARIS/internal/repository/profile/profile.go:123.31,125.3 1 0
github.com/go-park-mail-ru/2026_1_ARIS/internal/repository/profile/profile.go:127.2,127.22 1 0
github.com/go-park-mail-ru/2026_1_ARIS/internal/repository/repost/repost.go:20.33,24.2 1 0
github.com/go-park-mail-ru/2026_1_ARIS/internal/repository/repost/repost.go:26.93,31.9 4 0
github.com/go-park-mail-ru/2026_1_ARIS/internal/repository/repost/repost.go:31.9,33.3 1 0
github.com/go-park-mail-ru/2026_1_ARIS/internal/repository/repost/repost.go:35.2,35.23 1 0
github.com/go-park-mail-ru/2026_1_ARIS/internal/repository/repost/repost.go:38.84,44.35 4 0
github.com/go-park-mail-ru/2026_1_ARIS/internal/repository/repost/repost.go:44.35,45.30 1 0
github.com/go-park-mail-ru/2026_1_ARIS/internal/repository/repost/repost.go:45.30,47.4 1 0
github.com/go-park-mail-ru/2026_1_ARIS/internal/repository/repost/repost.go:50.2,50.14 1 0
github.com/go-park-mail-ru/2026_1_ARIS/internal/repository/session/session.go:22.35,26.2 1 0
github.com/go-park-mail-ru/2026_1_ARIS/internal/repository/session/session.go:28.81,33.2 3 0
github.com/go-park-mail-ru/2026_1_ARIS/internal/repository/session/session.go:35.86,40.9 4 0
github.com/go-park-mail-ru/2026_1_ARIS/internal/repository/session/session.go:40.9,42.3 1 0
github.com/go-park-mail-ru/2026_1_ARIS/internal/repository/session/session.go:43.2,44.12 2 0
github.com/go-park-mail-ru/2026_1_ARIS/internal/repository/session/session.go:47.106,51.9 4 0
github.com/go-park-mail-ru/2026_1_ARIS/internal/repository/session/session.go:51.9,53.3 1 0
github.com/go-park-mail-ru/2026_1_ARIS/internal/repository/session/session.go:54.2,54.18 1 0
github.com/go-park-mail-ru/2026_1_ARIS/internal/repository/user_account/user_account.go:40.62,44.2 1 0
github.com/go-park-mail-ru/2026_1_ARIS/internal/repository/user_account/user_account.go:46.109,54.16 5 0
github.com/go-park-mail-ru/2026_1_ARIS/internal/repository/user_account/user_account.go:54.16,56.3 1 0
github.com/go-park-mail-ru/2026_1_ARIS/internal/repository/user_account/user_account.go:58.2,58.27 1 0
github.com/go-park-mail-ru/2026_1_ARIS/internal/repository/user_account/user_account.go:61.80,65.16 3 0
github.com/go-park-mail-ru/2026_1_ARIS/internal/repository/user_account/user_account.go:65.16,67.3 1 0
github.com/go-park-mail-ru/2026_1_ARIS/internal/repository/user_account/user_account.go:69.2,69.29 1 0
github.com/go-park-mail-ru/2026_1_ARIS/internal/repository/user_account/user_account.go:69.30,71.3 0 0
github.com/go-park-mail-ru/2026_1_ARIS/internal/repository/user_account/user_account.go:72.2,72.29 1 0
github.com/go-park-mail-ru/2026_1_ARIS/internal/repository/user_account/user_account.go:72.30,74.3 0 0
github.com/go-park-mail-ru/2026_1_ARIS/internal/repository/user_account/user_account.go:76.2,76.12 1 0
github.com/go-park-mail-ru/2026_1_ARIS/internal/repository/user_account/user_account.go:79.100,85.16 4 0
github.com/go-park-mail-ru/2026_1_ARIS/internal/repository/user_account/user_account.go:85.16,87.3 1 0
github.com/go-park-mail-ru/2026_1_ARIS/internal/repository/user_account/user_account.go:89.2,89.26 1 0
github.com/go-park-mail-ru/2026_1_ARIS/internal/repository/user_account/user_account.go:92.111,98.16 4 0
github.com/go-park-mail-ru/2026_1_ARIS/internal/repository/user_account/user_account.go:98.16,100.3 1 0
github.com/go-park-mail-ru/2026_1_ARIS/internal/repository/user_account/user_account.go:102.2,102.26 1 0
github.com/go-park-mail-ru/2026_1_ARIS/internal/repository/user_account/user_account.go:105.111,111.16 4 0
github.com/go-park-mail-ru/2026_1_ARIS/internal/repository/user_account/user_account.go:111.16,113.3 1 0
github.com/go-park-mail-ru/2026_1_ARIS/internal/repository/user_account/user_account.go:115.2,115.26 1 0
github.com/go-park-mail-ru/2026_1_ARIS/internal/repository/user_account/user_account.go:118.117,124.16 4 0
github.com/go-park-mail-ru/2026_1_ARIS/internal/repository/user_account/user_account.go:124.16,126.3 1 0
github.com/go-park-mail-ru/2026_1_ARIS/internal/repository/user_account/user_account.go:128.2,128.26 1 0
github.com/go-park-mail-ru/2026_1_ARIS/internal/repository/user_account/user_account.go:131.110,137.16 4 0
github.com/go-park-mail-ru/2026_1_ARIS/internal/repository/user_account/user_account.go:137.16,139.3 1 0
github.com/go-park-mail-ru/2026_1_ARIS/internal/repository/user_account/user_account.go:141.2,141.26 1 0
github.com/go-park-mail-ru/2026_1_ARIS/internal/repository/user_account/user_account.go:144.111,148.16 3 0
github.com/go-park-mail-ru/2026_1_ARIS/internal/repository/user_account/user_account.go:148.16,150.3 1 0
github.com/go-park-mail-ru/2026_1_ARIS/internal/repository/user_account/user_account.go:152.2,153.16 2 0
github.com/go-park-mail-ru/2026_1_ARIS/internal/repository/user_account/user_account.go:153.16,155.3 1 0
github.com/go-park-mail-ru/2026_1_ARIS/internal/repository/user_account/user_account.go:157.2,157.26 1 0
github.com/go-park-mail-ru/2026_1_ARIS/internal/repository/user_account/user_account.go:160.36,164.2 3 0
github.com/go-park-mail-ru/2026_1_ARIS/internal/repository/user_account/user_account.go:166.101,172.2 4 0
github.com/go-park-mail-ru/2026_1_ARIS/internal/repository/user_account/user_account.go:174.72,180.8 4 0
github.com/go-park-mail-ru/2026_1_ARIS/internal/repository/user_account/user_account.go:180.8,183.3 2 0
github.com/go-park-mail-ru/2026_1_ARIS/internal/repository/user_account/user_account.go:185.2,185.37 1 0
github.com/go-park-mail-ru/2026_1_ARIS/internal/repository/user_account/user_account.go:188.92,194.9 4 0
github.com/go-park-mail-ru/2026_1_ARIS/internal/repository/user_account/user_account.go:194.9,196.3 1 0
github.com/go-park-mail-ru/2026_1_ARIS/internal/repository/user_account/user_account.go:197.2,197.19 1 0
github.com/go-park-mail-ru/2026_1_ARIS/internal/repository/user_account/user_account.go:200.103,204.35 3 0
github.com/go-park-mail-ru/2026_1_ARIS/internal/repository/user_account/user_account.go:204.35,205.24 1 0
github.com/go-park-mail-ru/2026_1_ARIS/internal/repository/user_account/user_account.go:205.24,207.4 1 0
github.com/go-park-mail-ru/2026_1_ARIS/internal/repository/user_account/user_account.go:209.2,209.42 1 0
github.com/go-park-mail-ru/2026_1_ARIS/internal/repository/user_account/user_account.go:212.103,216.35 3 0
github.com/go-park-mail-ru/2026_1_ARIS/internal/repository/user_account/user_account.go:216.35,217.24 1 0
github.com/go-park-mail-ru/2026_1_ARIS/internal/repository/user_account/user_account.go:217.24,219.4 1 0
github.com/go-park-mail-ru/2026_1_ARIS/internal/repository/user_account/user_account.go:221.2,221.42 1 0
github.com/go-park-mail-ru/2026_1_ARIS/internal/repository/user_account/user_account.go:224.103,228.35 3 0
github.com/go-park-mail-ru/2026_1_ARIS/internal/repository/user_account/user_account.go:228.35,230.3 1 0
github.com/go-park-mail-ru/2026_1_ARIS/internal/repository/user_account/user_account.go:231.2,231.40 1 0
github.com/go-park-mail-ru/2026_1_ARIS/internal/repository/user_account/user_account.go:231.40,233.3 1 0
github.com/go-park-mail-ru/2026_1_ARIS/internal/repository/user_account/user_account.go:235.2,235.80 1 0
github.com/go-park-mail-ru/2026_1_ARIS/internal/repository/user_account/user_account.go:238.109,242.35 3 0
github.com/go-park-mail-ru/2026_1_ARIS/internal/repository/user_account/user_account.go:242.35,243.29 1 0
github.com/go-park-mail-ru/2026_1_ARIS/internal/repository/user_account/user_account.go:243.29,245.4 1 0
github.com/go-park-mail-ru/2026_1_ARIS/internal/repository/user_account/user_account.go:247.2,247.42 1 0
github.com/go-park-mail-ru/2026_1_ARIS/internal/repository/user_account/user_account.go:250.102,254.35 3 0
github.com/go-park-mail-ru/2026_1_ARIS/internal/repository/user_account/user_account.go:254.35,255.19 1 0
github.com/go-park-mail-ru/2026_1_ARIS/internal/repository/user_account/user_account.go:255.19,257.4 1 0
github.com/go-park-mail-ru/2026_1_ARIS/internal/repository/user_account/user_account.go:259.2,259.42 1 0
github.com/go-park-mail-ru/2026_1_ARIS/internal/repository/user_profile/user_profile.go:32.62,36.2 1 0
github.com/go-park-mail-ru/2026_1_ARIS/internal/repository/user_profile/user_profile.go:38.43,42.2 3 0
github.com/go-park-mail-ru/2026_1_ARIS/internal/repository/user_profile/user_profile.go:44.109,52.16 5 0
github.com/go-park-mail-ru/2026_1_ARIS/internal/repository/user_profile/user_profile.go:52.16,54.3 1 0
github.com/go-park-mail-ru/2026_1_ARIS/internal/repository/user_profile/user_profile.go:56.2,56.27 1 0
github.com/go-park-mail-ru/2026_1_ARIS/internal/repository/user_profile/user_profile.go:59.111,65.16 4 0
github.com/go-park-mail-ru/2026_1_ARIS/internal/repository/user_profile/user_profile.go:65.16,67.3 1 0
github.com/go-park-mail-ru/2026_1_ARIS/internal/repository/user_profile/user_profile.go:69.2,69.26 1 0
github.com/go-park-mail-ru/2026_1_ARIS/internal/repository/user_profile/user_profile.go:72.118,78.16 4 0
github.com/go-park-mail-ru/2026_1_ARIS/internal/repository/user_profile/user_profile.go:78.16,80.3 1 0
github.com/go-park-mail-ru/2026_1_ARIS/internal/repository/user_profile/user_profile.go:82.2,82.26 1 0
github.com/go-park-mail-ru/2026_1_ARIS/internal/repository/user_profile/user_profile.go:85.126,91.16 4 0
github.com/go-park-mail-ru/2026_1_ARIS/internal/repository/user_profile/user_profile.go:91.16,93.3 1 0
github.com/go-park-mail-ru/2026_1_ARIS/internal/repository/user_profile/user_profile.go:95.2,95.26 1 0
github.com/go-park-mail-ru/2026_1_ARIS/internal/repository/user_profile/user_profile.go:98.108,104.2 4 0
github.com/go-park-mail-ru/2026_1_ARIS/internal/repository/user_profile/user_profile.go:106.110,111.9 4 0
github.com/go-park-mail-ru/2026_1_ARIS/internal/repository/user_profile/user_profile.go:111.9,113.3 1 0
github.com/go-park-mail-ru/2026_1_ARIS/internal/repository/user_profile/user_profile.go:115.2,115.26 1 0
github.com/go-park-mail-ru/2026_1_ARIS/internal/repository/user_profile/user_profile.go:118.117,122.35 3 0
github.com/go-park-mail-ru/2026_1_ARIS/internal/repository/user_profile/user_profile.go:122.35,123.31 1 0
github.com/go-park-mail-ru/2026_1_ARIS/internal/repository/user_profile/user_profile.go:123.31,126.4 2 0
github.com/go-park-mail-ru/2026_1_ARIS/internal/repository/user_profile/user_profile.go:128.2,129.49 2 0
github.com/go-park-mail-ru/2026_1_ARIS/internal/repository/user_profile/user_profile.go:132.125,136.35 3 0
github.com/go-park-mail-ru/2026_1_ARIS/internal/repository/user_profile/user_profile.go:136.35,137.39 1 0
github.com/go-park-mail-ru/2026_1_ARIS/internal/repository/user_profile/user_profile.go:137.39,139.4 1 0
github.com/go-park-mail-ru/2026_1_ARIS/internal/repository/user_profile/user_profile.go:142.2,142.49 1 0
github.com/go-park-mail-ru/2026_1_ARIS/internal/server/router.go:22.12,35.42 5 0
github.com/go-park-mail-ru/2026_1_ARIS/internal/server/router.go:35.42,40.30 4 0
github.com/go-park-mail-ru/2026_1_ARIS/internal/server/router.go:40.30,44.4 3 0
github.com/go-park-mail-ru/2026_1_ARIS/internal/server/router.go:47.2,51.29 5 0
github.com/go-park-mail-ru/2026_1_ARIS/internal/server/router.go:51.29,57.3 5 0
github.com/go-park-mail-ru/2026_1_ARIS/internal/server/router.go:59.2,62.10 2 0
github.com/go-park-mail-ru/2026_1_ARIS/internal/service/auth/auth.go:30.156,36.2 1 0
github.com/go-park-mail-ru/2026_1_ARIS/internal/service/auth/auth.go:38.156,41.71 2 0
github.com/go-park-mail-ru/2026_1_ARIS/internal/service/auth/auth.go:41.71,43.3 1 0
github.com/go-park-mail-ru/2026_1_ARIS/internal/service/auth/auth.go:45.2,46.16 2 0
github.com/go-park-mail-ru/2026_1_ARIS/internal/service/auth/auth.go:46.16,48.3 1 0
github.com/go-park-mail-ru/2026_1_ARIS/internal/service/auth/auth.go:49.2,49.54 1 0
github.com/go-park-mail-ru/2026_1_ARIS/internal/service/auth/auth.go:49.54,51.3 1 0
github.com/go-park-mail-ru/2026_1_ARIS/internal/service/auth/auth.go:53.2,54.16 2 0
github.com/go-park-mail-ru/2026_1_ARIS/internal/service/auth/auth.go:54.16,56.3 1 0
github.com/go-park-mail-ru/2026_1_ARIS/internal/service/auth/auth.go:58.2,61.21 2 0
github.com/go-park-mail-ru/2026_1_ARIS/internal/service/auth/auth.go:64.103,68.16 3 0
github.com/go-park-mail-ru/2026_1_ARIS/internal/service/auth/auth.go:68.16,70.3 1 0
github.com/go-park-mail-ru/2026_1_ARIS/internal/service/auth/auth.go:72.2,73.16 2 0
github.com/go-park-mail-ru/2026_1_ARIS/internal/service/auth/auth.go:73.16,75.3 1 0
github.com/go-park-mail-ru/2026_1_ARIS/internal/service/auth/auth.go:78.2,78.18 1 0
github.com/go-park-mail-ru/2026_1_ARIS/internal/service/auth/auth.go:81.131,86.71 3 0
github.com/go-park-mail-ru/2026_1_ARIS/internal/service/auth/auth.go:86.71,88.3 1 0
github.com/go-park-mail-ru/2026_1_ARIS/internal/service/auth/auth.go:90.2,90.23 1 0
github.com/go-park-mail-ru/2026_1_ARIS/internal/service/auth/auth.go:93.244,103.2 7 0
github.com/go-park-mail-ru/2026_1_ARIS/internal/service/media/media.go:22.104,27.2 1 0
github.com/go-park-mail-ru/2026_1_ARIS/internal/service/media/media.go:29.99,30.21 1 0
github.com/go-park-mail-ru/2026_1_ARIS/internal/service/media/media.go:30.21,32.3 1 0
github.com/go-park-mail-ru/2026_1_ARIS/internal/service/media/media.go:34.2,35.16 2 0
github.com/go-park-mail-ru/2026_1_ARIS/internal/service/media/media.go:35.16,37.3 1 0
github.com/go-park-mail-ru/2026_1_ARIS/internal/service/media/media.go:39.2,39.31 1 0
github.com/go-park-mail-ru/2026_1_ARIS/internal/service/media/media.go:39.31,41.3 1 0
github.com/go-park-mail-ru/2026_1_ARIS/internal/service/media/media.go:43.2,43.19 1 0
github.com/go-park-mail-ru/2026_1_ARIS/internal/service/media/media.go:46.92,51.35 3 0
github.com/go-park-mail-ru/2026_1_ARIS/internal/service/media/media.go:51.35,53.17 2 0
github.com/go-park-mail-ru/2026_1_ARIS/internal/service/media/media.go:53.17,55.4 1 0
github.com/go-park-mail-ru/2026_1_ARIS/internal/service/media/media.go:58.2,58.15 1 0
github.com/go-park-mail-ru/2026_1_ARIS/internal/service/mocks/auth_mock.go:28.67,32.2 3 0
github.com/go-park-mail-ru/2026_1_ARIS/internal/service/mocks/auth_mock.go:35.65,37.2 1 0
github.com/go-park-mail-ru/2026_1_ARIS/internal/service/mocks/auth_mock.go:40.208,46.2 5 0
github.com/go-park-mail-ru/2026_1_ARIS/internal/service/mocks/auth_mock.go:49.154,52.2 2 0
github.com/go-park-mail-ru/2026_1_ARIS/internal/service/mocks/auth_mock.go:55.103,61.2 5 0
github.com/go-park-mail-ru/2026_1_ARIS/internal/service/mocks/auth_mock.go:64.89,67.2 2 0
github.com/go-park-mail-ru/2026_1_ARIS/internal/service/mocks/auth_mock.go:70.140,76.2 5 0
github.com/go-park-mail-ru/2026_1_ARIS/internal/service/mocks/auth_mock.go:79.116,82.2 2 0
github.com/go-park-mail-ru/2026_1_ARIS/internal/service/mocks/auth_mock.go:85.125,91.2 5 0
github.com/go-park-mail-ru/2026_1_ARIS/internal/service/mocks/auth_mock.go:94.113,97.2 2 0
github.com/go-park-mail-ru/2026_1_ARIS/internal/service/mocks/session_mock.go:27.73,31.2 3 0
github.com/go-park-mail-ru/2026_1_ARIS/internal/service/mocks/session_mock.go:34.71,36.2 1 0
github.com/go-park-mail-ru/2026_1_ARIS/internal/service/mocks/session_mock.go:39.96,45.2 5 0
github.com/go-park-mail-ru/2026_1_ARIS/internal/service/mocks/session_mock.go:48.87,51.2 2 0
github.com/go-park-mail-ru/2026_1_ARIS/internal/service/mocks/session_mock.go:54.88,59.2 4 0
github.com/go-park-mail-ru/2026_1_ARIS/internal/service/mocks/session_mock.go:62.87,65.2 2 0
github.com/go-park-mail-ru/2026_1_ARIS/internal/service/mocks/session_mock.go:68.104,74.2 5 0
github.com/go-park-mail-ru/2026_1_ARIS/internal/service/mocks/session_mock.go:77.84,80.2 2 0
github.com/go-park-mail-ru/2026_1_ARIS/internal/service/mocks/user_mock.go:30.67,34.2 3 0
github.com/go-park-mail-ru/2026_1_ARIS/internal/service/mocks/user_mock.go:37.65,39.2 1 0
github.com/go-park-mail-ru/2026_1_ARIS/internal/service/mocks/user_mock.go:42.196,48.2 5 0
github.com/go-park-mail-ru/2026_1_ARIS/internal/service/mocks/user_mock.go:51.147,54.2 2 0
github.com/go-park-mail-ru/2026_1_ARIS/internal/service/mocks/user_mock.go:57.93,63.2 5 0
github.com/go-park-mail-ru/2026_1_ARIS/internal/service/mocks/user_mock.go:66.87,69.2 2 0
github.com/go-park-mail-ru/2026_1_ARIS/internal/service/mocks/user_mock.go:72.97,78.2 5 0
github.com/go-park-mail-ru/2026_1_ARIS/internal/service/mocks/user_mock.go:81.93,84.2 2 0
github.com/go-park-mail-ru/2026_1_ARIS/internal/service/mocks/user_mock.go:87.105,93.2 5 0
github.com/go-park-mail-ru/2026_1_ARIS/internal/service/mocks/user_mock.go:96.95,99.2 2 0
github.com/go-park-mail-ru/2026_1_ARIS/internal/service/mocks/user_mock.go:102.116,108.2 5 0
github.com/go-park-mail-ru/2026_1_ARIS/internal/service/mocks/user_mock.go:111.103,114.2 2 0
github.com/go-park-mail-ru/2026_1_ARIS/internal/service/mocks/user_mock.go:117.125,123.2 5 0
github.com/go-park-mail-ru/2026_1_ARIS/internal/service/mocks/user_mock.go:126.108,129.2 2 0
github.com/go-park-mail-ru/2026_1_ARIS/internal/service/mocks/user_mock.go:132.120,138.2 5 0
github.com/go-park-mail-ru/2026_1_ARIS/internal/service/mocks/user_mock.go:141.107,144.2 2 0
github.com/go-park-mail-ru/2026_1_ARIS/internal/service/mocks/user_mock.go:147.98,152.2 4 0
github.com/go-park-mail-ru/2026_1_ARIS/internal/service/mocks/user_mock.go:155.95,158.2 2 0
github.com/go-park-mail-ru/2026_1_ARIS/internal/service/mocks/user_mock.go:161.116,167.2 5 0
github.com/go-park-mail-ru/2026_1_ARIS/internal/service/mocks/user_mock.go:170.103,173.2 2 0
github.com/go-park-mail-ru/2026_1_ARIS/internal/service/mocks/user_mock.go:176.120,182.2 5 0
github.com/go-park-mail-ru/2026_1_ARIS/internal/service/mocks/user_mock.go:185.107,188.2 2 0
github.com/go-park-mail-ru/2026_1_ARIS/internal/service/mocks/user_mock.go:191.125,197.2 5 0
github.com/go-park-mail-ru/2026_1_ARIS/internal/service/mocks/user_mock.go:200.108,203.2 2 0
github.com/go-park-mail-ru/2026_1_ARIS/internal/service/mocks/user_mock.go:206.113,212.2 5 0
github.com/go-park-mail-ru/2026_1_ARIS/internal/service/mocks/user_mock.go:215.100,218.2 2 0
github.com/go-park-mail-ru/2026_1_ARIS/internal/service/mocks/user_mock.go:221.120,227.2 5 0
github.com/go-park-mail-ru/2026_1_ARIS/internal/service/mocks/user_mock.go:230.107,233.2 2 0
github.com/go-park-mail-ru/2026_1_ARIS/internal/service/post/post.go:53.38,62.2 1 0
github.com/go-park-mail-ru/2026_1_ARIS/internal/service/post/post.go:65.187,66.31 1 0
github.com/go-park-mail-ru/2026_1_ARIS/internal/service/post/post.go:66.31,68.3 1 0
github.com/go-park-mail-ru/2026_1_ARIS/internal/service/post/post.go:70.2,72.21 2 0
github.com/go-park-mail-ru/2026_1_ARIS/internal/service/post/post.go:72.21,74.17 2 0
github.com/go-park-mail-ru/2026_1_ARIS/internal/service/post/post.go:74.17,76.4 1 0
github.com/go-park-mail-ru/2026_1_ARIS/internal/service/post/post.go:78.3,78.17 1 0
github.com/go-park-mail-ru/2026_1_ARIS/internal/service/post/post.go:81.2,84.16 3 0
github.com/go-park-mail-ru/2026_1_ARIS/internal/service/post/post.go:84.16,86.3 1 0
github.com/go-park-mail-ru/2026_1_ARIS/internal/service/post/post.go:88.2,90.29 2 0
github.com/go-park-mail-ru/2026_1_ARIS/internal/service/post/post.go:90.29,91.24 1 0
github.com/go-park-mail-ru/2026_1_ARIS/internal/service/post/post.go:91.24,92.12 1 0
github.com/go-park-mail-ru/2026_1_ARIS/internal/service/post/post.go:94.3,94.36 1 0
github.com/go-park-mail-ru/2026_1_ARIS/internal/service/post/post.go:97.2,100.13 3 0
github.com/go-park-mail-ru/2026_1_ARIS/internal/service/post/post.go:100.13,102.3 1 0
github.com/go-park-mail-ru/2026_1_ARIS/internal/service/post/post.go:104.2,105.31 2 0
github.com/go-park-mail-ru/2026_1_ARIS/internal/service/post/post.go:105.31,111.3 2 0
github.com/go-park-mail-ru/2026_1_ARIS/internal/service/post/post.go:113.2,117.8 1 0
github.com/go-park-mail-ru/2026_1_ARIS/internal/service/post/post.go:121.101,123.2 1 0
github.com/go-park-mail-ru/2026_1_ARIS/internal/service/post/post.go:126.107,128.2 1 0
github.com/go-park-mail-ru/2026_1_ARIS/internal/service/post/post.go:130.97,132.16 2 0
github.com/go-park-mail-ru/2026_1_ARIS/internal/service/post/post.go:132.16,134.3 1 0
github.com/go-park-mail-ru/2026_1_ARIS/internal/service/post/post.go:136.2,139.16 3 0
github.com/go-park-mail-ru/2026_1_ARIS/internal/service/post/post.go:139.16,141.3 1 0
github.com/go-park-mail-ru/2026_1_ARIS/internal/service/post/post.go:143.2,143.21 1 0
github.com/go-park-mail-ru/2026_1_ARIS/internal/service/post/post.go:146.82,148.2 1 0
github.com/go-park-mail-ru/2026_1_ARIS/internal/service/post/post.go:150.75,152.2 1 0
github.com/go-park-mail-ru/2026_1_ARIS/internal/service/post/post.go:154.78,156.2 1 0
github.com/go-park-mail-ru/2026_1_ARIS/internal/service/post/post.go:158.77,160.2 1 0
github.com/go-park-mail-ru/2026_1_ARIS/internal/service/post/post.go:163.89,165.2 1 0
github.com/go-park-mail-ru/2026_1_ARIS/internal/service/post/post.go:168.83,170.2 1 0
github.com/go-park-mail-ru/2026_1_ARIS/internal/service/post/post.go:173.103,175.16 2 0
github.com/go-park-mail-ru/2026_1_ARIS/internal/service/post/post.go:175.16,177.3 1 0
github.com/go-park-mail-ru/2026_1_ARIS/internal/service/post/post.go:179.2,179.56 1 0
github.com/go-park-mail-ru/2026_1_ARIS/internal/service/post/post.go:179.56,180.38 1 0
github.com/go-park-mail-ru/2026_1_ARIS/internal/service/post/post.go:180.38,182.4 1 0
github.com/go-park-mail-ru/2026_1_ARIS/internal/service/post/post.go:182.9,182.44 1 0
github.com/go-park-mail-ru/2026_1_ARIS/internal/service/post/post.go:182.44,184.4 1 0
github.com/go-park-mail-ru/2026_1_ARIS/internal/service/post/post.go:185.3,185.11 1 0
github.com/go-park-mail-ru/2026_1_ARIS/internal/service/post/post.go:188.2,190.26 2 0
github.com/go-park-mail-ru/2026_1_ARIS/internal/service/post/post.go:190.26,191.29 1 0
github.com/go-park-mail-ru/2026_1_ARIS/internal/service/post/post.go:191.29,193.4 1 0
github.com/go-park-mail-ru/2026_1_ARIS/internal/service/post/post.go:193.9,195.4 1 0
github.com/go-park-mail-ru/2026_1_ARIS/internal/service/post/post.go:198.2,198.30 1 0
github.com/go-park-mail-ru/2026_1_ARIS/internal/service/post/post.go:198.30,199.96 1 0
github.com/go-park-mail-ru/2026_1_ARIS/internal/service/post/post.go:199.96,200.32 1 0
github.com/go-park-mail-ru/2026_1_ARIS/internal/service/post/post.go:200.32,202.5 1 0
github.com/go-park-mail-ru/2026_1_ARIS/internal/service/post/post.go:203.4,203.38 1 0
github.com/go-park-mail-ru/2026_1_ARIS/internal/service/post/post.go:207.2,207.41 1 0
github.com/go-park-mail-ru/2026_1_ARIS/internal/service/post/post.go:211.109,215.16 3 0
github.com/go-park-mail-ru/2026_1_ARIS/internal/service/post/post.go:215.16,217.3 1 0
github.com/go-park-mail-ru/2026_1_ARIS/internal/service/post/post.go:219.2,219.29 1 0
github.com/go-park-mail-ru/2026_1_ARIS/internal/service/post/post.go:219.29,220.21 1 0
github.com/go-park-mail-ru/2026_1_ARIS/internal/service/post/post.go:220.21,222.4 1 0
github.com/go-park-mail-ru/2026_1_ARIS/internal/service/post/post.go:225.2,225.56 1 0
github.com/go-park-mail-ru/2026_1_ARIS/internal/service/post/post.go:225.56,226.38 1 0
github.com/go-park-mail-ru/2026_1_ARIS/internal/service/post/post.go:226.38,228.4 1 0
github.com/go-park-mail-ru/2026_1_ARIS/internal/service/post/post.go:228.9,228.44 1 0
github.com/go-park-mail-ru/2026_1_ARIS/internal/service/post/post.go:228.44,230.4 1 0
github.com/go-park-mail-ru/2026_1_ARIS/internal/service/post/post.go:231.3,231.11 1 0
github.com/go-park-mail-ru/2026_1_ARIS/internal/service/post/post.go:234.2,236.26 2 0
github.com/go-park-mail-ru/2026_1_ARIS/internal/service/post/post.go:236.26,237.29 1 0
github.com/go-park-mail-ru/2026_1_ARIS/internal/service/post/post.go:237.29,239.4 1 0
github.com/go-park-mail-ru/2026_1_ARIS/internal/service/post/post.go:239.9,241.4 1 0
github.com/go-park-mail-ru/2026_1_ARIS/internal/service/post/post.go:244.2,244.30 1 0
github.com/go-park-mail-ru/2026_1_ARIS/internal/service/post/post.go:244.30,245.96 1 0
github.com/go-park-mail-ru/2026_1_ARIS/internal/service/post/post.go:245.96,246.32 1 0
github.com/go-park-mail-ru/2026_1_ARIS/internal/service/post/post.go:246.32,248.5 1 0
github.com/go-park-mail-ru/2026_1_ARIS/internal/service/post/post.go:249.4,249.38 1 0
github.com/go-park-mail-ru/2026_1_ARIS/internal/service/post/post.go:253.2,253.41 1 0
github.com/go-park-mail-ru/2026_1_ARIS/internal/service/session/session.go:24.65,28.2 1 0
github.com/go-park-mail-ru/2026_1_ARIS/internal/service/session/session.go:29.88,31.2 1 0
github.com/go-park-mail-ru/2026_1_ARIS/internal/service/session/session.go:32.62,33.17 1 0
github.com/go-park-mail-ru/2026_1_ARIS/internal/service/session/session.go:33.17,35.3 1 0
github.com/go-park-mail-ru/2026_1_ARIS/internal/service/session/session.go:36.2,36.12 1 0
github.com/go-park-mail-ru/2026_1_ARIS/internal/service/session/session.go:41.93,42.50 1 0
github.com/go-park-mail-ru/2026_1_ARIS/internal/service/session/session.go:42.50,44.3 1 0
github.com/go-park-mail-ru/2026_1_ARIS/internal/service/session/session.go:46.2,54.19 3 0
github.com/go-park-mail-ru/2026_1_ARIS/internal/service/session/session.go:57.104,59.2 1 0
github.com/go-park-mail-ru/2026_1_ARIS/internal/service/user/user.go:45.156,51.2 1 0
github.com/go-park-mail-ru/2026_1_ARIS/internal/service/user/user.go:53.228,59.16 5 0
github.com/go-park-mail-ru/2026_1_ARIS/internal/service/user/user.go:59.16,61.3 1 0
github.com/go-park-mail-ru/2026_1_ARIS/internal/service/user/user.go:63.2,64.16 2 0
github.com/go-park-mail-ru/2026_1_ARIS/internal/service/user/user.go:64.16,66.3 1 0
github.com/go-park-mail-ru/2026_1_ARIS/internal/service/user/user.go:68.2,69.16 2 0
github.com/go-park-mail-ru/2026_1_ARIS/internal/service/user/user.go:69.16,71.3 1 0
github.com/go-park-mail-ru/2026_1_ARIS/internal/service/user/user.go:75.2,75.21 1 0
github.com/go-park-mail-ru/2026_1_ARIS/internal/service/user/user.go:78.96,81.2 2 0
github.com/go-park-mail-ru/2026_1_ARIS/internal/service/user/user.go:83.116,85.2 1 0
github.com/go-park-mail-ru/2026_1_ARIS/internal/service/user/user.go:87.124,89.2 1 0
github.com/go-park-mail-ru/2026_1_ARIS/internal/service/user/user.go:91.110,93.2 1 0
github.com/go-park-mail-ru/2026_1_ARIS/internal/service/user/user.go:95.124,97.16 2 0
github.com/go-park-mail-ru/2026_1_ARIS/internal/service/user/user.go:97.16,99.3 1 0
github.com/go-park-mail-ru/2026_1_ARIS/internal/service/user/user.go:101.2,102.16 2 0
github.com/go-park-mail-ru/2026_1_ARIS/internal/service/user/user.go:102.16,104.3 1 0
github.com/go-park-mail-ru/2026_1_ARIS/internal/service/user/user.go:106.2,106.25 1 0
github.com/go-park-mail-ru/2026_1_ARIS/internal/service/user/user.go:109.116,111.16 2 0
github.com/go-park-mail-ru/2026_1_ARIS/internal/service/user/user.go:111.16,113.3 1 0
github.com/go-park-mail-ru/2026_1_ARIS/internal/service/user/user.go:115.2,116.16 2 0
github.com/go-park-mail-ru/2026_1_ARIS/internal/service/user/user.go:116.16,118.3 1 0
github.com/go-park-mail-ru/2026_1_ARIS/internal/service/user/user.go:120.2,120.25 1 0
github.com/go-park-mail-ru/2026_1_ARIS/internal/service/user/user.go:124.116,126.16 2 0
github.com/go-park-mail-ru/2026_1_ARIS/internal/service/user/user.go:126.16,128.3 1 0
github.com/go-park-mail-ru/2026_1_ARIS/internal/service/user/user.go:130.2,131.16 2 0
github.com/go-park-mail-ru/2026_1_ARIS/internal/service/user/user.go:131.16,133.3 1 0
github.com/go-park-mail-ru/2026_1_ARIS/internal/service/user/user.go:135.2,138.35 3 0
github.com/go-park-mail-ru/2026_1_ARIS/internal/service/user/user.go:138.35,139.37 1 0
github.com/go-park-mail-ru/2026_1_ARIS/internal/service/user/user.go:139.37,140.12 1 0
github.com/go-park-mail-ru/2026_1_ARIS/internal/service/user/user.go:142.3,143.17 2 0
github.com/go-park-mail-ru/2026_1_ARIS/internal/service/user/user.go:143.17,144.12 1 0
github.com/go-park-mail-ru/2026_1_ARIS/internal/service/user/user.go:147.3,147.44 1 0
github.com/go-park-mail-ru/2026_1_ARIS/internal/service/user/user.go:147.44,148.12 1 0
github.com/go-park-mail-ru/2026_1_ARIS/internal/service/user/user.go:151.3,151.39 1 0
github.com/go-park-mail-ru/2026_1_ARIS/internal/service/user/user.go:154.2,154.40 1 0
github.com/go-park-mail-ru/2026_1_ARIS/internal/service/user/user.go:154.40,155.46 1 0
github.com/go-park-mail-ru/2026_1_ARIS/internal/service/user/user.go:155.46,157.4 1 0
github.com/go-park-mail-ru/2026_1_ARIS/internal/service/user/user.go:158.3,158.23 1 0
github.com/go-park-mail-ru/2026_1_ARIS/internal/service/user/user.go:161.2,161.45 1 0
github.com/go-park-mail-ru/2026_1_ARIS/internal/service/user/user.go:161.45,163.3 1 0
github.com/go-park-mail-ru/2026_1_ARIS/internal/service/user/user.go:165.2,165.42 1 0
github.com/go-park-mail-ru/2026_1_ARIS/internal/service/user/user.go:169.92,171.16 2 0
github.com/go-park-mail-ru/2026_1_ARIS/internal/service/user/user.go:171.16,173.3 1 0
github.com/go-park-mail-ru/2026_1_ARIS/internal/service/user/user.go:175.2,183.38 3 0
github.com/go-park-mail-ru/2026_1_ARIS/internal/service/user/user.go:183.38,185.17 2 0
github.com/go-park-mail-ru/2026_1_ARIS/internal/service/user/user.go:185.17,186.12 1 0
github.com/go-park-mail-ru/2026_1_ARIS/internal/service/user/user.go:188.3,188.53 1 0
github.com/go-park-mail-ru/2026_1_ARIS/internal/service/user/user.go:191.2,192.43 2 0
github.com/go-park-mail-ru/2026_1_ARIS/internal/service/user/user.go:192.43,194.9 2 0
github.com/go-park-mail-ru/2026_1_ARIS/internal/service/user/user.go:194.9,196.4 1 0
github.com/go-park-mail-ru/2026_1_ARIS/internal/service/user/user.go:199.2,199.20 1 0
github.com/go-park-mail-ru/2026_1_ARIS/internal/service/user/user.go:203.83,205.16 2 0
github.com/go-park-mail-ru/2026_1_ARIS/internal/service/user/user.go:205.16,207.3 1 0
github.com/go-park-mail-ru/2026_1_ARIS/internal/service/user/user.go:209.2,219.38 3 0
github.com/go-park-mail-ru/2026_1_ARIS/internal/service/user/user.go:219.38,221.17 2 0
github.com/go-park-mail-ru/2026_1_ARIS/internal/service/user/user.go:221.17,222.12 1 0
github.com/go-park-mail-ru/2026_1_ARIS/internal/service/user/user.go:224.3,224.53 1 0
github.com/go-park-mail-ru/2026_1_ARIS/internal/service/user/user.go:227.2,228.33 2 0
github.com/go-park-mail-ru/2026_1_ARIS/internal/service/user/user.go:228.33,230.9 2 0
github.com/go-park-mail-ru/2026_1_ARIS/internal/service/user/user.go:230.9,235.4 1 0
github.com/go-park-mail-ru/2026_1_ARIS/internal/service/user/user.go:238.2,238.20 1 0
github.com/go-park-mail-ru/2026_1_ARIS/internal/service/user/user.go:241.130,243.16 2 0
github.com/go-park-mail-ru/2026_1_ARIS/internal/service/user/user.go:243.16,245.3 1 0
github.com/go-park-mail-ru/2026_1_ARIS/internal/service/user/user.go:247.2,248.16 2 0
github.com/go-park-mail-ru/2026_1_ARIS/internal/service/user/user.go:248.16,250.3 1 0
github.com/go-park-mail-ru/2026_1_ARIS/internal/service/user/user.go:252.2,252.25 1 0
github.com/go-park-mail-ru/2026_1_ARIS/internal/service/user/user.go:255.130,257.2 1 0
github.com/go-park-mail-ru/2026_1_ARIS/internal/service/user/user.go:259.124,261.16 2 0
github.com/go-park-mail-ru/2026_1_ARIS/internal/service/user/user.go:261.16,263.3 1 0
github.com/go-park-mail-ru/2026_1_ARIS/internal/service/user/user.go:265.2,266.16 2 0
github.com/go-park-mail-ru/2026_1_ARIS/internal/service/user/user.go:266.16,268.3 1 0
github.com/go-park-mail-ru/2026_1_ARIS/internal/service/user/user.go:270.2,270.25 1 0
github.com/go-park-mail-ru/2026_1_ARIS/internal/utils/mock_data.go:23.32,420.2 251 0
github.com/go-park-mail-ru/2026_1_ARIS/internal/utils/write_error.go:8.66,14.2 3 0
github.com/go-park-mail-ru/2026_1_ARIS/internal/utils/config/config.go:22.37,26.16 3 0
github.com/go-park-mail-ru/2026_1_ARIS/internal/utils/config/config.go:26.16,29.3 2 0
github.com/go-park-mail-ru/2026_1_ARIS/internal/utils/config/config.go:31.2,31.20 1 0
github.com/go-park-mail-ru/2026_1_ARIS/internal/utils/connect_db/connect.go:9.58,10.26 1 0
github.com/go-park-mail-ru/2026_1_ARIS/internal/utils/connect_db/connect.go:10.26,12.3 1 0
github.com/go-park-mail-ru/2026_1_ARIS/internal/utils/connect_db/connect.go:13.2,13.311 1 0
github.com/go-park-mail-ru/2026_1_ARIS/internal/handler/auth/auth.go:76.124,82.2 1 0
github.com/go-park-mail-ru/2026_1_ARIS/internal/handler/auth/auth.go:97.72,99.61 2 0
github.com/go-park-mail-ru/2026_1_ARIS/internal/handler/auth/auth.go:99.61,102.3 2 0
github.com/go-park-mail-ru/2026_1_ARIS/internal/handler/auth/auth.go:104.2,104.45 1 0
github.com/go-park-mail-ru/2026_1_ARIS/internal/handler/auth/auth.go:104.45,107.3 2 0
github.com/go-park-mail-ru/2026_1_ARIS/internal/handler/auth/auth.go:109.2,109.36 1 0
github.com/go-park-mail-ru/2026_1_ARIS/internal/handler/auth/auth.go:109.36,112.3 2 0
github.com/go-park-mail-ru/2026_1_ARIS/internal/handler/auth/auth.go:114.2,125.16 3 0
github.com/go-park-mail-ru/2026_1_ARIS/internal/handler/auth/auth.go:125.16,128.17 2 0
github.com/go-park-mail-ru/2026_1_ARIS/internal/handler/auth/auth.go:129.22,130.68 1 0
github.com/go-park-mail-ru/2026_1_ARIS/internal/handler/auth/auth.go:131.27,132.71 1 0
github.com/go-park-mail-ru/2026_1_ARIS/internal/handler/auth/auth.go:133.20,134.67 1 0
github.com/go-park-mail-ru/2026_1_ARIS/internal/handler/auth/auth.go:135.11,136.80 1 0
github.com/go-park-mail-ru/2026_1_ARIS/internal/handler/auth/auth.go:138.3,138.9 1 0
github.com/go-park-mail-ru/2026_1_ARIS/internal/handler/auth/auth.go:141.2,142.16 2 0
github.com/go-park-mail-ru/2026_1_ARIS/internal/handler/auth/auth.go:142.16,145.3 2 0
github.com/go-park-mail-ru/2026_1_ARIS/internal/handler/auth/auth.go:146.2,147.16 2 0
github.com/go-park-mail-ru/2026_1_ARIS/internal/handler/auth/auth.go:147.16,150.3 2 0
github.com/go-park-mail-ru/2026_1_ARIS/internal/handler/auth/auth.go:152.2,153.16 2 0
github.com/go-park-mail-ru/2026_1_ARIS/internal/handler/auth/auth.go:153.16,156.3 2 0
github.com/go-park-mail-ru/2026_1_ARIS/internal/handler/auth/auth.go:158.2,167.36 3 0
github.com/go-park-mail-ru/2026_1_ARIS/internal/handler/auth/auth.go:183.69,185.61 2 0
github.com/go-park-mail-ru/2026_1_ARIS/internal/handler/auth/auth.go:185.61,188.3 2 0
github.com/go-park-mail-ru/2026_1_ARIS/internal/handler/auth/auth.go:190.2,191.16 2 0
github.com/go-park-mail-ru/2026_1_ARIS/internal/handler/auth/auth.go:191.16,194.3 2 0
github.com/go-park-mail-ru/2026_1_ARIS/internal/handler/auth/auth.go:196.2,197.16 2 0
github.com/go-park-mail-ru/2026_1_ARIS/internal/handler/auth/auth.go:197.16,199.32 2 0
github.com/go-park-mail-ru/2026_1_ARIS/internal/handler/auth/auth.go:199.32,202.4 2 0
github.com/go-park-mail-ru/2026_1_ARIS/internal/handler/auth/auth.go:204.3,205.9 2 0
github.com/go-park-mail-ru/2026_1_ARIS/internal/handler/auth/auth.go:208.2,209.16 2 0
github.com/go-park-mail-ru/2026_1_ARIS/internal/handler/auth/auth.go:209.16,212.3 2 0
github.com/go-park-mail-ru/2026_1_ARIS/internal/handler/auth/auth.go:214.2,231.42 5 0
github.com/go-park-mail-ru/2026_1_ARIS/internal/handler/auth/auth.go:242.70,244.16 2 0
github.com/go-park-mail-ru/2026_1_ARIS/internal/handler/auth/auth.go:244.16,248.3 3 0
github.com/go-park-mail-ru/2026_1_ARIS/internal/handler/auth/auth.go:250.2,265.79 6 0
github.com/go-park-mail-ru/2026_1_ARIS/internal/handler/auth/auth.go:277.66,279.26 2 0
github.com/go-park-mail-ru/2026_1_ARIS/internal/handler/auth/auth.go:279.26,283.3 3 0
github.com/go-park-mail-ru/2026_1_ARIS/internal/handler/auth/auth.go:285.2,286.9 2 0
github.com/go-park-mail-ru/2026_1_ARIS/internal/handler/auth/auth.go:286.9,290.3 3 0
github.com/go-park-mail-ru/2026_1_ARIS/internal/handler/auth/auth.go:294.2,296.16 2 0
github.com/go-park-mail-ru/2026_1_ARIS/internal/handler/auth/auth.go:296.16,299.3 2 0
github.com/go-park-mail-ru/2026_1_ARIS/internal/handler/auth/auth.go:301.2,303.40 3 0
github.com/go-park-mail-ru/2026_1_ARIS/internal/handler/auth/auth.go:317.87,319.61 2 0
github.com/go-park-mail-ru/2026_1_ARIS/internal/handler/auth/auth.go:319.61,322.3 2 0
github.com/go-park-mail-ru/2026_1_ARIS/internal/handler/auth/auth.go:324.2,326.45 2 0
github.com/go-park-mail-ru/2026_1_ARIS/internal/handler/auth/auth.go:326.45,327.22 1 0
github.com/go-park-mail-ru/2026_1_ARIS/internal/handler/auth/auth.go:327.22,329.4 1 0
github.com/go-park-mail-ru/2026_1_ARIS/internal/handler/auth/auth.go:330.3,330.26 1 0
github.com/go-park-mail-ru/2026_1_ARIS/internal/handler/auth/auth.go:330.26,332.4 1 0
github.com/go-park-mail-ru/2026_1_ARIS/internal/handler/auth/auth.go:333.3,333.26 1 0
github.com/go-park-mail-ru/2026_1_ARIS/internal/handler/auth/auth.go:333.26,335.4 1 0
github.com/go-park-mail-ru/2026_1_ARIS/internal/handler/auth/auth.go:338.2,338.51 1 0
github.com/go-park-mail-ru/2026_1_ARIS/internal/handler/auth/auth.go:338.51,340.3 1 0
github.com/go-park-mail-ru/2026_1_ARIS/internal/handler/auth/auth.go:342.2,342.52 1 0
github.com/go-park-mail-ru/2026_1_ARIS/internal/handler/auth/auth.go:342.52,344.3 1 0
github.com/go-park-mail-ru/2026_1_ARIS/internal/handler/auth/auth.go:346.2,346.59 1 0
github.com/go-park-mail-ru/2026_1_ARIS/internal/handler/auth/auth.go:346.59,348.3 1 0
github.com/go-park-mail-ru/2026_1_ARIS/internal/handler/auth/auth.go:350.2,350.21 1 0
github.com/go-park-mail-ru/2026_1_ARIS/internal/handler/auth/auth.go:350.21,351.25 1 0
github.com/go-park-mail-ru/2026_1_ARIS/internal/handler/auth/auth.go:351.25,353.4 1 0
github.com/go-park-mail-ru/2026_1_ARIS/internal/handler/auth/auth.go:353.9,353.33 1 0
github.com/go-park-mail-ru/2026_1_ARIS/internal/handler/auth/auth.go:353.33,355.4 1 0
github.com/go-park-mail-ru/2026_1_ARIS/internal/handler/auth/auth.go:358.2,358.25 1 0
github.com/go-park-mail-ru/2026_1_ARIS/internal/handler/auth/auth.go:358.25,365.17 2 0
github.com/go-park-mail-ru/2026_1_ARIS/internal/handler/auth/auth.go:365.17,368.4 2 0
github.com/go-park-mail-ru/2026_1_ARIS/internal/handler/auth/auth.go:370.3,370.41 1 0
github.com/go-park-mail-ru/2026_1_ARIS/internal/handler/auth/auth.go:370.41,372.4 1 0
github.com/go-park-mail-ru/2026_1_ARIS/internal/handler/auth/auth.go:375.2,380.4 3 0
github.com/go-park-mail-ru/2026_1_ARIS/internal/handler/feed/feed.go:63.134,69.2 1 0
github.com/go-park-mail-ru/2026_1_ARIS/internal/handler/feed/feed.go:85.71,86.32 1 0
github.com/go-park-mail-ru/2026_1_ARIS/internal/handler/feed/feed.go:86.32,89.3 2 0
github.com/go-park-mail-ru/2026_1_ARIS/internal/handler/feed/feed.go:91.2,97.46 4 0
github.com/go-park-mail-ru/2026_1_ARIS/internal/handler/feed/feed.go:97.46,99.17 2 0
github.com/go-park-mail-ru/2026_1_ARIS/internal/handler/feed/feed.go:99.17,102.4 2 0
github.com/go-park-mail-ru/2026_1_ARIS/internal/handler/feed/feed.go:103.3,103.17 1 0
github.com/go-park-mail-ru/2026_1_ARIS/internal/handler/feed/feed.go:106.2,107.16 2 0
github.com/go-park-mail-ru/2026_1_ARIS/internal/handler/feed/feed.go:107.16,110.3 2 0
github.com/go-park-mail-ru/2026_1_ARIS/internal/handler/feed/feed.go:112.2,115.34 2 0
github.com/go-park-mail-ru/2026_1_ARIS/internal/handler/feed/feed.go:115.34,117.17 2 0
github.com/go-park-mail-ru/2026_1_ARIS/internal/handler/feed/feed.go:117.17,120.4 2 0
github.com/go-park-mail-ru/2026_1_ARIS/internal/handler/feed/feed.go:122.3,124.33 2 0
github.com/go-park-mail-ru/2026_1_ARIS/internal/handler/feed/feed.go:124.33,126.18 2 0
github.com/go-park-mail-ru/2026_1_ARIS/internal/handler/feed/feed.go:126.18,129.5 2 0
github.com/go-park-mail-ru/2026_1_ARIS/internal/handler/feed/feed.go:130.4,130.40 1 0
github.com/go-park-mail-ru/2026_1_ARIS/internal/handler/feed/feed.go:133.3,134.17 2 0
github.com/go-park-mail-ru/2026_1_ARIS/internal/handler/feed/feed.go:134.17,137.4 2 0
github.com/go-park-mail-ru/2026_1_ARIS/internal/handler/feed/feed.go:139.3,140.17 2 0
github.com/go-park-mail-ru/2026_1_ARIS/internal/handler/feed/feed.go:140.17,143.4 2 0
github.com/go-park-mail-ru/2026_1_ARIS/internal/handler/feed/feed.go:145.3,156.32 4 0
github.com/go-park-mail-ru/2026_1_ARIS/internal/handler/feed/feed.go:156.32,162.4 1 0
github.com/go-park-mail-ru/2026_1_ARIS/internal/handler/feed/feed.go:164.3,177.5 4 0
github.com/go-park-mail-ru/2026_1_ARIS/internal/handler/feed/feed.go:180.2,186.37 2 0
github.com/go-park-mail-ru/2026_1_ARIS/internal/handler/feed/feed.go:189.79,199.40 2 0
github.com/go-park-mail-ru/2026_1_ARIS/internal/handler/feed/feed.go:199.40,201.3 1 0
github.com/go-park-mail-ru/2026_1_ARIS/internal/handler/feed/feed.go:203.2,208.4 3 0
github.com/go-park-mail-ru/2026_1_ARIS/internal/handler/feed/feed.go:211.85,223.2 3 0
github.com/go-park-mail-ru/2026_1_ARIS/internal/handler/feed/feed.go:225.77,226.32 1 0
github.com/go-park-mail-ru/2026_1_ARIS/internal/handler/feed/feed.go:226.32,229.3 2 0
github.com/go-park-mail-ru/2026_1_ARIS/internal/handler/feed/feed.go:231.2,237.46 4 0
github.com/go-park-mail-ru/2026_1_ARIS/internal/handler/feed/feed.go:237.46,239.17 2 0
github.com/go-park-mail-ru/2026_1_ARIS/internal/handler/feed/feed.go:239.17,242.4 2 0
github.com/go-park-mail-ru/2026_1_ARIS/internal/handler/feed/feed.go:243.3,243.17 1 0
github.com/go-park-mail-ru/2026_1_ARIS/internal/handler/feed/feed.go:246.2,248.21 2 0
github.com/go-park-mail-ru/2026_1_ARIS/internal/handler/feed/feed.go:248.21,250.17 2 0
github.com/go-park-mail-ru/2026_1_ARIS/internal/handler/feed/feed.go:250.17,253.4 2 0
github.com/go-park-mail-ru/2026_1_ARIS/internal/handler/feed/feed.go:254.3,254.27 1 0
github.com/go-park-mail-ru/2026_1_ARIS/internal/handler/feed/feed.go:257.2,258.16 2 0
github.com/go-park-mail-ru/2026_1_ARIS/internal/handler/feed/feed.go:258.16,261.3 2 0
github.com/go-park-mail-ru/2026_1_ARIS/internal/handler/feed/feed.go:263.2,265.34 2 0
github.com/go-park-mail-ru/2026_1_ARIS/internal/handler/feed/feed.go:265.34,267.17 2 0
github.com/go-park-mail-ru/2026_1_ARIS/internal/handler/feed/feed.go:267.17,270.4 2 0
github.com/go-park-mail-ru/2026_1_ARIS/internal/handler/feed/feed.go:272.3,274.33 2 0
github.com/go-park-mail-ru/2026_1_ARIS/internal/handler/feed/feed.go:274.33,276.18 2 0
github.com/go-park-mail-ru/2026_1_ARIS/internal/handler/feed/feed.go:276.18,279.5 2 0
github.com/go-park-mail-ru/2026_1_ARIS/internal/handler/feed/feed.go:280.4,280.40 1 0
github.com/go-park-mail-ru/2026_1_ARIS/internal/handler/feed/feed.go:283.3,284.17 2 0
github.com/go-park-mail-ru/2026_1_ARIS/internal/handler/feed/feed.go:284.17,287.4 2 0
github.com/go-park-mail-ru/2026_1_ARIS/internal/handler/feed/feed.go:289.3,290.17 2 0
github.com/go-park-mail-ru/2026_1_ARIS/internal/handler/feed/feed.go:290.17,293.4 2 0
github.com/go-park-mail-ru/2026_1_ARIS/internal/handler/feed/feed.go:295.3,306.32 4 0
github.com/go-park-mail-ru/2026_1_ARIS/internal/handler/feed/feed.go:306.32,312.4 1 0
github.com/go-park-mail-ru/2026_1_ARIS/internal/handler/feed/feed.go:314.3,327.5 4 0
github.com/go-park-mail-ru/2026_1_ARIS/internal/handler/feed/feed.go:330.2,336.37 2 0
github.com/go-park-mail-ru/2026_1_ARIS/internal/handler/proxy/image_proxy.go:8.57,10.15 2 0
github.com/go-park-mail-ru/2026_1_ARIS/internal/handler/proxy/image_proxy.go:10.15,13.3 2 0
github.com/go-park-mail-ru/2026_1_ARIS/internal/handler/proxy/image_proxy.go:15.2,16.16 2 0
github.com/go-park-mail-ru/2026_1_ARIS/internal/handler/proxy/image_proxy.go:16.16,19.3 2 0
github.com/go-park-mail-ru/2026_1_ARIS/internal/handler/proxy/image_proxy.go:20.2,23.23 3 0
github.com/go-park-mail-ru/2026_1_ARIS/internal/handler/user/user.go:43.104,48.2 1 0
github.com/go-park-mail-ru/2026_1_ARIS/internal/handler/user/user.go:50.81,53.26 2 0
github.com/go-park-mail-ru/2026_1_ARIS/internal/handler/user/user.go:53.26,56.3 2 0
github.com/go-park-mail-ru/2026_1_ARIS/internal/handler/user/user.go:58.2,59.9 2 0
github.com/go-park-mail-ru/2026_1_ARIS/internal/handler/user/user.go:59.9,62.3 2 0
github.com/go-park-mail-ru/2026_1_ARIS/internal/handler/user/user.go:64.2,65.16 2 0
github.com/go-park-mail-ru/2026_1_ARIS/internal/handler/user/user.go:65.16,68.3 2 0
github.com/go-park-mail-ru/2026_1_ARIS/internal/handler/user/user.go:70.2,72.29 2 0
github.com/go-park-mail-ru/2026_1_ARIS/internal/handler/user/user.go:72.29,76.52 2 0
github.com/go-park-mail-ru/2026_1_ARIS/internal/handler/user/user.go:76.52,78.34 2 0
github.com/go-park-mail-ru/2026_1_ARIS/internal/handler/user/user.go:78.34,80.5 1 0
github.com/go-park-mail-ru/2026_1_ARIS/internal/handler/user/user.go:82.3,83.17 2 0
github.com/go-park-mail-ru/2026_1_ARIS/internal/handler/user/user.go:83.17,84.12 1 0
github.com/go-park-mail-ru/2026_1_ARIS/internal/handler/user/user.go:86.3,87.17 2 0
github.com/go-park-mail-ru/2026_1_ARIS/internal/handler/user/user.go:87.17,88.12 1 0
github.com/go-park-mail-ru/2026_1_ARIS/internal/handler/user/user.go:91.3,97.5 1 0
github.com/go-park-mail-ru/2026_1_ARIS/internal/handler/user/user.go:100.2,102.4 1 0
github.com/go-park-mail-ru/2026_1_ARIS/internal/handler/user/user.go:105.85,108.16 3 0
github.com/go-park-mail-ru/2026_1_ARIS/internal/handler/user/user.go:108.16,111.3 2 0
github.com/go-park-mail-ru/2026_1_ARIS/internal/handler/user/user.go:112.2,117.29 4 0
github.com/go-park-mail-ru/2026_1_ARIS/internal/handler/user/user.go:117.29,121.52 3 0
github.com/go-park-mail-ru/2026_1_ARIS/internal/handler/user/user.go:121.52,123.34 2 0
github.com/go-park-mail-ru/2026_1_ARIS/internal/handler/user/user.go:123.34,125.5 1 0
github.com/go-park-mail-ru/2026_1_ARIS/internal/handler/user/user.go:128.3,129.17 2 0
github.com/go-park-mail-ru/2026_1_ARIS/internal/handler/user/user.go:129.17,131.12 2 0
github.com/go-park-mail-ru/2026_1_ARIS/internal/handler/user/user.go:133.3,134.17 2 0
github.com/go-park-mail-ru/2026_1_ARIS/internal/handler/user/user.go:134.17,136.12 2 0
github.com/go-park-mail-ru/2026_1_ARIS/internal/handler/user/user.go:139.3,145.5 1 0
github.com/go-park-mail-ru/2026_1_ARIS/internal/handler/user/user.go:148.2,154.4 4 0
github.com/go-park-mail-ru/2026_1_ARIS/internal/handler/user/user.go:157.79,159.16 2 0
github.com/go-park-mail-ru/2026_1_ARIS/internal/handler/user/user.go:159.16,162.3 2 0
github.com/go-park-mail-ru/2026_1_ARIS/internal/handler/user/user.go:164.2,166.31 2 0
github.com/go-park-mail-ru/2026_1_ARIS/internal/handler/user/user.go:166.31,170.52 3 0
github.com/go-park-mail-ru/2026_1_ARIS/internal/handler/user/user.go:170.52,172.34 2 0
github.com/go-park-mail-ru/2026_1_ARIS/internal/handler/user/user.go:172.34,174.5 1 0
github.com/go-park-mail-ru/2026_1_ARIS/internal/handler/user/user.go:177.3,178.17 2 0
github.com/go-park-mail-ru/2026_1_ARIS/internal/handler/user/user.go:178.17,179.12 1 0
github.com/go-park-mail-ru/2026_1_ARIS/internal/handler/user/user.go:181.3,182.17 2 0
github.com/go-park-mail-ru/2026_1_ARIS/internal/handler/user/user.go:182.17,183.12 1 0
github.com/go-park-mail-ru/2026_1_ARIS/internal/handler/user/user.go:186.3,193.5 1 0
github.com/go-park-mail-ru/2026_1_ARIS/internal/handler/user/user.go:196.2,199.4 2 0
github.com/go-park-mail-ru/2026_1_ARIS/internal/middleware/auth.go:12.92,13.46 1 1
github.com/go-park-mail-ru/2026_1_ARIS/internal/middleware/auth.go:13.46,14.72 1 1
github.com/go-park-mail-ru/2026_1_ARIS/internal/middleware/auth.go:14.72,17.18 3 1
github.com/go-park-mail-ru/2026_1_ARIS/internal/middleware/auth.go:17.18,20.5 2 1
github.com/go-park-mail-ru/2026_1_ARIS/internal/middleware/auth.go:22.4,24.18 3 1
github.com/go-park-mail-ru/2026_1_ARIS/internal/middleware/auth.go:24.18,27.5 2 0
github.com/go-park-mail-ru/2026_1_ARIS/internal/middleware/auth.go:29.4,31.41 2 1
github.com/go-park-mail-ru/2026_1_ARIS/internal/middleware/cors.go:5.53,6.71 1 0
github.com/go-park-mail-ru/2026_1_ARIS/internal/middleware/cors.go:6.71,12.37 5 0
github.com/go-park-mail-ru/2026_1_ARIS/internal/middleware/cors.go:12.37,15.4 2 0
github.com/go-park-mail-ru/2026_1_ARIS/internal/middleware/cors.go:17.3,17.23 1 0
github.com/go-park-mail-ru/2026_1_ARIS/internal/models/model.go:88.94,101.2 2 0
github.com/go-park-mail-ru/2026_1_ARIS/internal/models/model.go:120.142,136.2 2 0
github.com/go-park-mail-ru/2026_1_ARIS/internal/models/model.go:152.90,166.2 2 0
github.com/go-park-mail-ru/2026_1_ARIS/internal/models/model.go:179.43,190.2 2 0
github.com/go-park-mail-ru/2026_1_ARIS/internal/models/model.go:203.50,215.2 2 0
github.com/go-park-mail-ru/2026_1_ARIS/internal/models/model.go:224.72,230.2 1 0
github.com/go-park-mail-ru/2026_1_ARIS/internal/models/model.go:322.111,336.2 2 0
github.com/go-park-mail-ru/2026_1_ARIS/internal/models/model.go:356.56,368.2 2 0
github.com/go-park-mail-ru/2026_1_ARIS/internal/models/model.go:370.62,382.2 2 0
github.com/go-park-mail-ru/2026_1_ARIS/internal/models/model.go:466.56,474.2 1 0
github.com/go-park-mail-ru/2026_1_ARIS/internal/repository/comment/comment.go:24.54,28.2 1 0
github.com/go-park-mail-ru/2026_1_ARIS/internal/repository/comment/comment.go:35.87,42.53 5 0
github.com/go-park-mail-ru/2026_1_ARIS/internal/repository/comment/comment.go:42.53,44.3 1 0
github.com/go-park-mail-ru/2026_1_ARIS/internal/repository/comment/comment.go:45.2,45.26 1 0
github.com/go-park-mail-ru/2026_1_ARIS/internal/repository/comment/comment.go:48.97,60.16 3 0
github.com/go-park-mail-ru/2026_1_ARIS/internal/repository/comment/comment.go:60.16,62.3 1 0
github.com/go-park-mail-ru/2026_1_ARIS/internal/repository/comment/comment.go:63.2,65.17 2 0
github.com/go-park-mail-ru/2026_1_ARIS/internal/repository/comment/comment.go:65.17,67.39 2 0
github.com/go-park-mail-ru/2026_1_ARIS/internal/repository/comment/comment.go:67.39,69.4 1 0
github.com/go-park-mail-ru/2026_1_ARIS/internal/repository/comment/comment.go:70.3,70.17 1 0
github.com/go-park-mail-ru/2026_1_ARIS/internal/repository/comment/comment.go:71.8,72.35 1 0
github.com/go-park-mail-ru/2026_1_ARIS/internal/repository/comment/comment.go:72.35,74.4 1 0
github.com/go-park-mail-ru/2026_1_ARIS/internal/repository/comment/comment.go:76.2,76.35 1 0
github.com/go-park-mail-ru/2026_1_ARIS/internal/repository/comment/comment.go:79.35,83.2 3 0
github.com/go-park-mail-ru/2026_1_ARIS/internal/repository/comment/comment.go:85.86,91.31 4 0
github.com/go-park-mail-ru/2026_1_ARIS/internal/repository/comment/comment.go:91.31,92.31 1 0
github.com/go-park-mail-ru/2026_1_ARIS/internal/repository/comment/comment.go:92.31,94.4 1 0
github.com/go-park-mail-ru/2026_1_ARIS/internal/repository/comment/comment.go:97.2,97.22 1 0
github.com/go-park-mail-ru/2026_1_ARIS/internal/repository/comment/comment.go:100.96,105.9 4 0
github.com/go-park-mail-ru/2026_1_ARIS/internal/repository/comment/comment.go:105.9,107.3 1 0
github.com/go-park-mail-ru/2026_1_ARIS/internal/repository/comment/comment.go:108.2,108.24 1 0
github.com/go-park-mail-ru/2026_1_ARIS/internal/repository/like/like.go:31.48,35.2 1 0
github.com/go-park-mail-ru/2026_1_ARIS/internal/repository/like/like.go:37.88,51.16 5 0
github.com/go-park-mail-ru/2026_1_ARIS/internal/repository/like/like.go:51.16,53.3 1 0
github.com/go-park-mail-ru/2026_1_ARIS/internal/repository/like/like.go:55.2,55.20 1 0
github.com/go-park-mail-ru/2026_1_ARIS/internal/repository/like/like.go:58.90,64.16 4 0
github.com/go-park-mail-ru/2026_1_ARIS/internal/repository/like/like.go:64.16,67.3 2 0
github.com/go-park-mail-ru/2026_1_ARIS/internal/repository/like/like.go:69.2,69.19 1 0
github.com/go-park-mail-ru/2026_1_ARIS/internal/repository/like/like.go:72.87,74.2 1 0
github.com/go-park-mail-ru/2026_1_ARIS/internal/repository/like/like.go:76.29,80.2 3 0
github.com/go-park-mail-ru/2026_1_ARIS/internal/repository/like/like.go:82.89,87.9 4 0
github.com/go-park-mail-ru/2026_1_ARIS/internal/repository/like/like.go:87.9,89.3 1 0
github.com/go-park-mail-ru/2026_1_ARIS/internal/repository/like/like.go:90.2,90.19 1 0
github.com/go-park-mail-ru/2026_1_ARIS/internal/repository/like/like.go:93.87,98.9 4 0
github.com/go-park-mail-ru/2026_1_ARIS/internal/repository/like/like.go:98.9,100.3 1 0
github.com/go-park-mail-ru/2026_1_ARIS/internal/repository/like/like.go:101.2,101.21 1 0
github.com/go-park-mail-ru/2026_1_ARIS/internal/repository/like/like.go:104.86,107.28 2 0
github.com/go-park-mail-ru/2026_1_ARIS/internal/repository/like/like.go:107.28,108.45 1 0
github.com/go-park-mail-ru/2026_1_ARIS/internal/repository/like/like.go:108.45,110.4 1 0
github.com/go-park-mail-ru/2026_1_ARIS/internal/repository/like/like.go:112.2,112.16 1 0
github.com/go-park-mail-ru/2026_1_ARIS/internal/repository/media/media.go:21.31,25.2 3 0
github.com/go-park-mail-ru/2026_1_ARIS/internal/repository/media/media.go:27.87,32.9 4 0
github.com/go-park-mail-ru/2026_1_ARIS/internal/repository/media/media.go:32.9,34.3 1 0
github.com/go-park-mail-ru/2026_1_ARIS/internal/repository/media/media.go:36.2,36.20 1 0
github.com/go-park-mail-ru/2026_1_ARIS/internal/repository/media/media.go:39.90,45.2 4 0
github.com/go-park-mail-ru/2026_1_ARIS/internal/repository/post/post.go:27.29,31.2 3 0
github.com/go-park-mail-ru/2026_1_ARIS/internal/repository/post/post.go:33.87,38.9 4 0
github.com/go-park-mail-ru/2026_1_ARIS/internal/repository/post/post.go:38.9,40.3 1 0
github.com/go-park-mail-ru/2026_1_ARIS/internal/repository/post/post.go:42.2,42.21 1 0
github.com/go-park-mail-ru/2026_1_ARIS/internal/repository/post/post.go:45.72,51.9 4 0
github.com/go-park-mail-ru/2026_1_ARIS/internal/repository/post/post.go:51.9,53.3 1 0
github.com/go-park-mail-ru/2026_1_ARIS/internal/repository/post/post.go:55.2,56.12 2 0
github.com/go-park-mail-ru/2026_1_ARIS/internal/repository/post/post.go:59.96,63.28 3 0
github.com/go-park-mail-ru/2026_1_ARIS/internal/repository/post/post.go:63.28,65.3 1 0
github.com/go-park-mail-ru/2026_1_ARIS/internal/repository/post/post.go:67.2,67.33 1 0
github.com/go-park-mail-ru/2026_1_ARIS/internal/repository/post/post.go:67.33,69.3 1 0
github.com/go-park-mail-ru/2026_1_ARIS/internal/repository/post/post.go:71.2,71.71 1 0
github.com/go-park-mail-ru/2026_1_ARIS/internal/repository/post/post.go:74.85,79.9 4 0
github.com/go-park-mail-ru/2026_1_ARIS/internal/repository/post/post.go:79.9,81.3 1 0
github.com/go-park-mail-ru/2026_1_ARIS/internal/repository/post/post.go:83.2,83.22 1 0
github.com/go-park-mail-ru/2026_1_ARIS/internal/repository/post/post.go:86.79,88.2 1 0
github.com/go-park-mail-ru/2026_1_ARIS/internal/repository/post/post_with_media.go:21.47,23.2 1 0
github.com/go-park-mail-ru/2026_1_ARIS/internal/repository/post/post_with_media.go:26.97,32.72 4 0
github.com/go-park-mail-ru/2026_1_ARIS/internal/repository/post/post_with_media.go:32.72,33.24 1 0
github.com/go-park-mail-ru/2026_1_ARIS/internal/repository/post/post_with_media.go:33.24,35.4 1 0
github.com/go-park-mail-ru/2026_1_ARIS/internal/repository/post/post_with_media.go:35.9,35.31 1 0
github.com/go-park-mail-ru/2026_1_ARIS/internal/repository/post/post_with_media.go:35.31,37.4 1 0
github.com/go-park-mail-ru/2026_1_ARIS/internal/repository/post/post_with_media.go:38.3,38.11 1 0
github.com/go-park-mail-ru/2026_1_ARIS/internal/repository/post/post_with_media.go:41.2,41.37 1 0
github.com/go-park-mail-ru/2026_1_ARIS/internal/repository/post/post_with_media.go:41.37,42.25 1 0
github.com/go-park-mail-ru/2026_1_ARIS/internal/repository/post/post_with_media.go:42.25,44.4 1 0
github.com/go-park-mail-ru/2026_1_ARIS/internal/repository/post/post_with_media.go:47.2,47.17 1 0
github.com/go-park-mail-ru/2026_1_ARIS/internal/repository/post/post_with_media.go:50.105,56.2 4 0
github.com/go-park-mail-ru/2026_1_ARIS/internal/repository/profile/profile.go:33.54,37.2 1 0
github.com/go-park-mail-ru/2026_1_ARIS/internal/repository/profile/profile.go:39.99,45.16 4 0
github.com/go-park-mail-ru/2026_1_ARIS/internal/repository/profile/profile.go:45.16,47.3 1 0
github.com/go-park-mail-ru/2026_1_ARIS/internal/repository/profile/profile.go:49.2,49.22 1 0
github.com/go-park-mail-ru/2026_1_ARIS/internal/repository/profile/profile.go:52.97,59.45 4 0
github.com/go-park-mail-ru/2026_1_ARIS/internal/repository/profile/profile.go:59.45,61.3 1 0
github.com/go-park-mail-ru/2026_1_ARIS/internal/repository/profile/profile.go:63.2,63.23 1 0
github.com/go-park-mail-ru/2026_1_ARIS/internal/repository/profile/profile.go:66.86,70.16 3 0
[...]
github.com/go-park-mail-ru/2026_1_ARIS/internal/service/session/session.go:41.93,42.50 1 0
github.com/go-park-mail-ru/2026_1_ARIS/internal/service/session/session.go:42.50,44.3 1 0
github.com/go-park-mail-ru/2026_1_ARIS/internal/service/session/session.go:46.2,54.19 3 0
github.com/go-park-mail-ru/2026_1_ARIS/internal/service/session/session.go:57.104,59.2 1 0
github.com/go-park-mail-ru/2026_1_ARIS/internal/service/user/user.go:45.156,51.2 1 0
github.com/go-park-mail-ru/2026_1_ARIS/internal/service/user/user.go:53.228,59.16 5 0
github.com/go-park-mail-ru/2026_1_ARIS/internal/service/user/user.go:59.16,61.3 1 0
github.com/go-park-mail-ru/2026_1_ARIS/internal/service/user/user.go:63.2,64.16 2 0
github.com/go-park-mail-ru/2026_1_ARIS/internal/service/user/user.go:64.16,66.3 1 0
github.com/go-park-mail-ru/2026_1_ARIS/internal/service/user/user.go:68.2,69.16 2 0
github.com/go-park-mail-ru/2026_1_ARIS/internal/service/user/user.go:69.16,71.3 1 0
github.com/go-park-mail-ru/2026_1_ARIS/internal/service/user/user.go:75.2,75.21 1 0
github.com/go-park-mail-ru/2026_1_ARIS/internal/service/user/user.go:78.96,81.2 2 0
github.com/go-park-mail-ru/2026_1_ARIS/internal/service/user/user.go:83.116,85.2 1 0
github.com/go-park-mail-ru/2026_1_ARIS/internal/service/user/user.go:87.124,89.2 1 0
github.com/go-park-mail-ru/2026_1_ARIS/internal/service/user/user.go:91.110,93.2 1 0
github.com/go-park-mail-ru/2026_1_ARIS/internal/service/user/user.go:95.124,97.16 2 0
github.com/go-park-mail-ru/2026_1_ARIS/internal/service/user/user.go:97.16,99.3 1 0
github.com/go-park-mail-ru/2026_1_ARIS/internal/service/user/user.go:101.2,102.16 2 0
github.com/go-park-mail-ru/2026_1_ARIS/internal/service/user/user.go:102.16,104.3 1 0
github.com/go-park-mail-ru/2026_1_ARIS/internal/service/user/user.go:106.2,106.25 1 0
github.com/go-park-mail-ru/2026_1_ARIS/internal/service/user/user.go:109.116,111.16 2 0
github.com/go-park-mail-ru/2026_1_ARIS/internal/service/user/user.go:111.16,113.3 1 0
github.com/go-park-mail-ru/2026_1_ARIS/internal/service/user/user.go:115.2,116.16 2 0
github.com/go-park-mail-ru/2026_1_ARIS/internal/service/user/user.go:116.16,118.3 1 0
github.com/go-park-mail-ru/2026_1_ARIS/internal/service/user/user.go:120.2,120.25 1 0
github.com/go-park-mail-ru/2026_1_ARIS/internal/service/user/user.go:124.116,126.16 2 0
github.com/go-park-mail-ru/2026_1_ARIS/internal/service/user/user.go:126.16,128.3 1 0
github.com/go-park-mail-ru/2026_1_ARIS/internal/service/user/user.go:130.2,131.16 2 0
github.com/go-park-mail-ru/2026_1_ARIS/internal/service/user/user.go:131.16,133.3 1 0
github.com/go-park-mail-ru/2026_1_ARIS/internal/service/user/user.go:135.2,138.35 3 0
github.com/go-park-mail-ru/2026_1_ARIS/internal/service/user/user.go:138.35,139.37 1 0
github.com/go-park-mail-ru/2026_1_ARIS/internal/service/user/user.go:139.37,140.12 1 0
github.com/go-park-mail-ru/2026_1_ARIS/internal/service/user/user.go:142.3,143.17 2 0
github.com/go-park-mail-ru/2026_1_ARIS/internal/service/user/user.go:143.17,144.12 1 0
github.com/go-park-mail-ru/2026_1_ARIS/internal/service/user/user.go:147.3,147.44 1 0
github.com/go-park-mail-ru/2026_1_ARIS/internal/service/user/user.go:147.44,148.12 1 0
github.com/go-park-mail-ru/2026_1_ARIS/internal/service/user/user.go:151.3,151.39 1 0
github.com/go-park-mail-ru/2026_1_ARIS/internal/service/user/user.go:154.2,154.40 1 0
github.com/go-park-mail-ru/2026_1_ARIS/internal/service/user/user.go:154.40,155.46 1 0
github.com/go-park-mail-ru/2026_1_ARIS/internal/service/user/user.go:155.46,157.4 1 0
github.com/go-park-mail-ru/2026_1_ARIS/internal/service/user/user.go:158.3,158.23 1 0
github.com/go-park-mail-ru/2026_1_ARIS/internal/service/user/user.go:161.2,161.45 1 0
github.com/go-park-mail-ru/2026_1_ARIS/internal/service/user/user.go:161.45,163.3 1 0
github.com/go-park-mail-ru/2026_1_ARIS/internal/service/user/user.go:165.2,165.42 1 0
github.com/go-park-mail-ru/2026_1_ARIS/internal/service/user/user.go:169.92,171.16 2 0
github.com/go-park-mail-ru/2026_1_ARIS/internal/service/user/user.go:171.16,173.3 1 0
github.com/go-park-mail-ru/2026_1_ARIS/internal/service/user/user.go:175.2,183.38 3 0
github.com/go-park-mail-ru/2026_1_ARIS/internal/service/user/user.go:183.38,185.17 2 0
github.com/go-park-mail-ru/2026_1_ARIS/internal/service/user/user.go:185.17,186.12 1 0
github.com/go-park-mail-ru/2026_1_ARIS/internal/service/user/user.go:188.3,188.53 1 0
github.com/go-park-mail-ru/2026_1_ARIS/internal/service/user/user.go:191.2,192.43 2 0
github.com/go-park-mail-ru/2026_1_ARIS/internal/service/user/user.go:192.43,194.9 2 0
github.com/go-park-mail-ru/2026_1_ARIS/internal/service/user/user.go:194.9,196.4 1 0
github.com/go-park-mail-ru/2026_1_ARIS/internal/service/user/user.go:199.2,199.20 1 0
github.com/go-park-mail-ru/2026_1_ARIS/internal/service/user/user.go:203.83,205.16 2 0
github.com/go-park-mail-ru/2026_1_ARIS/internal/service/user/user.go:205.16,207.3 1 0
github.com/go-park-mail-ru/2026_1_ARIS/internal/service/user/user.go:209.2,219.38 3 0
github.com/go-park-mail-ru/2026_1_ARIS/internal/service/user/user.go:219.38,221.17 2 0
github.com/go-park-mail-ru/2026_1_ARIS/internal/service/user/user.go:221.17,222.12 1 0
github.com/go-park-mail-ru/2026_1_ARIS/internal/service/user/user.go:224.3,224.53 1 0
github.com/go-park-mail-ru/2026_1_ARIS/internal/service/user/user.go:227.2,228.33 2 0
github.com/go-park-mail-ru/2026_1_ARIS/internal/service/user/user.go:228.33,230.9 2 0
github.com/go-park-mail-ru/2026_1_ARIS/internal/service/user/user.go:230.9,235.4 1 0
github.com/go-park-mail-ru/2026_1_ARIS/internal/service/user/user.go:238.2,238.20 1 0
github.com/go-park-mail-ru/2026_1_ARIS/internal/service/user/user.go:241.130,243.16 2 0
github.com/go-park-mail-ru/2026_1_ARIS/internal/service/user/user.go:243.16,245.3 1 0
github.com/go-park-mail-ru/2026_1_ARIS/internal/service/user/user.go:247.2,248.16 2 0
github.com/go-park-mail-ru/2026_1_ARIS/internal/service/user/user.go:248.16,250.3 1 0
github.com/go-park-mail-ru/2026_1_ARIS/internal/service/user/user.go:252.2,252.25 1 0
github.com/go-park-mail-ru/2026_1_ARIS/internal/service/user/user.go:255.130,257.2 1 0
github.com/go-park-mail-ru/2026_1_ARIS/internal/service/user/user.go:259.124,261.16 2 0
github.com/go-park-mail-ru/2026_1_ARIS/internal/service/user/user.go:261.16,263.3 1 0
github.com/go-park-mail-ru/2026_1_ARIS/internal/service/user/user.go:265.2,266.16 2 0
github.com/go-park-mail-ru/2026_1_ARIS/internal/service/user/user.go:266.16,268.3 1 0
github.com/go-park-mail-ru/2026_1_ARIS/internal/service/user/user.go:270.2,270.25 1 0
github.com/go-park-mail-ru/2026_1_ARIS/internal/utils/mock_data.go:23.32,420.2 251 0
github.com/go-park-mail-ru/2026_1_ARIS/internal/utils/write_error.go:8.66,14.2 3 1
github.com/go-park-mail-ru/2026_1_ARIS/internal/utils/config/config.go:22.37,26.16 3 0
github.com/go-park-mail-ru/2026_1_ARIS/internal/utils/config/config.go:26.16,29.3 2 0
github.com/go-park-mail-ru/2026_1_ARIS/internal/utils/config/config.go:31.2,31.20 1 0
github.com/go-park-mail-ru/2026_1_ARIS/internal/utils/connect_db/connect.go:9.58,10.26 1 0
github.com/go-park-mail-ru/2026_1_ARIS/internal/utils/connect_db/connect.go:10.26,12.3 1 0
github.com/go-park-mail-ru/2026_1_ARIS/internal/utils/connect_db/connect.go:13.2,13.311 1 0
github.com/go-park-mail-ru/2026_1_ARIS/internal/service/user/user.go:45.156,51.2 1 0
github.com/go-park-mail-ru/2026_1_ARIS/internal/service/user/user.go:53.228,59.16 5 0
github.com/go-park-mail-ru/2026_1_ARIS/internal/service/user/user.go:59.16,61.3 1 0
github.com/go-park-mail-ru/2026_1_ARIS/internal/service/user/user.go:63.2,64.16 2 0
github.com/go-park-mail-ru/2026_1_ARIS/internal/service/user/user.go:64.16,66.3 1 0
github.com/go-park-mail-ru/2026_1_ARIS/internal/service/user/user.go:68.2,69.16 2 0
github.com/go-park-mail-ru/2026_1_ARIS/internal/service/user/user.go:69.16,71.3 1 0
github.com/go-park-mail-ru/2026_1_ARIS/internal/service/user/user.go:75.2,75.21 1 0
github.com/go-park-mail-ru/2026_1_ARIS/internal/service/user/user.go:78.96,81.2 2 0
github.com/go-park-mail-ru/2026_1_ARIS/internal/service/user/user.go:83.116,85.2 1 0
github.com/go-park-mail-ru/2026_1_ARIS/internal/service/user/user.go:87.124,89.2 1 0
github.com/go-park-mail-ru/2026_1_ARIS/internal/service/user/user.go:91.110,93.2 1 0
github.com/go-park-mail-ru/2026_1_ARIS/internal/service/user/user.go:95.124,97.16 2 0
github.com/go-park-mail-ru/2026_1_ARIS/internal/service/user/user.go:97.16,99.3 1 0
github.com/go-park-mail-ru/2026_1_ARIS/internal/service/user/user.go:101.2,102.16 2 0
github.com/go-park-mail-ru/2026_1_ARIS/internal/service/user/user.go:102.16,104.3 1 0
github.com/go-park-mail-ru/2026_1_ARIS/internal/service/user/user.go:106.2,106.25 1 0
github.com/go-park-mail-ru/2026_1_ARIS/internal/service/user/user.go:109.116,111.16 2 0
github.com/go-park-mail-ru/2026_1_ARIS/internal/service/user/user.go:111.16,113.3 1 0
github.com/go-park-mail-ru/2026_1_ARIS/internal/service/user/user.go:115.2,116.16 2 0
github.com/go-park-mail-ru/2026_1_ARIS/internal/service/user/user.go:116.16,118.3 1 0
github.com/go-park-mail-ru/2026_1_ARIS/internal/service/user/user.go:120.2,120.25 1 0
github.com/go-park-mail-ru/2026_1_ARIS/internal/service/user/user.go:124.116,126.16 2 0
github.com/go-park-mail-ru/2026_1_ARIS/internal/service/user/user.go:126.16,128.3 1 0
github.com/go-park-mail-ru/2026_1_ARIS/internal/service/user/user.go:130.2,131.16 2 0
github.com/go-park-mail-ru/2026_1_ARIS/internal/service/user/user.go:131.16,133.3 1 0
github.com/go-park-mail-ru/2026_1_ARIS/internal/service/user/user.go:135.2,138.35 3 0
github.com/go-park-mail-ru/2026_1_ARIS/internal/service/user/user.go:138.35,139.37 1 0
github.com/go-park-mail-ru/2026_1_ARIS/internal/service/user/user.go:139.37,140.12 1 0
github.com/go-park-mail-ru/2026_1_ARIS/internal/service/user/user.go:142.3,143.17 2 0
github.com/go-park-mail-ru/2026_1_ARIS/internal/service/user/user.go:143.17,144.12 1 0
github.com/go-park-mail-ru/2026_1_ARIS/internal/service/user/user.go:147.3,147.44 1 0
github.com/go-park-mail-ru/2026_1_ARIS/internal/service/user/user.go:147.44,148.12 1 0
github.com/go-park-mail-ru/2026_1_ARIS/internal/service/user/user.go:151.3,151.39 1 0
github.com/go-park-mail-ru/2026_1_ARIS/internal/service/user/user.go:154.2,154.40 1 0
github.com/go-park-mail-ru/2026_1_ARIS/internal/service/user/user.go:154.40,155.46 1 0
github.com/go-park-mail-ru/2026_1_ARIS/internal/service/user/user.go:155.46,157.4 1 0
github.com/go-park-mail-ru/2026_1_ARIS/internal/service/user/user.go:158.3,158.23 1 0
github.com/go-park-mail-ru/2026_1_ARIS/internal/service/user/user.go:161.2,161.45 1 0
github.com/go-park-mail-ru/2026_1_ARIS/internal/service/user/user.go:161.45,163.3 1 0
github.com/go-park-mail-ru/2026_1_ARIS/internal/service/user/user.go:165.2,165.42 1 0
github.com/go-park-mail-ru/2026_1_ARIS/internal/service/user/user.go:169.92,171.16 2 0
github.com/go-park-mail-ru/2026_1_ARIS/internal/service/user/user.go:171.16,173.3 1 0
github.com/go-park-mail-ru/2026_1_ARIS/internal/service/user/user.go:175.2,183.38 3 0
github.com/go-park-mail-ru/2026_1_ARIS/internal/service/user/user.go:183.38,185.17 2 0
github.com/go-park-mail-ru/2026_1_ARIS/internal/service/user/user.go:185.17,186.12 1 0
github.com/go-park-mail-ru/2026_1_ARIS/internal/service/user/user.go:188.3,188.53 1 0
github.com/go-park-mail-ru/2026_1_ARIS/internal/service/user/user.go:191.2,192.43 2 0
github.com/go-park-mail-ru/2026_1_ARIS/internal/service/user/user.go:192.43,194.9 2 0
github.com/go-park-mail-ru/2026_1_ARIS/internal/service/user/user.go:194.9,196.4 1 0
github.com/go-park-mail-ru/2026_1_ARIS/internal/service/user/user.go:199.2,199.20 1 0
github.com/go-park-mail-ru/2026_1_ARIS/internal/service/user/user.go:203.83,205.16 2 0
github.com/go-park-mail-ru/2026_1_ARIS/internal/service/user/user.go:205.16,207.3 1 0
github.com/go-park-mail-ru/2026_1_ARIS/internal/service/user/user.go:209.2,219.38 3 0
github.com/go-park-mail-ru/2026_1_ARIS/internal/service/user/user.go:219.38,221.17 2 0
github.com/go-park-mail-ru/2026_1_ARIS/internal/service/user/user.go:221.17,222.12 1 0
github.com/go-park-mail-ru/2026_1_ARIS/internal/service/user/user.go:224.3,224.53 1 0
github.com/go-park-mail-ru/2026_1_ARIS/internal/service/user/user.go:227.2,228.33 2 0
github.com/go-park-mail-ru/2026_1_ARIS/internal/service/user/user.go:228.33,230.9 2 0
github.com/go-park-mail-ru/2026_1_ARIS/internal/service/user/user.go:230.9,235.4 1 0
github.com/go-park-mail-ru/2026_1_ARIS/internal/service/user/user.go:238.2,238.20 1 0
github.com/go-park-mail-ru/2026_1_ARIS/internal/service/user/user.go:241.130,243.16 2 0
github.com/go-park-mail-ru/2026_1_ARIS/internal/service/user/user.go:243.16,245.3 1 0
github.com/go-park-mail-ru/2026_1_ARIS/internal/service/user/user.go:247.2,248.16 2 0
github.com/go-park-mail-ru/2026_1_ARIS/internal/service/user/user.go:248.16,250.3 1 0
github.com/go-park-mail-ru/2026_1_ARIS/internal/service/user/user.go:252.2,252.25 1 0
github.com/go-park-mail-ru/2026_1_ARIS/internal/service/user/user.go:255.130,257.2 1 0
github.com/go-park-mail-ru/2026_1_ARIS/internal/service/user/user.go:259.124,261.16 2 0
github.com/go-park-mail-ru/2026_1_ARIS/internal/service/user/user.go:261.16,263.3 1 0
github.com/go-park-mail-ru/2026_1_ARIS/internal/service/user/user.go:265.2,266.16 2 0
github.com/go-park-mail-ru/2026_1_ARIS/internal/service/user/user.go:266.16,268.3 1 0
github.com/go-park-mail-ru/2026_1_ARIS/internal/service/user/user.go:270.2,270.25 1 0
github.com/go-park-mail-ru/2026_1_ARIS/internal/service/post/post.go:53.38,62.2 1 0
github.com/go-park-mail-ru/2026_1_ARIS/internal/service/post/post.go:65.187,66.31 1 0
github.com/go-park-mail-ru/2026_1_ARIS/internal/service/post/post.go:66.31,68.3 1 0
github.com/go-park-mail-ru/2026_1_ARIS/internal/service/post/post.go:70.2,72.21 2 0
github.com/go-park-mail-ru/2026_1_ARIS/internal/service/post/post.go:72.21,74.17 2 0
github.com/go-park-mail-ru/2026_1_ARIS/internal/service/post/post.go:74.17,76.4 1 0
github.com/go-park-mail-ru/2026_1_ARIS/internal/service/post/post.go:78.3,78.17 1 0
github.com/go-park-mail-ru/2026_1_ARIS/internal/service/post/post.go:81.2,84.16 3 0
github.com/go-park-mail-ru/2026_1_ARIS/internal/service/post/post.go:84.16,86.3 1 0
github.com/go-park-mail-ru/2026_1_ARIS/internal/service/post/post.go:88.2,90.29 2 0
github.com/go-park-mail-ru/2026_1_ARIS/internal/service/post/post.go:90.29,91.24 1 0
github.com/go-park-mail-ru/2026_1_ARIS/internal/service/post/post.go:91.24,92.12 1 0
github.com/go-park-mail-ru/2026_1_ARIS/internal/service/post/post.go:94.3,94.36 1 0
github.com/go-park-mail-ru/2026_1_ARIS/internal/service/post/post.go:97.2,100.13 3 0
github.com/go-park-mail-ru/2026_1_ARIS/internal/service/post/post.go:100.13,102.3 1 0
github.com/go-park-mail-ru/2026_1_ARIS/internal/service/post/post.go:104.2,105.31 2 0
github.com/go-park-mail-ru/2026_1_ARIS/internal/service/post/post.go:105.31,111.3 2 0
github.com/go-park-mail-ru/2026_1_ARIS/internal/service/post/post.go:113.2,117.8 1 0
github.com/go-park-mail-ru/2026_1_ARIS/internal/service/post/post.go:121.101,123.2 1 0
github.com/go-park-mail-ru/2026_1_ARIS/internal/service/post/post.go:126.107,128.2 1 0
github.com/go-park-mail-ru/2026_1_ARIS/internal/service/post/post.go:130.97,132.16 2 0
github.com/go-park-mail-ru/2026_1_ARIS/internal/service/post/post.go:132.16,134.3 1 0
github.com/go-park-mail-ru/2026_1_ARIS/internal/service/post/post.go:136.2,139.16 3 0
github.com/go-park-mail-ru/2026_1_ARIS/internal/service/post/post.go:139.16,141.3 1 0
github.com/go-park-mail-ru/2026_1_ARIS/internal/service/post/post.go:143.2,143.21 1 0
github.com/go-park-mail-ru/2026_1_ARIS/internal/service/post/post.go:146.82,148.2 1 0
github.com/go-park-mail-ru/2026_1_ARIS/internal/service/post/post.go:150.75,152.2 1 0
github.com/go-park-mail-ru/2026_1_ARIS/internal/service/post/post.go:154.78,156.2 1 0
github.com/go-park-mail-ru/2026_1_ARIS/internal/service/post/post.go:158.77,160.2 1 0
github.com/go-park-mail-ru/2026_1_ARIS/internal/service/post/post.go:163.89,165.2 1 0
github.com/go-park-mail-ru/2026_1_ARIS/internal/service/post/post.go:168.83,170.2 1 0
github.com/go-park-mail-ru/2026_1_ARIS/internal/service/post/post.go:173.103,175.16 2 0
github.com/go-park-mail-ru/2026_1_ARIS/internal/service/post/post.go:175.16,177.3 1 0
github.com/go-park-mail-ru/2026_1_ARIS/internal/service/post/post.go:179.2,179.56 1 0
github.com/go-park-mail-ru/2026_1_ARIS/internal/service/post/post.go:179.56,180.38 1 0
github.com/go-park-mail-ru/2026_1_ARIS/internal/service/post/post.go:180.38,182.4 1 0
github.com/go-park-mail-ru/2026_1_ARIS/internal/service/post/post.go:182.9,182.44 1 0
github.com/go-park-mail-ru/2026_1_ARIS/internal/service/post/post.go:182.44,184.4 1 0
github.com/go-park-mail-ru/2026_1_ARIS/internal/service/post/post.go:185.3,185.11 1 0
github.com/go-park-mail-ru/2026_1_ARIS/internal/service/post/post.go:188.2,190.26 2 0
github.com/go-park-mail-ru/2026_1_ARIS/internal/service/post/post.go:190.26,191.29 1 0
github.com/go-park-mail-ru/2026_1_ARIS/internal/service/post/post.go:191.29,193.4 1 0
github.com/go-park-mail-ru/2026_1_ARIS/internal/service/post/post.go:193.9,195.4 1 0
github.com/go-park-mail-ru/2026_1_ARIS/internal/service/post/post.go:198.2,198.30 1 0
github.com/go-park-mail-ru/2026_1_ARIS/internal/service/post/post.go:198.30,199.96 1 0
github.com/go-park-mail-ru/2026_1_ARIS/internal/service/post/post.go:199.96,200.32 1 0
github.com/go-park-mail-ru/2026_1_ARIS/internal/service/post/post.go:200.32,202.5 1 0
github.com/go-park-mail-ru/2026_1_ARIS/internal/service/post/post.go:203.4,203.38 1 0
github.com/go-park-mail-ru/2026_1_ARIS/internal/service/post/post.go:207.2,207.41 1 0
github.com/go-park-mail-ru/2026_1_ARIS/internal/service/post/post.go:211.109,215.16 3 0
github.com/go-park-mail-ru/2026_1_ARIS/internal/service/post/post.go:215.16,217.3 1 0
github.com/go-park-mail-ru/2026_1_ARIS/internal/service/post/post.go:219.2,219.29 1 0
github.com/go-park-mail-ru/2026_1_ARIS/internal/service/post/post.go:219.29,220.21 1 0
github.com/go-park-mail-ru/2026_1_ARIS/internal/service/post/post.go:220.21,222.4 1 0
github.com/go-park-mail-ru/2026_1_ARIS/internal/service/post/post.go:225.2,225.56 1 0
github.com/go-park-mail-ru/2026_1_ARIS/internal/service/post/post.go:225.56,226.38 1 0
github.com/go-park-mail-ru/2026_1_ARIS/internal/service/post/post.go:226.38,228.4 1 0
github.com/go-park-mail-ru/2026_1_ARIS/internal/service/post/post.go:228.9,228.44 1 0
github.com/go-park-mail-ru/2026_1_ARIS/internal/service/post/post.go:228.44,230.4 1 0
github.com/go-park-mail-ru/2026_1_ARIS/internal/service/post/post.go:231.3,231.11 1 0
github.com/go-park-mail-ru/2026_1_ARIS/internal/service/post/post.go:234.2,236.26 2 0
github.com/go-park-mail-ru/2026_1_ARIS/internal/service/post/post.go:236.26,237.29 1 0
github.com/go-park-mail-ru/2026_1_ARIS/internal/service/post/post.go:237.29,239.4 1 0
github.com/go-park-mail-ru/2026_1_ARIS/internal/service/post/post.go:239.9,241.4 1 0
github.com/go-park-mail-ru/2026_1_ARIS/internal/service/post/post.go:244.2,244.30 1 0
github.com/go-park-mail-ru/2026_1_ARIS/internal/service/post/post.go:244.30,245.96 1 0
github.com/go-park-mail-ru/2026_1_ARIS/internal/service/post/post.go:245.96,246.32 1 0
github.com/go-park-mail-ru/2026_1_ARIS/internal/service/post/post.go:246.32,248.5 1 0
github.com/go-park-mail-ru/2026_1_ARIS/internal/service/post/post.go:249.4,249.38 1 0
github.com/go-park-mail-ru/2026_1_ARIS/internal/service/post/post.go:253.2,253.41 1 0
github.com/go-park-mail-ru/2026_1_ARIS/internal/utils/config/config.go:22.37,26.16 3 0
github.com/go-park-mail-ru/2026_1_ARIS/internal/utils/config/config.go:26.16,29.3 2 0
github.com/go-park-mail-ru/2026_1_ARIS/internal/utils/config/config.go:31.2,31.20 1 0
github.com/go-park-mail-ru/2026_1_ARIS/internal/utils/connect_db/connect.go:9.58,10.26 1 0
github.com/go-park-mail-ru/2026_1_ARIS/internal/utils/connect_db/connect.go:10.26,12.3 1 0
github.com/go-park-mail-ru/2026_1_ARIS/internal/utils/connect_db/connect.go:13.2,13.311 1 0
