mode: set
github.com/go-park-mail-ru/2026_1_ARIS/internal/handler/auth.go:59.130,65.2 1 1
github.com/go-park-mail-ru/2026_1_ARIS/internal/handler/auth.go:79.72,81.61 2 0
github.com/go-park-mail-ru/2026_1_ARIS/internal/handler/auth.go:81.61,84.3 2 0
github.com/go-park-mail-ru/2026_1_ARIS/internal/handler/auth.go:86.2,86.45 1 0
github.com/go-park-mail-ru/2026_1_ARIS/internal/handler/auth.go:86.45,89.3 2 0
github.com/go-park-mail-ru/2026_1_ARIS/internal/handler/auth.go:91.2,91.36 1 0
github.com/go-park-mail-ru/2026_1_ARIS/internal/handler/auth.go:91.36,94.3 2 0
github.com/go-park-mail-ru/2026_1_ARIS/internal/handler/auth.go:96.2,99.16 3 0
github.com/go-park-mail-ru/2026_1_ARIS/internal/handler/auth.go:99.16,100.96 1 0
github.com/go-park-mail-ru/2026_1_ARIS/internal/handler/auth.go:100.96,103.4 2 0
github.com/go-park-mail-ru/2026_1_ARIS/internal/handler/auth.go:103.9,103.52 1 0
github.com/go-park-mail-ru/2026_1_ARIS/internal/handler/auth.go:103.52,106.4 2 0
github.com/go-park-mail-ru/2026_1_ARIS/internal/handler/auth.go:106.9,106.55 1 0
github.com/go-park-mail-ru/2026_1_ARIS/internal/handler/auth.go:106.55,109.4 2 0
github.com/go-park-mail-ru/2026_1_ARIS/internal/handler/auth.go:110.3,111.9 2 0
github.com/go-park-mail-ru/2026_1_ARIS/internal/handler/auth.go:114.2,115.16 2 0
github.com/go-park-mail-ru/2026_1_ARIS/internal/handler/auth.go:115.16,118.3 2 0
github.com/go-park-mail-ru/2026_1_ARIS/internal/handler/auth.go:120.2,121.16 2 0
github.com/go-park-mail-ru/2026_1_ARIS/internal/handler/auth.go:121.16,124.3 2 0
github.com/go-park-mail-ru/2026_1_ARIS/internal/handler/auth.go:126.2,137.36 5 0
github.com/go-park-mail-ru/2026_1_ARIS/internal/handler/auth.go:152.69,154.61 2 0
github.com/go-park-mail-ru/2026_1_ARIS/internal/handler/auth.go:154.61,157.3 2 0
github.com/go-park-mail-ru/2026_1_ARIS/internal/handler/auth.go:159.2,160.16 2 0
github.com/go-park-mail-ru/2026_1_ARIS/internal/handler/auth.go:160.16,163.3 2 0
github.com/go-park-mail-ru/2026_1_ARIS/internal/handler/auth.go:165.2,166.16 2 0
github.com/go-park-mail-ru/2026_1_ARIS/internal/handler/auth.go:166.16,169.3 2 0
github.com/go-park-mail-ru/2026_1_ARIS/internal/handler/auth.go:171.2,182.16 3 0
github.com/go-park-mail-ru/2026_1_ARIS/internal/handler/auth.go:182.16,185.3 2 0
github.com/go-park-mail-ru/2026_1_ARIS/internal/handler/auth.go:187.2,195.42 3 0
github.com/go-park-mail-ru/2026_1_ARIS/internal/handler/auth.go:206.70,209.16 2 0
github.com/go-park-mail-ru/2026_1_ARIS/internal/handler/auth.go:209.16,214.3 3 0
github.com/go-park-mail-ru/2026_1_ARIS/internal/handler/auth.go:216.2,218.72 2 0
github.com/go-park-mail-ru/2026_1_ARIS/internal/handler/auth.go:218.73,220.3 0 0
github.com/go-park-mail-ru/2026_1_ARIS/internal/handler/auth.go:222.2,233.79 4 0
github.com/go-park-mail-ru/2026_1_ARIS/internal/handler/auth.go:245.66,248.9 3 0
github.com/go-park-mail-ru/2026_1_ARIS/internal/handler/auth.go:248.9,251.3 2 0
github.com/go-park-mail-ru/2026_1_ARIS/internal/handler/auth.go:253.2,256.16 4 0
github.com/go-park-mail-ru/2026_1_ARIS/internal/handler/auth.go:256.16,259.3 2 0
github.com/go-park-mail-ru/2026_1_ARIS/internal/handler/auth.go:261.2,263.33 3 0
github.com/go-park-mail-ru/2026_1_ARIS/internal/handler/feed.go:51.142,57.2 1 1
github.com/go-park-mail-ru/2026_1_ARIS/internal/handler/feed.go:73.71,74.32 1 0
github.com/go-park-mail-ru/2026_1_ARIS/internal/handler/feed.go:74.32,77.3 2 0
github.com/go-park-mail-ru/2026_1_ARIS/internal/handler/feed.go:79.2,85.46 4 0
github.com/go-park-mail-ru/2026_1_ARIS/internal/handler/feed.go:85.46,87.17 2 0
github.com/go-park-mail-ru/2026_1_ARIS/internal/handler/feed.go:87.17,90.4 2 0
github.com/go-park-mail-ru/2026_1_ARIS/internal/handler/feed.go:91.3,91.17 1 0
github.com/go-park-mail-ru/2026_1_ARIS/internal/handler/feed.go:94.2,95.16 2 0
github.com/go-park-mail-ru/2026_1_ARIS/internal/handler/feed.go:95.16,98.3 2 0
github.com/go-park-mail-ru/2026_1_ARIS/internal/handler/feed.go:100.2,103.34 2 0
github.com/go-park-mail-ru/2026_1_ARIS/internal/handler/feed.go:103.34,106.17 2 0
github.com/go-park-mail-ru/2026_1_ARIS/internal/handler/feed.go:106.17,109.4 2 0
github.com/go-park-mail-ru/2026_1_ARIS/internal/handler/feed.go:111.3,113.33 2 0
github.com/go-park-mail-ru/2026_1_ARIS/internal/handler/feed.go:113.33,115.18 2 0
github.com/go-park-mail-ru/2026_1_ARIS/internal/handler/feed.go:115.18,118.5 2 0
github.com/go-park-mail-ru/2026_1_ARIS/internal/handler/feed.go:119.4,119.40 1 0
github.com/go-park-mail-ru/2026_1_ARIS/internal/handler/feed.go:122.3,136.32 5 0
github.com/go-park-mail-ru/2026_1_ARIS/internal/handler/feed.go:136.32,142.4 1 0
github.com/go-park-mail-ru/2026_1_ARIS/internal/handler/feed.go:144.3,159.5 4 0
github.com/go-park-mail-ru/2026_1_ARIS/internal/handler/feed.go:163.2,169.37 2 0
github.com/go-park-mail-ru/2026_1_ARIS/internal/middleware/auth.go:12.92,13.46 1 1
github.com/go-park-mail-ru/2026_1_ARIS/internal/middleware/auth.go:13.46,14.72 1 1
github.com/go-park-mail-ru/2026_1_ARIS/internal/middleware/auth.go:14.72,17.18 3 0
github.com/go-park-mail-ru/2026_1_ARIS/internal/middleware/auth.go:17.18,20.5 2 0
github.com/go-park-mail-ru/2026_1_ARIS/internal/middleware/auth.go:22.4,24.18 3 0
github.com/go-park-mail-ru/2026_1_ARIS/internal/middleware/auth.go:24.18,27.5 2 0
github.com/go-park-mail-ru/2026_1_ARIS/internal/middleware/auth.go:29.4,31.41 2 0
github.com/go-park-mail-ru/2026_1_ARIS/internal/middleware/cors.go:5.53,6.71 1 0
github.com/go-park-mail-ru/2026_1_ARIS/internal/middleware/cors.go:6.71,12.37 5 0
github.com/go-park-mail-ru/2026_1_ARIS/internal/middleware/cors.go:12.37,15.4 2 0
github.com/go-park-mail-ru/2026_1_ARIS/internal/middleware/cors.go:17.3,17.23 1 0
github.com/go-park-mail-ru/2026_1_ARIS/internal/models/model.go:84.62,94.2 2 0
github.com/go-park-mail-ru/2026_1_ARIS/internal/models/model.go:111.139,126.2 2 0
github.com/go-park-mail-ru/2026_1_ARIS/internal/models/model.go:141.115,156.2 2 0
github.com/go-park-mail-ru/2026_1_ARIS/internal/models/model.go:168.72,171.19 2 0
github.com/go-park-mail-ru/2026_1_ARIS/internal/models/model.go:171.19,173.3 1 0
github.com/go-park-mail-ru/2026_1_ARIS/internal/models/model.go:175.2,184.3 2 0
github.com/go-park-mail-ru/2026_1_ARIS/internal/models/model.go:196.64,207.2 2 0
github.com/go-park-mail-ru/2026_1_ARIS/internal/models/model.go:216.72,222.2 1 0
github.com/go-park-mail-ru/2026_1_ARIS/internal/models/model.go:301.137,315.2 2 0
github.com/go-park-mail-ru/2026_1_ARIS/internal/models/model.go:330.35,336.2 1 0
github.com/go-park-mail-ru/2026_1_ARIS/internal/models/model.go:344.57,349.2 1 0
github.com/go-park-mail-ru/2026_1_ARIS/internal/models/model.go:429.59,436.2 1 0
github.com/go-park-mail-ru/2026_1_ARIS/internal/repository/comment.go:20.35,24.2 3 0
github.com/go-park-mail-ru/2026_1_ARIS/internal/repository/comment.go:26.69,32.31 4 0
github.com/go-park-mail-ru/2026_1_ARIS/internal/repository/comment.go:32.31,33.31 1 0
github.com/go-park-mail-ru/2026_1_ARIS/internal/repository/comment.go:33.31,35.4 1 0
github.com/go-park-mail-ru/2026_1_ARIS/internal/repository/comment.go:38.2,38.22 1 0
github.com/go-park-mail-ru/2026_1_ARIS/internal/repository/comment.go:41.66,46.9 4 0
github.com/go-park-mail-ru/2026_1_ARIS/internal/repository/comment.go:46.9,48.3 1 0
github.com/go-park-mail-ru/2026_1_ARIS/internal/repository/comment.go:49.2,49.12 1 0
github.com/go-park-mail-ru/2026_1_ARIS/internal/repository/like.go:21.29,25.2 3 0
github.com/go-park-mail-ru/2026_1_ARIS/internal/repository/like.go:27.72,32.9 4 0
github.com/go-park-mail-ru/2026_1_ARIS/internal/repository/like.go:32.9,34.3 1 0
github.com/go-park-mail-ru/2026_1_ARIS/internal/repository/like.go:35.2,35.19 1 0
github.com/go-park-mail-ru/2026_1_ARIS/internal/repository/like.go:38.57,43.9 4 0
github.com/go-park-mail-ru/2026_1_ARIS/internal/repository/like.go:43.9,45.3 1 0
github.com/go-park-mail-ru/2026_1_ARIS/internal/repository/like.go:46.2,46.12 1 0
github.com/go-park-mail-ru/2026_1_ARIS/internal/repository/like_to_post.go:20.41,22.2 1 0
github.com/go-park-mail-ru/2026_1_ARIS/internal/repository/like_to_post.go:24.75,30.34 4 0
github.com/go-park-mail-ru/2026_1_ARIS/internal/repository/like_to_post.go:30.34,31.25 1 0
github.com/go-park-mail-ru/2026_1_ARIS/internal/repository/like_to_post.go:31.25,33.4 1 0
github.com/go-park-mail-ru/2026_1_ARIS/internal/repository/like_to_post.go:36.2,36.19 1 0
github.com/go-park-mail-ru/2026_1_ARIS/internal/repository/like_to_post.go:39.75,45.2 4 0
github.com/go-park-mail-ru/2026_1_ARIS/internal/repository/media.go:22.31,26.2 3 0
github.com/go-park-mail-ru/2026_1_ARIS/internal/repository/media.go:28.79,33.9 4 0
github.com/go-park-mail-ru/2026_1_ARIS/internal/repository/media.go:33.9,35.3 1 0
github.com/go-park-mail-ru/2026_1_ARIS/internal/repository/media.go:37.2,37.20 1 0
github.com/go-park-mail-ru/2026_1_ARIS/internal/repository/media.go:40.81,46.2 4 0
github.com/go-park-mail-ru/2026_1_ARIS/internal/repository/post.go:36.29,40.2 3 0
github.com/go-park-mail-ru/2026_1_ARIS/internal/repository/post.go:42.99,48.56 4 0
github.com/go-park-mail-ru/2026_1_ARIS/internal/repository/post.go:48.56,49.38 1 0
github.com/go-park-mail-ru/2026_1_ARIS/internal/repository/post.go:49.38,51.4 1 0
github.com/go-park-mail-ru/2026_1_ARIS/internal/repository/post.go:51.9,51.44 1 0
github.com/go-park-mail-ru/2026_1_ARIS/internal/repository/post.go:51.44,53.4 1 0
github.com/go-park-mail-ru/2026_1_ARIS/internal/repository/post.go:54.3,54.11 1 0
github.com/go-park-mail-ru/2026_1_ARIS/internal/repository/post.go:57.2,59.26 2 0
github.com/go-park-mail-ru/2026_1_ARIS/internal/repository/post.go:59.26,60.29 1 0
github.com/go-park-mail-ru/2026_1_ARIS/internal/repository/post.go:60.29,62.4 1 0
github.com/go-park-mail-ru/2026_1_ARIS/internal/repository/post.go:62.9,64.4 1 0
github.com/go-park-mail-ru/2026_1_ARIS/internal/repository/post.go:67.2,67.30 1 0
github.com/go-park-mail-ru/2026_1_ARIS/internal/repository/post.go:67.30,68.95 1 0
github.com/go-park-mail-ru/2026_1_ARIS/internal/repository/post.go:68.95,69.32 1 0
github.com/go-park-mail-ru/2026_1_ARIS/internal/repository/post.go:69.32,71.5 1 0
github.com/go-park-mail-ru/2026_1_ARIS/internal/repository/post.go:72.4,72.38 1 0
github.com/go-park-mail-ru/2026_1_ARIS/internal/repository/post.go:76.2,76.41 1 0
github.com/go-park-mail-ru/2026_1_ARIS/internal/repository/post.go:79.78,84.9 4 0
github.com/go-park-mail-ru/2026_1_ARIS/internal/repository/post.go:84.9,86.3 1 0
github.com/go-park-mail-ru/2026_1_ARIS/internal/repository/post.go:88.2,88.12 1 0
github.com/go-park-mail-ru/2026_1_ARIS/internal/repository/post.go:91.76,97.9 4 0
github.com/go-park-mail-ru/2026_1_ARIS/internal/repository/post.go:97.9,99.3 1 0
github.com/go-park-mail-ru/2026_1_ARIS/internal/repository/post.go:101.2,102.12 2 0
github.com/go-park-mail-ru/2026_1_ARIS/internal/repository/post.go:105.96,109.28 3 0
github.com/go-park-mail-ru/2026_1_ARIS/internal/repository/post.go:109.28,111.3 1 0
github.com/go-park-mail-ru/2026_1_ARIS/internal/repository/post.go:113.2,113.33 1 0
github.com/go-park-mail-ru/2026_1_ARIS/internal/repository/post.go:113.33,115.3 1 0
github.com/go-park-mail-ru/2026_1_ARIS/internal/repository/post.go:117.2,117.71 1 0
github.com/go-park-mail-ru/2026_1_ARIS/internal/repository/post.go:120.76,125.9 4 0
github.com/go-park-mail-ru/2026_1_ARIS/internal/repository/post.go:125.9,127.3 1 0
github.com/go-park-mail-ru/2026_1_ARIS/internal/repository/post.go:129.2,129.22 1 0
github.com/go-park-mail-ru/2026_1_ARIS/internal/repository/post_with_media.go:21.47,23.2 1 0
github.com/go-park-mail-ru/2026_1_ARIS/internal/repository/post_with_media.go:25.82,31.72 4 0
github.com/go-park-mail-ru/2026_1_ARIS/internal/repository/post_with_media.go:31.72,32.24 1 0
github.com/go-park-mail-ru/2026_1_ARIS/internal/repository/post_with_media.go:32.24,34.4 1 0
github.com/go-park-mail-ru/2026_1_ARIS/internal/repository/post_with_media.go:34.9,34.31 1 0
github.com/go-park-mail-ru/2026_1_ARIS/internal/repository/post_with_media.go:34.31,36.4 1 0
github.com/go-park-mail-ru/2026_1_ARIS/internal/repository/post_with_media.go:37.3,37.11 1 0
github.com/go-park-mail-ru/2026_1_ARIS/internal/repository/post_with_media.go:40.2,40.37 1 0
github.com/go-park-mail-ru/2026_1_ARIS/internal/repository/post_with_media.go:40.37,41.25 1 0
github.com/go-park-mail-ru/2026_1_ARIS/internal/repository/post_with_media.go:41.25,43.4 1 0
github.com/go-park-mail-ru/2026_1_ARIS/internal/repository/post_with_media.go:46.2,46.17 1 0
github.com/go-park-mail-ru/2026_1_ARIS/internal/repository/post_with_media.go:49.97,56.2 5 0
github.com/go-park-mail-ru/2026_1_ARIS/internal/repository/profile.go:23.35,27.2 3 0
github.com/go-park-mail-ru/2026_1_ARIS/internal/repository/profile.go:29.92,34.9 4 0
github.com/go-park-mail-ru/2026_1_ARIS/internal/repository/profile.go:34.9,36.3 1 0
github.com/go-park-mail-ru/2026_1_ARIS/internal/repository/profile.go:37.2,37.22 1 0
github.com/go-park-mail-ru/2026_1_ARIS/internal/repository/profile.go:40.87,46.2 4 0
github.com/go-park-mail-ru/2026_1_ARIS/internal/repository/profile.go:48.94,52.31 3 0
github.com/go-park-mail-ru/2026_1_ARIS/internal/repository/profile.go:52.31,53.29 1 0
github.com/go-park-mail-ru/2026_1_ARIS/internal/repository/profile.go:53.29,55.4 1 0
github.com/go-park-mail-ru/2026_1_ARIS/internal/repository/profile.go:57.2,57.45 1 0
github.com/go-park-mail-ru/2026_1_ARIS/internal/repository/repost.go:22.33,26.2 1 0
github.com/go-park-mail-ru/2026_1_ARIS/internal/repository/repost.go:28.84,33.9 4 0
github.com/go-park-mail-ru/2026_1_ARIS/internal/repository/repost.go:33.9,35.3 1 0
github.com/go-park-mail-ru/2026_1_ARIS/internal/repository/repost.go:37.2,37.12 1 0
github.com/go-park-mail-ru/2026_1_ARIS/internal/repository/repost.go:40.88,46.35 4 0
github.com/go-park-mail-ru/2026_1_ARIS/internal/repository/repost.go:46.35,47.30 1 0
github.com/go-park-mail-ru/2026_1_ARIS/internal/repository/repost.go:47.30,49.4 1 0
github.com/go-park-mail-ru/2026_1_ARIS/internal/repository/repost.go:50.3,50.22 1 0
github.com/go-park-mail-ru/2026_1_ARIS/internal/repository/repost.go:52.2,54.14 2 0
github.com/go-park-mail-ru/2026_1_ARIS/internal/repository/session_repo.go:22.35,26.2 1 0
github.com/go-park-mail-ru/2026_1_ARIS/internal/repository/session_repo.go:28.81,33.2 3 0
github.com/go-park-mail-ru/2026_1_ARIS/internal/repository/session_repo.go:35.86,40.9 4 0
github.com/go-park-mail-ru/2026_1_ARIS/internal/repository/session_repo.go:40.9,42.3 1 0
github.com/go-park-mail-ru/2026_1_ARIS/internal/repository/session_repo.go:43.2,44.12 2 0
github.com/go-park-mail-ru/2026_1_ARIS/internal/repository/session_repo.go:47.106,51.9 4 0
github.com/go-park-mail-ru/2026_1_ARIS/internal/repository/session_repo.go:51.9,53.3 1 0
github.com/go-park-mail-ru/2026_1_ARIS/internal/repository/session_repo.go:54.2,54.18 1 0
github.com/go-park-mail-ru/2026_1_ARIS/internal/repository/user.go:31.29,35.2 3 0
github.com/go-park-mail-ru/2026_1_ARIS/internal/repository/user.go:37.78,43.2 4 0
github.com/go-park-mail-ru/2026_1_ARIS/internal/repository/user.go:45.76,51.8 4 0
github.com/go-park-mail-ru/2026_1_ARIS/internal/repository/user.go:51.8,54.3 2 0
github.com/go-park-mail-ru/2026_1_ARIS/internal/repository/user.go:56.2,56.37 1 0
github.com/go-park-mail-ru/2026_1_ARIS/internal/repository/user.go:59.93,65.9 4 0
github.com/go-park-mail-ru/2026_1_ARIS/internal/repository/user.go:65.9,67.3 1 0
github.com/go-park-mail-ru/2026_1_ARIS/internal/repository/user.go:68.2,68.19 1 0
github.com/go-park-mail-ru/2026_1_ARIS/internal/repository/user.go:71.96,75.28 3 0
github.com/go-park-mail-ru/2026_1_ARIS/internal/repository/user.go:75.28,76.24 1 0
github.com/go-park-mail-ru/2026_1_ARIS/internal/repository/user.go:76.24,78.4 1 0
github.com/go-park-mail-ru/2026_1_ARIS/internal/repository/user.go:80.2,80.42 1 0
github.com/go-park-mail-ru/2026_1_ARIS/internal/repository/user.go:83.96,87.28 3 0
github.com/go-park-mail-ru/2026_1_ARIS/internal/repository/user.go:87.28,88.24 1 0
github.com/go-park-mail-ru/2026_1_ARIS/internal/repository/user.go:88.24,90.4 1 0
github.com/go-park-mail-ru/2026_1_ARIS/internal/repository/user.go:92.2,92.42 1 0
github.com/go-park-mail-ru/2026_1_ARIS/internal/repository/user.go:95.87,99.28 3 0
github.com/go-park-mail-ru/2026_1_ARIS/internal/repository/user.go:99.28,101.3 1 0
github.com/go-park-mail-ru/2026_1_ARIS/internal/repository/user.go:102.2,102.33 1 0
github.com/go-park-mail-ru/2026_1_ARIS/internal/repository/user.go:102.33,104.3 1 0
github.com/go-park-mail-ru/2026_1_ARIS/internal/repository/user.go:106.2,106.68 1 0
github.com/go-park-mail-ru/2026_1_ARIS/internal/repository/user_profile.go:26.43,30.2 3 0
github.com/go-park-mail-ru/2026_1_ARIS/internal/repository/user_profile.go:32.108,37.9 4 0
github.com/go-park-mail-ru/2026_1_ARIS/internal/repository/user_profile.go:37.9,39.3 1 0
github.com/go-park-mail-ru/2026_1_ARIS/internal/repository/user_profile.go:41.2,41.26 1 0
github.com/go-park-mail-ru/2026_1_ARIS/internal/repository/user_profile.go:44.98,50.2 4 0
github.com/go-park-mail-ru/2026_1_ARIS/internal/repository/user_profile.go:52.111,56.35 3 0
github.com/go-park-mail-ru/2026_1_ARIS/internal/repository/user_profile.go:56.35,57.31 1 0
github.com/go-park-mail-ru/2026_1_ARIS/internal/repository/user_profile.go:57.31,59.4 1 0
github.com/go-park-mail-ru/2026_1_ARIS/internal/repository/user_profile.go:61.2,61.49 1 0
github.com/go-park-mail-ru/2026_1_ARIS/internal/repository/user_profile.go:64.119,68.35 3 0
github.com/go-park-mail-ru/2026_1_ARIS/internal/repository/user_profile.go:68.35,69.28 1 0
github.com/go-park-mail-ru/2026_1_ARIS/internal/repository/user_profile.go:69.28,71.4 1 0
github.com/go-park-mail-ru/2026_1_ARIS/internal/repository/user_profile.go:73.2,73.49 1 0
github.com/go-park-mail-ru/2026_1_ARIS/internal/repository/user_profile.go:76.105,80.35 3 0
github.com/go-park-mail-ru/2026_1_ARIS/internal/repository/user_profile.go:80.35,81.25 1 0
github.com/go-park-mail-ru/2026_1_ARIS/internal/repository/user_profile.go:81.25,83.4 1 0
github.com/go-park-mail-ru/2026_1_ARIS/internal/repository/user_profile.go:86.2,86.49 1 0
github.com/go-park-mail-ru/2026_1_ARIS/internal/server/router.go:18.12,31.42 5 1
github.com/go-park-mail-ru/2026_1_ARIS/internal/server/router.go:31.42,35.30 3 1
github.com/go-park-mail-ru/2026_1_ARIS/internal/server/router.go:35.30,39.4 3 1
github.com/go-park-mail-ru/2026_1_ARIS/internal/server/router.go:42.2,43.29 2 1
github.com/go-park-mail-ru/2026_1_ARIS/internal/server/router.go:43.29,46.3 2 1
github.com/go-park-mail-ru/2026_1_ARIS/internal/server/router.go:48.2,51.10 2 1
github.com/go-park-mail-ru/2026_1_ARIS/internal/service/auth.go:28.143,34.2 1 0
github.com/go-park-mail-ru/2026_1_ARIS/internal/service/auth.go:36.134,40.69 3 0
github.com/go-park-mail-ru/2026_1_ARIS/internal/service/auth.go:40.69,42.3 1 0
github.com/go-park-mail-ru/2026_1_ARIS/internal/service/auth.go:44.2,45.16 2 0
github.com/go-park-mail-ru/2026_1_ARIS/internal/service/auth.go:45.16,47.3 1 0
github.com/go-park-mail-ru/2026_1_ARIS/internal/service/auth.go:48.2,48.54 1 0
github.com/go-park-mail-ru/2026_1_ARIS/internal/service/auth.go:48.54,50.3 1 0
github.com/go-park-mail-ru/2026_1_ARIS/internal/service/auth.go:52.2,53.16 2 0
github.com/go-park-mail-ru/2026_1_ARIS/internal/service/auth.go:53.16,55.3 1 0
github.com/go-park-mail-ru/2026_1_ARIS/internal/service/auth.go:57.2,59.21 2 0
github.com/go-park-mail-ru/2026_1_ARIS/internal/service/auth.go:62.96,67.16 4 0
github.com/go-park-mail-ru/2026_1_ARIS/internal/service/auth.go:67.16,69.3 1 0
github.com/go-park-mail-ru/2026_1_ARIS/internal/service/auth.go:71.2,72.16 2 0
github.com/go-park-mail-ru/2026_1_ARIS/internal/service/auth.go:72.16,74.3 1 0
github.com/go-park-mail-ru/2026_1_ARIS/internal/service/auth.go:76.2,77.16 2 0
github.com/go-park-mail-ru/2026_1_ARIS/internal/service/auth.go:77.16,79.3 1 0
github.com/go-park-mail-ru/2026_1_ARIS/internal/service/auth.go:81.2,82.16 2 0
github.com/go-park-mail-ru/2026_1_ARIS/internal/service/auth.go:82.16,84.3 1 0
github.com/go-park-mail-ru/2026_1_ARIS/internal/service/auth.go:86.2,86.18 1 0
github.com/go-park-mail-ru/2026_1_ARIS/internal/service/auth.go:89.251,99.2 7 0
github.com/go-park-mail-ru/2026_1_ARIS/internal/service/media.go:21.115,26.2 1 0
github.com/go-park-mail-ru/2026_1_ARIS/internal/service/media.go:28.81,30.16 2 0
github.com/go-park-mail-ru/2026_1_ARIS/internal/service/media.go:30.16,32.3 1 0
github.com/go-park-mail-ru/2026_1_ARIS/internal/service/media.go:34.2,34.31 1 0
github.com/go-park-mail-ru/2026_1_ARIS/internal/service/media.go:34.31,36.3 1 0
github.com/go-park-mail-ru/2026_1_ARIS/internal/service/media.go:38.2,38.19 1 0
github.com/go-park-mail-ru/2026_1_ARIS/internal/service/media.go:41.72,46.35 3 0
github.com/go-park-mail-ru/2026_1_ARIS/internal/service/media.go:46.35,48.17 2 0
github.com/go-park-mail-ru/2026_1_ARIS/internal/service/media.go:48.17,50.4 1 0
github.com/go-park-mail-ru/2026_1_ARIS/internal/service/media.go:53.2,53.15 1 0
github.com/go-park-mail-ru/2026_1_ARIS/internal/service/post.go:39.48,48.2 1 0
github.com/go-park-mail-ru/2026_1_ARIS/internal/service/post.go:50.101,51.31 1 0
github.com/go-park-mail-ru/2026_1_ARIS/internal/service/post.go:51.31,53.3 1 0
github.com/go-park-mail-ru/2026_1_ARIS/internal/service/post.go:55.2,57.21 2 0
github.com/go-park-mail-ru/2026_1_ARIS/internal/service/post.go:57.21,59.17 2 0
github.com/go-park-mail-ru/2026_1_ARIS/internal/service/post.go:59.17,61.4 1 0
github.com/go-park-mail-ru/2026_1_ARIS/internal/service/post.go:63.3,63.17 1 0
github.com/go-park-mail-ru/2026_1_ARIS/internal/service/post.go:66.2,69.16 3 0
github.com/go-park-mail-ru/2026_1_ARIS/internal/service/post.go:69.16,71.3 1 0
github.com/go-park-mail-ru/2026_1_ARIS/internal/service/post.go:73.2,74.13 2 0
github.com/go-park-mail-ru/2026_1_ARIS/internal/service/post.go:74.13,76.3 1 0
github.com/go-park-mail-ru/2026_1_ARIS/internal/service/post.go:78.2,79.31 2 0
github.com/go-park-mail-ru/2026_1_ARIS/internal/service/post.go:79.31,85.3 2 0
github.com/go-park-mail-ru/2026_1_ARIS/internal/service/post.go:87.2,91.8 1 0
github.com/go-park-mail-ru/2026_1_ARIS/internal/service/post.go:94.80,96.16 2 0
github.com/go-park-mail-ru/2026_1_ARIS/internal/service/post.go:96.16,98.3 1 0
github.com/go-park-mail-ru/2026_1_ARIS/internal/service/post.go:100.2,104.16 3 0
github.com/go-park-mail-ru/2026_1_ARIS/internal/service/post.go:104.16,106.3 1 0
github.com/go-park-mail-ru/2026_1_ARIS/internal/service/post.go:108.2,108.21 1 0
github.com/go-park-mail-ru/2026_1_ARIS/internal/service/post.go:111.73,113.2 1 0
github.com/go-park-mail-ru/2026_1_ARIS/internal/service/post.go:115.79,117.2 1 0
github.com/go-park-mail-ru/2026_1_ARIS/internal/service/post.go:119.82,121.2 1 0
github.com/go-park-mail-ru/2026_1_ARIS/internal/service/post.go:123.81,125.2 1 0
github.com/go-park-mail-ru/2026_1_ARIS/internal/service/session_service.go:24.68,28.2 1 0
github.com/go-park-mail-ru/2026_1_ARIS/internal/service/session_service.go:29.88,31.2 1 0
github.com/go-park-mail-ru/2026_1_ARIS/internal/service/session_service.go:32.66,33.24 1 0
github.com/go-park-mail-ru/2026_1_ARIS/internal/service/session_service.go:33.24,35.3 1 0
github.com/go-park-mail-ru/2026_1_ARIS/internal/service/session_service.go:36.2,36.12 1 0
github.com/go-park-mail-ru/2026_1_ARIS/internal/service/session_service.go:41.97,42.50 1 0
github.com/go-park-mail-ru/2026_1_ARIS/internal/service/session_service.go:42.50,44.3 1 0
github.com/go-park-mail-ru/2026_1_ARIS/internal/service/session_service.go:46.2,54.19 3 0
github.com/go-park-mail-ru/2026_1_ARIS/internal/service/session_service.go:57.104,59.2 1 0
github.com/go-park-mail-ru/2026_1_ARIS/internal/service/user_profile.go:27.150,33.2 1 0
github.com/go-park-mail-ru/2026_1_ARIS/internal/service/user_profile.go:35.242,45.2 7 0
github.com/go-park-mail-ru/2026_1_ARIS/internal/service/user_profile.go:47.89,49.2 1 0
github.com/go-park-mail-ru/2026_1_ARIS/internal/service/user_profile.go:51.118,53.2 1 0
github.com/go-park-mail-ru/2026_1_ARIS/internal/service/user_profile.go:55.107,57.2 1 0
github.com/go-park-mail-ru/2026_1_ARIS/internal/service/user_profile.go:59.112,61.2 1 0
github.com/go-park-mail-ru/2026_1_ARIS/internal/service/mocks/auth_mock.go:28.67,32.2 3 0
github.com/go-park-mail-ru/2026_1_ARIS/internal/service/mocks/auth_mock.go:35.65,37.2 1 0
github.com/go-park-mail-ru/2026_1_ARIS/internal/service/mocks/auth_mock.go:40.217,46.2 5 0
github.com/go-park-mail-ru/2026_1_ARIS/internal/service/mocks/auth_mock.go:49.154,52.2 2 0
github.com/go-park-mail-ru/2026_1_ARIS/internal/service/mocks/auth_mock.go:55.96,61.2 5 0
github.com/go-park-mail-ru/2026_1_ARIS/internal/service/mocks/auth_mock.go:64.89,67.2 2 0
github.com/go-park-mail-ru/2026_1_ARIS/internal/service/mocks/auth_mock.go:70.120,76.2 5 0
github.com/go-park-mail-ru/2026_1_ARIS/internal/service/mocks/auth_mock.go:79.110,82.2 2 0
github.com/go-park-mail-ru/2026_1_ARIS/internal/service/mocks/session_mock.go:28.73,32.2 3 0
github.com/go-park-mail-ru/2026_1_ARIS/internal/service/mocks/session_mock.go:35.71,37.2 1 0
github.com/go-park-mail-ru/2026_1_ARIS/internal/service/mocks/session_mock.go:40.100,46.2 5 0
github.com/go-park-mail-ru/2026_1_ARIS/internal/service/mocks/session_mock.go:49.87,52.2 2 0
github.com/go-park-mail-ru/2026_1_ARIS/internal/service/mocks/session_mock.go:55.88,60.2 4 0
github.com/go-park-mail-ru/2026_1_ARIS/internal/service/mocks/session_mock.go:63.87,66.2 2 0
github.com/go-park-mail-ru/2026_1_ARIS/internal/service/mocks/session_mock.go:69.104,75.2 5 0
github.com/go-park-mail-ru/2026_1_ARIS/internal/service/mocks/session_mock.go:78.84,81.2 2 0
github.com/go-park-mail-ru/2026_1_ARIS/internal/service/mocks/user_mock.go:29.67,33.2 3 0
github.com/go-park-mail-ru/2026_1_ARIS/internal/service/mocks/user_mock.go:36.65,38.2 1 0
github.com/go-park-mail-ru/2026_1_ARIS/internal/service/mocks/user_mock.go:41.208,47.2 5 0
github.com/go-park-mail-ru/2026_1_ARIS/internal/service/mocks/user_mock.go:50.154,53.2 2 0
github.com/go-park-mail-ru/2026_1_ARIS/internal/service/mocks/user_mock.go:56.91,61.2 4 0
github.com/go-park-mail-ru/2026_1_ARIS/internal/service/mocks/user_mock.go:64.95,67.2 2 0
github.com/go-park-mail-ru/2026_1_ARIS/internal/service/mocks/user_mock.go:70.118,76.2 5 0
github.com/go-park-mail-ru/2026_1_ARIS/internal/service/mocks/user_mock.go:79.101,82.2 2 0
github.com/go-park-mail-ru/2026_1_ARIS/internal/service/mocks/user_mock.go:85.115,91.2 5 0
github.com/go-park-mail-ru/2026_1_ARIS/internal/service/mocks/user_mock.go:94.98,97.2 2 0
github.com/go-park-mail-ru/2026_1_ARIS/internal/service/mocks/user_mock.go:100.102,106.2 5 0
github.com/go-park-mail-ru/2026_1_ARIS/internal/service/mocks/user_mock.go:109.101,112.2 2 0
github.com/go-park-mail-ru/2026_1_ARIS/internal/utils/mock_data.go:18.36,152.2 114 0
github.com/go-park-mail-ru/2026_1_ARIS/internal/utils/write_error.go:8.66,14.2 3 0
github.com/go-park-mail-ru/2026_1_ARIS/internal/handler/auth.go:59.130,65.2 1 0
github.com/go-park-mail-ru/2026_1_ARIS/internal/handler/auth.go:79.72,81.61 2 0
github.com/go-park-mail-ru/2026_1_ARIS/internal/handler/auth.go:81.61,84.3 2 0
github.com/go-park-mail-ru/2026_1_ARIS/internal/handler/auth.go:86.2,86.45 1 0
github.com/go-park-mail-ru/2026_1_ARIS/internal/handler/auth.go:86.45,89.3 2 0
github.com/go-park-mail-ru/2026_1_ARIS/internal/handler/auth.go:91.2,91.36 1 0
github.com/go-park-mail-ru/2026_1_ARIS/internal/handler/auth.go:91.36,94.3 2 0
github.com/go-park-mail-ru/2026_1_ARIS/internal/handler/auth.go:96.2,99.16 3 0
github.com/go-park-mail-ru/2026_1_ARIS/internal/handler/auth.go:99.16,100.96 1 0
github.com/go-park-mail-ru/2026_1_ARIS/internal/handler/auth.go:100.96,103.4 2 0
github.com/go-park-mail-ru/2026_1_ARIS/internal/handler/auth.go:103.9,103.52 1 0
github.com/go-park-mail-ru/2026_1_ARIS/internal/handler/auth.go:103.52,106.4 2 0
github.com/go-park-mail-ru/2026_1_ARIS/internal/handler/auth.go:106.9,106.55 1 0
github.com/go-park-mail-ru/2026_1_ARIS/internal/handler/auth.go:106.55,109.4 2 0
github.com/go-park-mail-ru/2026_1_ARIS/internal/handler/auth.go:110.3,111.9 2 0
github.com/go-park-mail-ru/2026_1_ARIS/internal/handler/auth.go:114.2,115.16 2 0
github.com/go-park-mail-ru/2026_1_ARIS/internal/handler/auth.go:115.16,118.3 2 0
github.com/go-park-mail-ru/2026_1_ARIS/internal/handler/auth.go:120.2,121.16 2 0
github.com/go-park-mail-ru/2026_1_ARIS/internal/handler/auth.go:121.16,124.3 2 0
github.com/go-park-mail-ru/2026_1_ARIS/internal/handler/auth.go:126.2,137.36 5 0
github.com/go-park-mail-ru/2026_1_ARIS/internal/handler/auth.go:152.69,154.61 2 0
github.com/go-park-mail-ru/2026_1_ARIS/internal/handler/auth.go:154.61,157.3 2 0
github.com/go-park-mail-ru/2026_1_ARIS/internal/handler/auth.go:159.2,160.16 2 0
github.com/go-park-mail-ru/2026_1_ARIS/internal/handler/auth.go:160.16,163.3 2 0
github.com/go-park-mail-ru/2026_1_ARIS/internal/handler/auth.go:165.2,166.16 2 0
github.com/go-park-mail-ru/2026_1_ARIS/internal/handler/auth.go:166.16,169.3 2 0
github.com/go-park-mail-ru/2026_1_ARIS/internal/handler/auth.go:171.2,182.16 3 0
github.com/go-park-mail-ru/2026_1_ARIS/internal/handler/auth.go:182.16,185.3 2 0
github.com/go-park-mail-ru/2026_1_ARIS/internal/handler/auth.go:187.2,195.42 3 0
github.com/go-park-mail-ru/2026_1_ARIS/internal/handler/auth.go:206.70,209.16 2 0
github.com/go-park-mail-ru/2026_1_ARIS/internal/handler/auth.go:209.16,214.3 3 0
github.com/go-park-mail-ru/2026_1_ARIS/internal/handler/auth.go:216.2,218.72 2 0
github.com/go-park-mail-ru/2026_1_ARIS/internal/handler/auth.go:218.73,220.3 0 0
github.com/go-park-mail-ru/2026_1_ARIS/internal/handler/auth.go:222.2,233.79 4 0
github.com/go-park-mail-ru/2026_1_ARIS/internal/handler/auth.go:245.66,248.9 3 0
github.com/go-park-mail-ru/2026_1_ARIS/internal/handler/auth.go:248.9,251.3 2 0
github.com/go-park-mail-ru/2026_1_ARIS/internal/handler/auth.go:253.2,256.16 4 0
github.com/go-park-mail-ru/2026_1_ARIS/internal/handler/auth.go:256.16,259.3 2 0
github.com/go-park-mail-ru/2026_1_ARIS/internal/handler/auth.go:261.2,263.33 3 0
github.com/go-park-mail-ru/2026_1_ARIS/internal/handler/feed.go:51.142,57.2 1 0
github.com/go-park-mail-ru/2026_1_ARIS/internal/handler/feed.go:73.71,74.32 1 0
github.com/go-park-mail-ru/2026_1_ARIS/internal/handler/feed.go:74.32,77.3 2 0
github.com/go-park-mail-ru/2026_1_ARIS/internal/handler/feed.go:79.2,85.46 4 0
github.com/go-park-mail-ru/2026_1_ARIS/internal/handler/feed.go:85.46,87.17 2 0
github.com/go-park-mail-ru/2026_1_ARIS/internal/handler/feed.go:87.17,90.4 2 0
github.com/go-park-mail-ru/2026_1_ARIS/internal/handler/feed.go:91.3,91.17 1 0
github.com/go-park-mail-ru/2026_1_ARIS/internal/handler/feed.go:94.2,95.16 2 0
github.com/go-park-mail-ru/2026_1_ARIS/internal/handler/feed.go:95.16,98.3 2 0
github.com/go-park-mail-ru/2026_1_ARIS/internal/handler/feed.go:100.2,103.34 2 0
github.com/go-park-mail-ru/2026_1_ARIS/internal/handler/feed.go:103.34,106.17 2 0
github.com/go-park-mail-ru/2026_1_ARIS/internal/handler/feed.go:106.17,109.4 2 0
github.com/go-park-mail-ru/2026_1_ARIS/internal/handler/feed.go:111.3,113.33 2 0
github.com/go-park-mail-ru/2026_1_ARIS/internal/handler/feed.go:113.33,115.18 2 0
github.com/go-park-mail-ru/2026_1_ARIS/internal/handler/feed.go:115.18,118.5 2 0
github.com/go-park-mail-ru/2026_1_ARIS/internal/handler/feed.go:119.4,119.40 1 0
github.com/go-park-mail-ru/2026_1_ARIS/internal/handler/feed.go:122.3,136.32 5 0
github.com/go-park-mail-ru/2026_1_ARIS/internal/handler/feed.go:136.32,142.4 1 0
github.com/go-park-mail-ru/2026_1_ARIS/internal/handler/feed.go:144.3,159.5 4 0
github.com/go-park-mail-ru/2026_1_ARIS/internal/handler/feed.go:163.2,169.37 2 0
github.com/go-park-mail-ru/2026_1_ARIS/internal/middleware/auth.go:12.92,13.46 1 0
github.com/go-park-mail-ru/2026_1_ARIS/internal/middleware/auth.go:13.46,14.72 1 0
github.com/go-park-mail-ru/2026_1_ARIS/internal/middleware/auth.go:14.72,17.18 3 0
github.com/go-park-mail-ru/2026_1_ARIS/internal/middleware/auth.go:17.18,20.5 2 0
github.com/go-park-mail-ru/2026_1_ARIS/internal/middleware/auth.go:22.4,24.18 3 0
github.com/go-park-mail-ru/2026_1_ARIS/internal/middleware/auth.go:24.18,27.5 2 0
github.com/go-park-mail-ru/2026_1_ARIS/internal/middleware/auth.go:29.4,31.41 2 0
github.com/go-park-mail-ru/2026_1_ARIS/internal/middleware/cors.go:5.53,6.71 1 0
github.com/go-park-mail-ru/2026_1_ARIS/internal/middleware/cors.go:6.71,12.37 5 0
github.com/go-park-mail-ru/2026_1_ARIS/internal/middleware/cors.go:12.37,15.4 2 0
github.com/go-park-mail-ru/2026_1_ARIS/internal/middleware/cors.go:17.3,17.23 1 0
github.com/go-park-mail-ru/2026_1_ARIS/internal/models/model.go:84.62,94.2 2 1
github.com/go-park-mail-ru/2026_1_ARIS/internal/models/model.go:111.139,126.2 2 0
github.com/go-park-mail-ru/2026_1_ARIS/internal/models/model.go:141.115,156.2 2 0
github.com/go-park-mail-ru/2026_1_ARIS/internal/models/model.go:168.72,171.19 2 1
github.com/go-park-mail-ru/2026_1_ARIS/internal/models/model.go:171.19,173.3 1 0
github.com/go-park-mail-ru/2026_1_ARIS/internal/models/model.go:175.2,184.3 2 1
github.com/go-park-mail-ru/2026_1_ARIS/internal/models/model.go:196.64,207.2 2 0
github.com/go-park-mail-ru/2026_1_ARIS/internal/models/model.go:216.72,222.2 1 0
github.com/go-park-mail-ru/2026_1_ARIS/internal/models/model.go:301.137,315.2 2 0
github.com/go-park-mail-ru/2026_1_ARIS/internal/models/model.go:330.35,336.2 1 0
github.com/go-park-mail-ru/2026_1_ARIS/internal/models/model.go:344.57,349.2 1 0
github.com/go-park-mail-ru/2026_1_ARIS/internal/models/model.go:429.59,436.2 1 0
github.com/go-park-mail-ru/2026_1_ARIS/internal/repository/comment.go:20.35,24.2 3 0
github.com/go-park-mail-ru/2026_1_ARIS/internal/repository/comment.go:26.69,32.31 4 0
github.com/go-park-mail-ru/2026_1_ARIS/internal/repository/comment.go:32.31,33.31 1 0
github.com/go-park-mail-ru/2026_1_ARIS/internal/repository/comment.go:33.31,35.4 1 0
github.com/go-park-mail-ru/2026_1_ARIS/internal/repository/comment.go:38.2,38.22 1 0
github.com/go-park-mail-ru/2026_1_ARIS/internal/repository/comment.go:41.66,46.9 4 0
github.com/go-park-mail-ru/2026_1_ARIS/internal/repository/comment.go:46.9,48.3 1 0
github.com/go-park-mail-ru/2026_1_ARIS/internal/repository/comment.go:49.2,49.12 1 0
github.com/go-park-mail-ru/2026_1_ARIS/internal/repository/like.go:21.29,25.2 3 0
github.com/go-park-mail-ru/2026_1_ARIS/internal/repository/like.go:27.72,32.9 4 0
github.com/go-park-mail-ru/2026_1_ARIS/internal/repository/like.go:32.9,34.3 1 0
github.com/go-park-mail-ru/2026_1_ARIS/internal/repository/like.go:35.2,35.19 1 0
github.com/go-park-mail-ru/2026_1_ARIS/internal/repository/like.go:38.57,43.9 4 0
github.com/go-park-mail-ru/2026_1_ARIS/internal/repository/like.go:43.9,45.3 1 0
github.com/go-park-mail-ru/2026_1_ARIS/internal/repository/like.go:46.2,46.12 1 0
github.com/go-park-mail-ru/2026_1_ARIS/internal/repository/like_to_post.go:20.41,22.2 1 0
github.com/go-park-mail-ru/2026_1_ARIS/internal/repository/like_to_post.go:24.75,30.34 4 0
github.com/go-park-mail-ru/2026_1_ARIS/internal/repository/like_to_post.go:30.34,31.25 1 0
github.com/go-park-mail-ru/2026_1_ARIS/internal/repository/like_to_post.go:31.25,33.4 1 0
github.com/go-park-mail-ru/2026_1_ARIS/internal/repository/like_to_post.go:36.2,36.19 1 0
github.com/go-park-mail-ru/2026_1_ARIS/internal/repository/like_to_post.go:39.75,45.2 4 0
github.com/go-park-mail-ru/2026_1_ARIS/internal/repository/media.go:22.31,26.2 3 0
github.com/go-park-mail-ru/2026_1_ARIS/internal/repository/media.go:28.79,33.9 4 0
github.com/go-park-mail-ru/2026_1_ARIS/internal/repository/media.go:33.9,35.3 1 0
github.com/go-park-mail-ru/2026_1_ARIS/internal/repository/media.go:37.2,37.20 1 0
github.com/go-park-mail-ru/2026_1_ARIS/internal/repository/media.go:40.81,46.2 4 0
github.com/go-park-mail-ru/2026_1_ARIS/internal/repository/post.go:36.29,40.2 3 0
github.com/go-park-mail-ru/2026_1_ARIS/internal/repository/post.go:42.99,48.56 4 0
github.com/go-park-mail-ru/2026_1_ARIS/internal/repository/post.go:48.56,49.38 1 0
github.com/go-park-mail-ru/2026_1_ARIS/internal/repository/post.go:49.38,51.4 1 0
github.com/go-park-mail-ru/2026_1_ARIS/internal/repository/post.go:51.9,51.44 1 0
github.com/go-park-mail-ru/2026_1_ARIS/internal/repository/post.go:51.44,53.4 1 0
github.com/go-park-mail-ru/2026_1_ARIS/internal/repository/post.go:54.3,54.11 1 0
github.com/go-park-mail-ru/2026_1_ARIS/internal/repository/post.go:57.2,59.26 2 0
github.com/go-park-mail-ru/2026_1_ARIS/internal/repository/post.go:59.26,60.29 1 0
github.com/go-park-mail-ru/2026_1_ARIS/internal/repository/post.go:60.29,62.4 1 0
github.com/go-park-mail-ru/2026_1_ARIS/internal/repository/post.go:62.9,64.4 1 0
github.com/go-park-mail-ru/2026_1_ARIS/internal/repository/post.go:67.2,67.30 1 0
github.com/go-park-mail-ru/2026_1_ARIS/internal/repository/post.go:67.30,68.95 1 0
github.com/go-park-mail-ru/2026_1_ARIS/internal/repository/post.go:68.95,69.32 1 0
github.com/go-park-mail-ru/2026_1_ARIS/internal/repository/post.go:69.32,71.5 1 0
github.com/go-park-mail-ru/2026_1_ARIS/internal/repository/post.go:72.4,72.38 1 0
github.com/go-park-mail-ru/2026_1_ARIS/internal/repository/post.go:76.2,76.41 1 0
github.com/go-park-mail-ru/2026_1_ARIS/internal/repository/post.go:79.78,84.9 4 0
github.com/go-park-mail-ru/2026_1_ARIS/internal/repository/post.go:84.9,86.3 1 0
github.com/go-park-mail-ru/2026_1_ARIS/internal/repository/post.go:88.2,88.12 1 0
github.com/go-park-mail-ru/2026_1_ARIS/internal/repository/post.go:91.76,97.9 4 0
github.com/go-park-mail-ru/2026_1_ARIS/internal/repository/post.go:97.9,99.3 1 0
github.com/go-park-mail-ru/2026_1_ARIS/internal/repository/post.go:101.2,102.12 2 0
github.com/go-park-mail-ru/2026_1_ARIS/internal/repository/post.go:105.96,109.28 3 0
github.com/go-park-mail-ru/2026_1_ARIS/internal/repository/post.go:109.28,111.3 1 0
github.com/go-park-mail-ru/2026_1_ARIS/internal/repository/post.go:113.2,113.33 1 0
github.com/go-park-mail-ru/2026_1_ARIS/internal/repository/post.go:113.33,115.3 1 0
github.com/go-park-mail-ru/2026_1_ARIS/internal/repository/post.go:117.2,117.71 1 0
github.com/go-park-mail-ru/2026_1_ARIS/internal/repository/post.go:120.76,125.9 4 0
github.com/go-park-mail-ru/2026_1_ARIS/internal/repository/post.go:125.9,127.3 1 0
github.com/go-park-mail-ru/2026_1_ARIS/internal/repository/post.go:129.2,129.22 1 0
github.com/go-park-mail-ru/2026_1_ARIS/internal/repository/post_with_media.go:21.47,23.2 1 0
github.com/go-park-mail-ru/2026_1_ARIS/internal/repository/post_with_media.go:25.82,31.72 4 0
github.com/go-park-mail-ru/2026_1_ARIS/internal/repository/post_with_media.go:31.72,32.24 1 0
github.com/go-park-mail-ru/2026_1_ARIS/internal/repository/post_with_media.go:32.24,34.4 1 0
github.com/go-park-mail-ru/2026_1_ARIS/internal/repository/post_with_media.go:34.9,34.31 1 0
github.com/go-park-mail-ru/2026_1_ARIS/internal/repository/post_with_media.go:34.31,36.4 1 0
github.com/go-park-mail-ru/2026_1_ARIS/internal/repository/post_with_media.go:37.3,37.11 1 0
github.com/go-park-mail-ru/2026_1_ARIS/internal/repository/post_with_media.go:40.2,40.37 1 0
github.com/go-park-mail-ru/2026_1_ARIS/internal/repository/post_with_media.go:40.37,41.25 1 0
github.com/go-park-mail-ru/2026_1_ARIS/internal/repository/post_with_media.go:41.25,43.4 1 0
github.com/go-park-mail-ru/2026_1_ARIS/internal/repository/post_with_media.go:46.2,46.17 1 0
github.com/go-park-mail-ru/2026_1_ARIS/internal/repository/post_with_media.go:49.97,56.2 5 0
github.com/go-park-mail-ru/2026_1_ARIS/internal/repository/profile.go:23.35,27.2 3 0
github.com/go-park-mail-ru/2026_1_ARIS/internal/repository/profile.go:29.92,34.9 4 0
github.com/go-park-mail-ru/2026_1_ARIS/internal/repository/profile.go:34.9,36.3 1 0
github.com/go-park-mail-ru/2026_1_ARIS/internal/repository/profile.go:37.2,37.22 1 0
github.com/go-park-mail-ru/2026_1_ARIS/internal/repository/profile.go:40.87,46.2 4 0
github.com/go-park-mail-ru/2026_1_ARIS/internal/repository/profile.go:48.94,52.31 3 0
github.com/go-park-mail-ru/2026_1_ARIS/internal/repository/profile.go:52.31,53.29 1 0
github.com/go-park-mail-ru/2026_1_ARIS/internal/repository/profile.go:53.29,55.4 1 0
github.com/go-park-mail-ru/2026_1_ARIS/internal/repository/profile.go:57.2,57.45 1 0
github.com/go-park-mail-ru/2026_1_ARIS/internal/repository/repost.go:22.33,26.2 1 0
github.com/go-park-mail-ru/2026_1_ARIS/internal/repository/repost.go:28.84,33.9 4 0
github.com/go-park-mail-ru/2026_1_ARIS/internal/repository/repost.go:33.9,35.3 1 0
github.com/go-park-mail-ru/2026_1_ARIS/internal/repository/repost.go:37.2,37.12 1 0
github.com/go-park-mail-ru/2026_1_ARIS/internal/repository/repost.go:40.88,46.35 4 0
github.com/go-park-mail-ru/2026_1_ARIS/internal/repository/repost.go:46.35,47.30 1 0
github.com/go-park-mail-ru/2026_1_ARIS/internal/repository/repost.go:47.30,49.4 1 0
github.com/go-park-mail-ru/2026_1_ARIS/internal/repository/repost.go:50.3,50.22 1 0
github.com/go-park-mail-ru/2026_1_ARIS/internal/repository/repost.go:52.2,54.14 2 0
github.com/go-park-mail-ru/2026_1_ARIS/internal/repository/session_repo.go:22.35,26.2 1 0
github.com/go-park-mail-ru/2026_1_ARIS/internal/repository/session_repo.go:28.81,33.2 3 0
github.com/go-park-mail-ru/2026_1_ARIS/internal/repository/session_repo.go:35.86,40.9 4 0
github.com/go-park-mail-ru/2026_1_ARIS/internal/repository/session_repo.go:40.9,42.3 1 0
github.com/go-park-mail-ru/2026_1_ARIS/internal/repository/session_repo.go:43.2,44.12 2 0
github.com/go-park-mail-ru/2026_1_ARIS/internal/repository/session_repo.go:47.106,51.9 4 0
github.com/go-park-mail-ru/2026_1_ARIS/internal/repository/session_repo.go:51.9,53.3 1 0
github.com/go-park-mail-ru/2026_1_ARIS/internal/repository/session_repo.go:54.2,54.18 1 0
github.com/go-park-mail-ru/2026_1_ARIS/internal/repository/user.go:31.29,35.2 3 0
github.com/go-park-mail-ru/2026_1_ARIS/internal/repository/user.go:37.78,43.2 4 0
github.com/go-park-mail-ru/2026_1_ARIS/internal/repository/user.go:45.76,51.8 4 0
github.com/go-park-mail-ru/2026_1_ARIS/internal/repository/user.go:51.8,54.3 2 0
github.com/go-park-mail-ru/2026_1_ARIS/internal/repository/user.go:56.2,56.37 1 0
github.com/go-park-mail-ru/2026_1_ARIS/internal/repository/user.go:59.93,65.9 4 0
github.com/go-park-mail-ru/2026_1_ARIS/internal/repository/user.go:65.9,67.3 1 0
github.com/go-park-mail-ru/2026_1_ARIS/internal/repository/user.go:68.2,68.19 1 0
github.com/go-park-mail-ru/2026_1_ARIS/internal/repository/user.go:71.96,75.28 3 0
github.com/go-park-mail-ru/2026_1_ARIS/internal/repository/user.go:75.28,76.24 1 0
github.com/go-park-mail-ru/2026_1_ARIS/internal/repository/user.go:76.24,78.4 1 0
github.com/go-park-mail-ru/2026_1_ARIS/internal/repository/user.go:80.2,80.42 1 0
github.com/go-park-mail-ru/2026_1_ARIS/internal/repository/user.go:83.96,87.28 3 0
github.com/go-park-mail-ru/2026_1_ARIS/internal/repository/user.go:87.28,88.24 1 0
github.com/go-park-mail-ru/2026_1_ARIS/internal/repository/user.go:88.24,90.4 1 0
github.com/go-park-mail-ru/2026_1_ARIS/internal/repository/user.go:92.2,92.42 1 0
github.com/go-park-mail-ru/2026_1_ARIS/internal/repository/user.go:95.87,99.28 3 0
github.com/go-park-mail-ru/2026_1_ARIS/internal/repository/user.go:99.28,101.3 1 0
github.com/go-park-mail-ru/2026_1_ARIS/internal/repository/user.go:102.2,102.33 1 0
github.com/go-park-mail-ru/2026_1_ARIS/internal/repository/user.go:102.33,104.3 1 0
github.com/go-park-mail-ru/2026_1_ARIS/internal/repository/user.go:106.2,106.68 1 0
github.com/go-park-mail-ru/2026_1_ARIS/internal/repository/user_profile.go:26.43,30.2 3 0
github.com/go-park-mail-ru/2026_1_ARIS/internal/repository/user_profile.go:32.108,37.9 4 0
github.com/go-park-mail-ru/2026_1_ARIS/internal/repository/user_profile.go:37.9,39.3 1 0
github.com/go-park-mail-ru/2026_1_ARIS/internal/repository/user_profile.go:41.2,41.26 1 0
github.com/go-park-mail-ru/2026_1_ARIS/internal/repository/user_profile.go:44.98,50.2 4 0
github.com/go-park-mail-ru/2026_1_ARIS/internal/repository/user_profile.go:52.111,56.35 3 0
github.com/go-park-mail-ru/2026_1_ARIS/internal/repository/user_profile.go:56.35,57.31 1 0
github.com/go-park-mail-ru/2026_1_ARIS/internal/repository/user_profile.go:57.31,59.4 1 0
github.com/go-park-mail-ru/2026_1_ARIS/internal/repository/user_profile.go:61.2,61.49 1 0
github.com/go-park-mail-ru/2026_1_ARIS/internal/repository/user_profile.go:64.119,68.35 3 0
github.com/go-park-mail-ru/2026_1_ARIS/internal/repository/user_profile.go:68.35,69.28 1 0
github.com/go-park-mail-ru/2026_1_ARIS/internal/repository/user_profile.go:69.28,71.4 1 0
github.com/go-park-mail-ru/2026_1_ARIS/internal/repository/user_profile.go:73.2,73.49 1 0
github.com/go-park-mail-ru/2026_1_ARIS/internal/repository/user_profile.go:76.105,80.35 3 0
github.com/go-park-mail-ru/2026_1_ARIS/internal/repository/user_profile.go:80.35,81.25 1 0
github.com/go-park-mail-ru/2026_1_ARIS/internal/repository/user_profile.go:81.25,83.4 1 0
github.com/go-park-mail-ru/2026_1_ARIS/internal/repository/user_profile.go:86.2,86.49 1 0
github.com/go-park-mail-ru/2026_1_ARIS/internal/server/router.go:18.12,31.42 5 0
github.com/go-park-mail-ru/2026_1_ARIS/internal/server/router.go:31.42,35.30 3 0
github.com/go-park-mail-ru/2026_1_ARIS/internal/server/router.go:35.30,39.4 3 0
github.com/go-park-mail-ru/2026_1_ARIS/internal/server/router.go:42.2,43.29 2 0
github.com/go-park-mail-ru/2026_1_ARIS/internal/server/router.go:43.29,46.3 2 0
github.com/go-park-mail-ru/2026_1_ARIS/internal/server/router.go:48.2,51.10 2 0
github.com/go-park-mail-ru/2026_1_ARIS/internal/service/auth.go:28.143,34.2 1 0
github.com/go-park-mail-ru/2026_1_ARIS/internal/service/auth.go:36.134,40.69 3 0
github.com/go-park-mail-ru/2026_1_ARIS/internal/service/auth.go:40.69,42.3 1 0
github.com/go-park-mail-ru/2026_1_ARIS/internal/service/auth.go:44.2,45.16 2 0
github.com/go-park-mail-ru/2026_1_ARIS/internal/service/auth.go:45.16,47.3 1 0
github.com/go-park-mail-ru/2026_1_ARIS/internal/service/auth.go:48.2,48.54 1 0
github.com/go-park-mail-ru/2026_1_ARIS/internal/service/auth.go:48.54,50.3 1 0
github.com/go-park-mail-ru/2026_1_ARIS/internal/service/auth.go:52.2,53.16 2 0
github.com/go-park-mail-ru/2026_1_ARIS/internal/service/auth.go:53.16,55.3 1 0
github.com/go-park-mail-ru/2026_1_ARIS/internal/service/auth.go:57.2,59.21 2 0
github.com/go-park-mail-ru/2026_1_ARIS/internal/service/auth.go:62.96,67.16 4 0
github.com/go-park-mail-ru/2026_1_ARIS/internal/service/auth.go:67.16,69.3 1 0
github.com/go-park-mail-ru/2026_1_ARIS/internal/service/auth.go:71.2,72.16 2 0
github.com/go-park-mail-ru/2026_1_ARIS/internal/service/auth.go:72.16,74.3 1 0
github.com/go-park-mail-ru/2026_1_ARIS/internal/service/auth.go:76.2,77.16 2 0
github.com/go-park-mail-ru/2026_1_ARIS/internal/service/auth.go:77.16,79.3 1 0
github.com/go-park-mail-ru/2026_1_ARIS/internal/service/auth.go:81.2,82.16 2 0
github.com/go-park-mail-ru/2026_1_ARIS/internal/service/auth.go:82.16,84.3 1 0
github.com/go-park-mail-ru/2026_1_ARIS/internal/service/auth.go:86.2,86.18 1 0
github.com/go-park-mail-ru/2026_1_ARIS/internal/service/auth.go:89.251,99.2 7 0
github.com/go-park-mail-ru/2026_1_ARIS/internal/service/media.go:21.115,26.2 1 0
github.com/go-park-mail-ru/2026_1_ARIS/internal/service/media.go:28.81,30.16 2 0
github.com/go-park-mail-ru/2026_1_ARIS/internal/service/media.go:30.16,32.3 1 0
github.com/go-park-mail-ru/2026_1_ARIS/internal/service/media.go:34.2,34.31 1 0
github.com/go-park-mail-ru/2026_1_ARIS/internal/service/media.go:34.31,36.3 1 0
github.com/go-park-mail-ru/2026_1_ARIS/internal/service/media.go:38.2,38.19 1 0
github.com/go-park-mail-ru/2026_1_ARIS/internal/service/media.go:41.72,46.35 3 0
github.com/go-park-mail-ru/2026_1_ARIS/internal/service/media.go:46.35,48.17 2 0
github.com/go-park-mail-ru/2026_1_ARIS/internal/service/media.go:48.17,50.4 1 0
github.com/go-park-mail-ru/2026_1_ARIS/internal/service/media.go:53.2,53.15 1 0
github.com/go-park-mail-ru/2026_1_ARIS/internal/service/post.go:39.48,48.2 1 0
github.com/go-park-mail-ru/2026_1_ARIS/internal/service/post.go:50.101,51.31 1 0
github.com/go-park-mail-ru/2026_1_ARIS/internal/service/post.go:51.31,53.3 1 0
github.com/go-park-mail-ru/2026_1_ARIS/internal/service/post.go:55.2,57.21 2 0
github.com/go-park-mail-ru/2026_1_ARIS/internal/service/post.go:57.21,59.17 2 0
github.com/go-park-mail-ru/2026_1_ARIS/internal/service/post.go:59.17,61.4 1 0
github.com/go-park-mail-ru/2026_1_ARIS/internal/service/post.go:63.3,63.17 1 0
github.com/go-park-mail-ru/2026_1_ARIS/internal/service/post.go:66.2,69.16 3 0
github.com/go-park-mail-ru/2026_1_ARIS/internal/service/post.go:69.16,71.3 1 0
github.com/go-park-mail-ru/2026_1_ARIS/internal/service/post.go:73.2,74.13 2 0
github.com/go-park-mail-ru/2026_1_ARIS/internal/service/post.go:74.13,76.3 1 0
github.com/go-park-mail-ru/2026_1_ARIS/internal/service/post.go:78.2,79.31 2 0
github.com/go-park-mail-ru/2026_1_ARIS/internal/service/post.go:79.31,85.3 2 0
github.com/go-park-mail-ru/2026_1_ARIS/internal/service/post.go:87.2,91.8 1 0
github.com/go-park-mail-ru/2026_1_ARIS/internal/service/post.go:94.80,96.16 2 0
github.com/go-park-mail-ru/2026_1_ARIS/internal/service/post.go:96.16,98.3 1 0
github.com/go-park-mail-ru/2026_1_ARIS/internal/service/post.go:100.2,104.16 3 0
github.com/go-park-mail-ru/2026_1_ARIS/internal/service/post.go:104.16,106.3 1 0
github.com/go-park-mail-ru/2026_1_ARIS/internal/service/post.go:108.2,108.21 1 0
github.com/go-park-mail-ru/2026_1_ARIS/internal/service/post.go:111.73,113.2 1 0
github.com/go-park-mail-ru/2026_1_ARIS/internal/service/post.go:115.79,117.2 1 0
github.com/go-park-mail-ru/2026_1_ARIS/internal/service/post.go:119.82,121.2 1 0
github.com/go-park-mail-ru/2026_1_ARIS/internal/service/post.go:123.81,125.2 1 0
github.com/go-park-mail-ru/2026_1_ARIS/internal/service/session_service.go:24.68,28.2 1 0
github.com/go-park-mail-ru/2026_1_ARIS/internal/service/session_service.go:29.88,31.2 1 0
github.com/go-park-mail-ru/2026_1_ARIS/internal/service/session_service.go:32.66,33.24 1 0
github.com/go-park-mail-ru/2026_1_ARIS/internal/service/session_service.go:33.24,35.3 1 0
github.com/go-park-mail-ru/2026_1_ARIS/internal/service/session_service.go:36.2,36.12 1 0
github.com/go-park-mail-ru/2026_1_ARIS/internal/service/session_service.go:41.97,42.50 1 0
github.com/go-park-mail-ru/2026_1_ARIS/internal/service/session_service.go:42.50,44.3 1 0
github.com/go-park-mail-ru/2026_1_ARIS/internal/service/session_service.go:46.2,54.19 3 0
github.com/go-park-mail-ru/2026_1_ARIS/internal/service/session_service.go:57.104,59.2 1 0
github.com/go-park-mail-ru/2026_1_ARIS/internal/service/user_profile.go:27.150,33.2 1 0
github.com/go-park-mail-ru/2026_1_ARIS/internal/service/user_profile.go:35.242,45.2 7 0
github.com/go-park-mail-ru/2026_1_ARIS/internal/service/user_profile.go:47.89,49.2 1 0
github.com/go-park-mail-ru/2026_1_ARIS/internal/service/user_profile.go:51.118,53.2 1 0
github.com/go-park-mail-ru/2026_1_ARIS/internal/service/user_profile.go:55.107,57.2 1 0
github.com/go-park-mail-ru/2026_1_ARIS/internal/service/user_profile.go:59.112,61.2 1 0
github.com/go-park-mail-ru/2026_1_ARIS/internal/service/mocks/auth_mock.go:28.67,32.2 3 0
github.com/go-park-mail-ru/2026_1_ARIS/internal/service/mocks/auth_mock.go:35.65,37.2 1 0
github.com/go-park-mail-ru/2026_1_ARIS/internal/service/mocks/auth_mock.go:40.217,46.2 5 0
github.com/go-park-mail-ru/2026_1_ARIS/internal/service/mocks/auth_mock.go:49.154,52.2 2 0
github.com/go-park-mail-ru/2026_1_ARIS/internal/service/mocks/auth_mock.go:55.96,61.2 5 0
github.com/go-park-mail-ru/2026_1_ARIS/internal/service/mocks/auth_mock.go:64.89,67.2 2 0
github.com/go-park-mail-ru/2026_1_ARIS/internal/service/mocks/auth_mock.go:70.120,76.2 5 0
github.com/go-park-mail-ru/2026_1_ARIS/internal/service/mocks/auth_mock.go:79.110,82.2 2 0
github.com/go-park-mail-ru/2026_1_ARIS/internal/service/mocks/session_mock.go:28.73,32.2 3 0
github.com/go-park-mail-ru/2026_1_ARIS/internal/service/mocks/session_mock.go:35.71,37.2 1 0
github.com/go-park-mail-ru/2026_1_ARIS/internal/service/mocks/session_mock.go:40.100,46.2 5 0
github.com/go-park-mail-ru/2026_1_ARIS/internal/service/mocks/session_mock.go:49.87,52.2 2 0
github.com/go-park-mail-ru/2026_1_ARIS/internal/service/mocks/session_mock.go:55.88,60.2 4 0
github.com/go-park-mail-ru/2026_1_ARIS/internal/service/mocks/session_mock.go:63.87,66.2 2 0
github.com/go-park-mail-ru/2026_1_ARIS/internal/service/mocks/session_mock.go:69.104,75.2 5 0
github.com/go-park-mail-ru/2026_1_ARIS/internal/service/mocks/session_mock.go:78.84,81.2 2 0
github.com/go-park-mail-ru/2026_1_ARIS/internal/service/mocks/user_mock.go:29.67,33.2 3 0
github.com/go-park-mail-ru/2026_1_ARIS/internal/service/mocks/user_mock.go:36.65,38.2 1 0
github.com/go-park-mail-ru/2026_1_ARIS/internal/service/mocks/user_mock.go:41.208,47.2 5 0
github.com/go-park-mail-ru/2026_1_ARIS/internal/service/mocks/user_mock.go:50.154,53.2 2 0
github.com/go-park-mail-ru/2026_1_ARIS/internal/service/mocks/user_mock.go:56.91,61.2 4 0
github.com/go-park-mail-ru/2026_1_ARIS/internal/service/mocks/user_mock.go:64.95,67.2 2 0
github.com/go-park-mail-ru/2026_1_ARIS/internal/service/mocks/user_mock.go:70.118,76.2 5 0
github.com/go-park-mail-ru/2026_1_ARIS/internal/service/mocks/user_mock.go:79.101,82.2 2 0
github.com/go-park-mail-ru/2026_1_ARIS/internal/service/mocks/user_mock.go:85.115,91.2 5 0
github.com/go-park-mail-ru/2026_1_ARIS/internal/service/mocks/user_mock.go:94.98,97.2 2 0
github.com/go-park-mail-ru/2026_1_ARIS/internal/service/mocks/user_mock.go:100.102,106.2 5 0
github.com/go-park-mail-ru/2026_1_ARIS/internal/service/mocks/user_mock.go:109.101,112.2 2 0
github.com/go-park-mail-ru/2026_1_ARIS/internal/utils/mock_data.go:18.36,152.2 114 0
github.com/go-park-mail-ru/2026_1_ARIS/internal/utils/write_error.go:8.66,14.2 3 0
github.com/go-park-mail-ru/2026_1_ARIS/internal/handler/auth.go:59.130,65.2 1 0
github.com/go-park-mail-ru/2026_1_ARIS/internal/handler/auth.go:79.72,81.61 2 0
github.com/go-park-mail-ru/2026_1_ARIS/internal/handler/auth.go:81.61,84.3 2 0
github.com/go-park-mail-ru/2026_1_ARIS/internal/handler/auth.go:86.2,86.45 1 0
github.com/go-park-mail-ru/2026_1_ARIS/internal/handler/auth.go:86.45,89.3 2 0
github.com/go-park-mail-ru/2026_1_ARIS/internal/handler/auth.go:91.2,91.36 1 0
github.com/go-park-mail-ru/2026_1_ARIS/internal/handler/auth.go:91.36,94.3 2 0
github.com/go-park-mail-ru/2026_1_ARIS/internal/handler/auth.go:96.2,99.16 3 0
github.com/go-park-mail-ru/2026_1_ARIS/internal/handler/auth.go:99.16,100.96 1 0
github.com/go-park-mail-ru/2026_1_ARIS/internal/handler/auth.go:100.96,103.4 2 0
github.com/go-park-mail-ru/2026_1_ARIS/internal/handler/auth.go:103.9,103.52 1 0
github.com/go-park-mail-ru/2026_1_ARIS/internal/handler/auth.go:103.52,106.4 2 0
github.com/go-park-mail-ru/2026_1_ARIS/internal/handler/auth.go:106.9,106.55 1 0
github.com/go-park-mail-ru/2026_1_ARIS/internal/handler/auth.go:106.55,109.4 2 0
github.com/go-park-mail-ru/2026_1_ARIS/internal/handler/auth.go:110.3,111.9 2 0
github.com/go-park-mail-ru/2026_1_ARIS/internal/handler/auth.go:114.2,115.16 2 0
github.com/go-park-mail-ru/2026_1_ARIS/internal/handler/auth.go:115.16,118.3 2 0
github.com/go-park-mail-ru/2026_1_ARIS/internal/handler/auth.go:120.2,121.16 2 0
github.com/go-park-mail-ru/2026_1_ARIS/internal/handler/auth.go:121.16,124.3 2 0
github.com/go-park-mail-ru/2026_1_ARIS/internal/handler/auth.go:126.2,137.36 5 0
github.com/go-park-mail-ru/2026_1_ARIS/internal/handler/auth.go:152.69,154.61 2 0
github.com/go-park-mail-ru/2026_1_ARIS/internal/handler/auth.go:154.61,157.3 2 0
github.com/go-park-mail-ru/2026_1_ARIS/internal/handler/auth.go:159.2,160.16 2 0
github.com/go-park-mail-ru/2026_1_ARIS/internal/handler/auth.go:160.16,163.3 2 0
github.com/go-park-mail-ru/2026_1_ARIS/internal/handler/auth.go:165.2,166.16 2 0
github.com/go-park-mail-ru/2026_1_ARIS/internal/handler/auth.go:166.16,169.3 2 0
github.com/go-park-mail-ru/2026_1_ARIS/internal/handler/auth.go:171.2,182.16 3 0
github.com/go-park-mail-ru/2026_1_ARIS/internal/handler/auth.go:182.16,185.3 2 0
github.com/go-park-mail-ru/2026_1_ARIS/internal/handler/auth.go:187.2,195.42 3 0
github.com/go-park-mail-ru/2026_1_ARIS/internal/handler/auth.go:206.70,209.16 2 0
github.com/go-park-mail-ru/2026_1_ARIS/internal/handler/auth.go:209.16,214.3 3 0
github.com/go-park-mail-ru/2026_1_ARIS/internal/handler/auth.go:216.2,218.72 2 0
github.com/go-park-mail-ru/2026_1_ARIS/internal/handler/auth.go:218.73,220.3 0 0
github.com/go-park-mail-ru/2026_1_ARIS/internal/handler/auth.go:222.2,233.79 4 0
github.com/go-park-mail-ru/2026_1_ARIS/internal/handler/auth.go:245.66,248.9 3 0
github.com/go-park-mail-ru/2026_1_ARIS/internal/handler/auth.go:248.9,251.3 2 0
github.com/go-park-mail-ru/2026_1_ARIS/internal/handler/auth.go:253.2,256.16 4 0
github.com/go-park-mail-ru/2026_1_ARIS/internal/handler/auth.go:256.16,259.3 2 0
github.com/go-park-mail-ru/2026_1_ARIS/internal/handler/auth.go:261.2,263.33 3 0
github.com/go-park-mail-ru/2026_1_ARIS/internal/handler/feed.go:51.142,57.2 1 0
github.com/go-park-mail-ru/2026_1_ARIS/internal/handler/feed.go:73.71,74.32 1 0
github.com/go-park-mail-ru/2026_1_ARIS/internal/handler/feed.go:74.32,77.3 2 0
github.com/go-park-mail-ru/2026_1_ARIS/internal/handler/feed.go:79.2,85.46 4 0
github.com/go-park-mail-ru/2026_1_ARIS/internal/handler/feed.go:85.46,87.17 2 0
github.com/go-park-mail-ru/2026_1_ARIS/internal/handler/feed.go:87.17,90.4 2 0
github.com/go-park-mail-ru/2026_1_ARIS/internal/handler/feed.go:91.3,91.17 1 0
github.com/go-park-mail-ru/2026_1_ARIS/internal/handler/feed.go:94.2,95.16 2 0
github.com/go-park-mail-ru/2026_1_ARIS/internal/handler/feed.go:95.16,98.3 2 0
github.com/go-park-mail-ru/2026_1_ARIS/internal/handler/feed.go:100.2,103.34 2 0
github.com/go-park-mail-ru/2026_1_ARIS/internal/handler/feed.go:103.34,106.17 2 0
github.com/go-park-mail-ru/2026_1_ARIS/internal/handler/feed.go:106.17,109.4 2 0
github.com/go-park-mail-ru/2026_1_ARIS/internal/handler/feed.go:111.3,113.33 2 0
github.com/go-park-mail-ru/2026_1_ARIS/internal/handler/feed.go:113.33,115.18 2 0
github.com/go-park-mail-ru/2026_1_ARIS/internal/handler/feed.go:115.18,118.5 2 0
github.com/go-park-mail-ru/2026_1_ARIS/internal/handler/feed.go:119.4,119.40 1 0
github.com/go-park-mail-ru/2026_1_ARIS/internal/handler/feed.go:122.3,136.32 5 0
github.com/go-park-mail-ru/2026_1_ARIS/internal/handler/feed.go:136.32,142.4 1 0
github.com/go-park-mail-ru/2026_1_ARIS/internal/handler/feed.go:144.3,159.5 4 0
github.com/go-park-mail-ru/2026_1_ARIS/internal/handler/feed.go:163.2,169.37 2 0
github.com/go-park-mail-ru/2026_1_ARIS/internal/middleware/auth.go:12.92,13.46 1 0
github.com/go-park-mail-ru/2026_1_ARIS/internal/middleware/auth.go:13.46,14.72 1 0
github.com/go-park-mail-ru/2026_1_ARIS/internal/middleware/auth.go:14.72,17.18 3 0
github.com/go-park-mail-ru/2026_1_ARIS/internal/middleware/auth.go:17.18,20.5 2 0
github.com/go-park-mail-ru/2026_1_ARIS/internal/middleware/auth.go:22.4,24.18 3 0
github.com/go-park-mail-ru/2026_1_ARIS/internal/middleware/auth.go:24.18,27.5 2 0
github.com/go-park-mail-ru/2026_1_ARIS/internal/middleware/auth.go:29.4,31.41 2 0
github.com/go-park-mail-ru/2026_1_ARIS/internal/middleware/cors.go:5.53,6.71 1 0
github.com/go-park-mail-ru/2026_1_ARIS/internal/middleware/cors.go:6.71,12.37 5 0
github.com/go-park-mail-ru/2026_1_ARIS/internal/middleware/cors.go:12.37,15.4 2 0
github.com/go-park-mail-ru/2026_1_ARIS/internal/middleware/cors.go:17.3,17.23 1 0
github.com/go-park-mail-ru/2026_1_ARIS/internal/models/model.go:84.62,94.2 2 0
github.com/go-park-mail-ru/2026_1_ARIS/internal/models/model.go:111.139,126.2 2 0
github.com/go-park-mail-ru/2026_1_ARIS/internal/models/model.go:141.115,156.2 2 0
github.com/go-park-mail-ru/2026_1_ARIS/internal/models/model.go:168.72,171.19 2 0
github.com/go-park-mail-ru/2026_1_ARIS/internal/models/model.go:171.19,173.3 1 0
github.com/go-park-mail-ru/2026_1_ARIS/internal/models/model.go:175.2,184.3 2 0
github.com/go-park-mail-ru/2026_1_ARIS/internal/models/model.go:196.64,207.2 2 0
github.com/go-park-mail-ru/2026_1_ARIS/internal/models/model.go:216.72,222.2 1 0
github.com/go-park-mail-ru/2026_1_ARIS/internal/models/model.go:301.137,315.2 2 0
github.com/go-park-mail-ru/2026_1_ARIS/internal/models/model.go:330.35,336.2 1 0
github.com/go-park-mail-ru/2026_1_ARIS/internal/models/model.go:344.57,349.2 1 0
github.com/go-park-mail-ru/2026_1_ARIS/internal/models/model.go:429.59,436.2 1 0
github.com/go-park-mail-ru/2026_1_ARIS/internal/repository/comment.go:20.35,24.2 3 0
github.com/go-park-mail-ru/2026_1_ARIS/internal/repository/comment.go:26.69,32.31 4 0
github.com/go-park-mail-ru/2026_1_ARIS/internal/repository/comment.go:32.31,33.31 1 0
github.com/go-park-mail-ru/2026_1_ARIS/internal/repository/comment.go:33.31,35.4 1 0
github.com/go-park-mail-ru/2026_1_ARIS/internal/repository/comment.go:38.2,38.22 1 0
github.com/go-park-mail-ru/2026_1_ARIS/internal/repository/comment.go:41.66,46.9 4 0
github.com/go-park-mail-ru/2026_1_ARIS/internal/repository/comment.go:46.9,48.3 1 0
github.com/go-park-mail-ru/2026_1_ARIS/internal/repository/comment.go:49.2,49.12 1 0
github.com/go-park-mail-ru/2026_1_ARIS/internal/repository/like.go:21.29,25.2 3 0
github.com/go-park-mail-ru/2026_1_ARIS/internal/repository/like.go:27.72,32.9 4 0
github.com/go-park-mail-ru/2026_1_ARIS/internal/repository/like.go:32.9,34.3 1 0
github.com/go-park-mail-ru/2026_1_ARIS/internal/repository/like.go:35.2,35.19 1 0
github.com/go-park-mail-ru/2026_1_ARIS/internal/repository/like.go:38.57,43.9 4 0
github.com/go-park-mail-ru/2026_1_ARIS/internal/repository/like.go:43.9,45.3 1 0
github.com/go-park-mail-ru/2026_1_ARIS/internal/repository/like.go:46.2,46.12 1 0
github.com/go-park-mail-ru/2026_1_ARIS/internal/repository/like_to_post.go:20.41,22.2 1 0
github.com/go-park-mail-ru/2026_1_ARIS/internal/repository/like_to_post.go:24.75,30.34 4 0
github.com/go-park-mail-ru/2026_1_ARIS/internal/repository/like_to_post.go:30.34,31.25 1 0
github.com/go-park-mail-ru/2026_1_ARIS/internal/repository/like_to_post.go:31.25,33.4 1 0
github.com/go-park-mail-ru/2026_1_ARIS/internal/repository/like_to_post.go:36.2,36.19 1 0
github.com/go-park-mail-ru/2026_1_ARIS/internal/repository/like_to_post.go:39.75,45.2 4 0
github.com/go-park-mail-ru/2026_1_ARIS/internal/repository/media.go:22.31,26.2 3 0
github.com/go-park-mail-ru/2026_1_ARIS/internal/repository/media.go:28.79,33.9 4 0
github.com/go-park-mail-ru/2026_1_ARIS/internal/repository/media.go:33.9,35.3 1 0
github.com/go-park-mail-ru/2026_1_ARIS/internal/repository/media.go:37.2,37.20 1 0
github.com/go-park-mail-ru/2026_1_ARIS/internal/repository/media.go:40.81,46.2 4 0
github.com/go-park-mail-ru/2026_1_ARIS/internal/repository/post.go:36.29,40.2 3 0
github.com/go-park-mail-ru/2026_1_ARIS/internal/repository/post.go:42.99,48.56 4 0
github.com/go-park-mail-ru/2026_1_ARIS/internal/repository/post.go:48.56,49.38 1 0
github.com/go-park-mail-ru/2026_1_ARIS/internal/repository/post.go:49.38,51.4 1 0
github.com/go-park-mail-ru/2026_1_ARIS/internal/repository/post.go:51.9,51.44 1 0
github.com/go-park-mail-ru/2026_1_ARIS/internal/repository/post.go:51.44,53.4 1 0
github.com/go-park-mail-ru/2026_1_ARIS/internal/repository/post.go:54.3,54.11 1 0
github.com/go-park-mail-ru/2026_1_ARIS/internal/repository/post.go:57.2,59.26 2 0
github.com/go-park-mail-ru/2026_1_ARIS/internal/repository/post.go:59.26,60.29 1 0
github.com/go-park-mail-ru/2026_1_ARIS/internal/repository/post.go:60.29,62.4 1 0
github.com/go-park-mail-ru/2026_1_ARIS/internal/repository/post.go:62.9,64.4 1 0
github.com/go-park-mail-ru/2026_1_ARIS/internal/repository/post.go:67.2,67.30 1 0
github.com/go-park-mail-ru/2026_1_ARIS/internal/repository/post.go:67.30,68.95 1 0
github.com/go-park-mail-ru/2026_1_ARIS/internal/repository/post.go:68.95,69.32 1 0
github.com/go-park-mail-ru/2026_1_ARIS/internal/repository/post.go:69.32,71.5 1 0
github.com/go-park-mail-ru/2026_1_ARIS/internal/repository/post.go:72.4,72.38 1 0
github.com/go-park-mail-ru/2026_1_ARIS/internal/repository/post.go:76.2,76.41 1 0
github.com/go-park-mail-ru/2026_1_ARIS/internal/repository/post.go:79.78,84.9 4 0
github.com/go-park-mail-ru/2026_1_ARIS/internal/repository/post.go:84.9,86.3 1 0
github.com/go-park-mail-ru/2026_1_ARIS/internal/repository/post.go:88.2,88.12 1 0
github.com/go-park-mail-ru/2026_1_ARIS/internal/repository/post.go:91.76,97.9 4 0
github.com/go-park-mail-ru/2026_1_ARIS/internal/repository/post.go:97.9,99.3 1 0
github.com/go-park-mail-ru/2026_1_ARIS/internal/repository/post.go:101.2,102.12 2 0
github.com/go-park-mail-ru/2026_1_ARIS/internal/repository/post.go:105.96,109.28 3 0
github.com/go-park-mail-ru/2026_1_ARIS/internal/repository/post.go:109.28,111.3 1 0
github.com/go-park-mail-ru/2026_1_ARIS/internal/repository/post.go:113.2,113.33 1 0
github.com/go-park-mail-ru/2026_1_ARIS/internal/repository/post.go:113.33,115.3 1 0
github.com/go-park-mail-ru/2026_1_ARIS/internal/repository/post.go:117.2,117.71 1 0
github.com/go-park-mail-ru/2026_1_ARIS/internal/repository/post.go:120.76,125.9 4 0
github.com/go-park-mail-ru/2026_1_ARIS/internal/repository/post.go:125.9,127.3 1 0
github.com/go-park-mail-ru/2026_1_ARIS/internal/repository/post.go:129.2,129.22 1 0
github.com/go-park-mail-ru/2026_1_ARIS/internal/repository/post_with_media.go:21.47,23.2 1 0
github.com/go-park-mail-ru/2026_1_ARIS/internal/repository/post_with_media.go:25.82,31.72 4 0
github.com/go-park-mail-ru/2026_1_ARIS/internal/repository/post_with_media.go:31.72,32.24 1 0
github.com/go-park-mail-ru/2026_1_ARIS/internal/repository/post_with_media.go:32.24,34.4 1 0
github.com/go-park-mail-ru/2026_1_ARIS/internal/repository/post_with_media.go:34.9,34.31 1 0
github.com/go-park-mail-ru/2026_1_ARIS/internal/repository/post_with_media.go:34.31,36.4 1 0
github.com/go-park-mail-ru/2026_1_ARIS/internal/repository/post_with_media.go:37.3,37.11 1 0
github.com/go-park-mail-ru/2026_1_ARIS/internal/repository/post_with_media.go:40.2,40.37 1 0
github.com/go-park-mail-ru/2026_1_ARIS/internal/repository/post_with_media.go:40.37,41.25 1 0
github.com/go-park-mail-ru/2026_1_ARIS/internal/repository/post_with_media.go:41.25,43.4 1 0
github.com/go-park-mail-ru/2026_1_ARIS/internal/repository/post_with_media.go:46.2,46.17 1 0
github.com/go-park-mail-ru/2026_1_ARIS/internal/repository/post_with_media.go:49.97,56.2 5 0
github.com/go-park-mail-ru/2026_1_ARIS/internal/repository/profile.go:23.35,27.2 3 0
github.com/go-park-mail-ru/2026_1_ARIS/internal/repository/profile.go:29.92,34.9 4 0
github.com/go-park-mail-ru/2026_1_ARIS/internal/repository/profile.go:34.9,36.3 1 0
github.com/go-park-mail-ru/2026_1_ARIS/internal/repository/profile.go:37.2,37.22 1 0
github.com/go-park-mail-ru/2026_1_ARIS/internal/repository/profile.go:40.87,46.2 4 0
github.com/go-park-mail-ru/2026_1_ARIS/internal/repository/profile.go:48.94,52.31 3 0
github.com/go-park-mail-ru/2026_1_ARIS/internal/repository/profile.go:52.31,53.29 1 0
github.com/go-park-mail-ru/2026_1_ARIS/internal/repository/profile.go:53.29,55.4 1 0
github.com/go-park-mail-ru/2026_1_ARIS/internal/repository/profile.go:57.2,57.45 1 0
github.com/go-park-mail-ru/2026_1_ARIS/internal/repository/repost.go:22.33,26.2 1 0
github.com/go-park-mail-ru/2026_1_ARIS/internal/repository/repost.go:28.84,33.9 4 0
github.com/go-park-mail-ru/2026_1_ARIS/internal/repository/repost.go:33.9,35.3 1 0
github.com/go-park-mail-ru/2026_1_ARIS/internal/repository/repost.go:37.2,37.12 1 0
github.com/go-park-mail-ru/2026_1_ARIS/internal/repository/repost.go:40.88,46.35 4 0
github.com/go-park-mail-ru/2026_1_ARIS/internal/repository/repost.go:46.35,47.30 1 0
github.com/go-park-mail-ru/2026_1_ARIS/internal/repository/repost.go:47.30,49.4 1 0
github.com/go-park-mail-ru/2026_1_ARIS/internal/repository/repost.go:50.3,50.22 1 0
github.com/go-park-mail-ru/2026_1_ARIS/internal/repository/repost.go:52.2,54.14 2 0
github.com/go-park-mail-ru/2026_1_ARIS/internal/repository/session_repo.go:22.35,26.2 1 1
github.com/go-park-mail-ru/2026_1_ARIS/internal/repository/session_repo.go:28.81,33.2 3 1
github.com/go-park-mail-ru/2026_1_ARIS/internal/repository/session_repo.go:35.86,40.9 4 0
github.com/go-park-mail-ru/2026_1_ARIS/internal/repository/session_repo.go:40.9,42.3 1 0
github.com/go-park-mail-ru/2026_1_ARIS/internal/repository/session_repo.go:43.2,44.12 2 0
github.com/go-park-mail-ru/2026_1_ARIS/internal/repository/session_repo.go:47.106,51.9 4 1
github.com/go-park-mail-ru/2026_1_ARIS/internal/repository/session_repo.go:51.9,53.3 1 0
github.com/go-park-mail-ru/2026_1_ARIS/internal/repository/session_repo.go:54.2,54.18 1 1
github.com/go-park-mail-ru/2026_1_ARIS/internal/repository/user.go:31.29,35.2 3 0
github.com/go-park-mail-ru/2026_1_ARIS/internal/repository/user.go:37.78,43.2 4 0
github.com/go-park-mail-ru/2026_1_ARIS/internal/repository/user.go:45.76,51.8 4 0
github.com/go-park-mail-ru/2026_1_ARIS/internal/repository/user.go:51.8,54.3 2 0
github.com/go-park-mail-ru/2026_1_ARIS/internal/repository/user.go:56.2,56.37 1 0
github.com/go-park-mail-ru/2026_1_ARIS/internal/repository/user.go:59.93,65.9 4 0
github.com/go-park-mail-ru/2026_1_ARIS/internal/repository/user.go:65.9,67.3 1 0
github.com/go-park-mail-ru/2026_1_ARIS/internal/repository/user.go:68.2,68.19 1 0
github.com/go-park-mail-ru/2026_1_ARIS/internal/repository/user.go:71.96,75.28 3 0
github.com/go-park-mail-ru/2026_1_ARIS/internal/repository/user.go:75.28,76.24 1 0
github.com/go-park-mail-ru/2026_1_ARIS/internal/repository/user.go:76.24,78.4 1 0
github.com/go-park-mail-ru/2026_1_ARIS/internal/repository/user.go:80.2,80.42 1 0
github.com/go-park-mail-ru/2026_1_ARIS/internal/repository/user.go:83.96,87.28 3 0
github.com/go-park-mail-ru/2026_1_ARIS/internal/repository/user.go:87.28,88.24 1 0
github.com/go-park-mail-ru/2026_1_ARIS/internal/repository/user.go:88.24,90.4 1 0
github.com/go-park-mail-ru/2026_1_ARIS/internal/repository/user.go:92.2,92.42 1 0
github.com/go-park-mail-ru/2026_1_ARIS/internal/repository/user.go:95.87,99.28 3 0
github.com/go-park-mail-ru/2026_1_ARIS/internal/repository/user.go:99.28,101.3 1 0
github.com/go-park-mail-ru/2026_1_ARIS/internal/repository/user.go:102.2,102.33 1 0
github.com/go-park-mail-ru/2026_1_ARIS/internal/repository/user.go:102.33,104.3 1 0
github.com/go-park-mail-ru/2026_1_ARIS/internal/repository/user.go:106.2,106.68 1 0
github.com/go-park-mail-ru/2026_1_ARIS/internal/repository/user_profile.go:26.43,30.2 3 0
github.com/go-park-mail-ru/2026_1_ARIS/internal/repository/user_profile.go:32.108,37.9 4 0
github.com/go-park-mail-ru/2026_1_ARIS/internal/repository/user_profile.go:37.9,39.3 1 0
github.com/go-park-mail-ru/2026_1_ARIS/internal/repository/user_profile.go:41.2,41.26 1 0
github.com/go-park-mail-ru/2026_1_ARIS/internal/repository/user_profile.go:44.98,50.2 4 0
github.com/go-park-mail-ru/2026_1_ARIS/internal/repository/user_profile.go:52.111,56.35 3 0
github.com/go-park-mail-ru/2026_1_ARIS/internal/repository/user_profile.go:56.35,57.31 1 0
github.com/go-park-mail-ru/2026_1_ARIS/internal/repository/user_profile.go:57.31,59.4 1 0
github.com/go-park-mail-ru/2026_1_ARIS/internal/repository/user_profile.go:61.2,61.49 1 0
github.com/go-park-mail-ru/2026_1_ARIS/internal/repository/user_profile.go:64.119,68.35 3 0
github.com/go-park-mail-ru/2026_1_ARIS/internal/repository/user_profile.go:68.35,69.28 1 0
github.com/go-park-mail-ru/2026_1_ARIS/internal/repository/user_profile.go:69.28,71.4 1 0
github.com/go-park-mail-ru/2026_1_ARIS/internal/repository/user_profile.go:73.2,73.49 1 0
github.com/go-park-mail-ru/2026_1_ARIS/internal/repository/user_profile.go:76.105,80.35 3 0
github.com/go-park-mail-ru/2026_1_ARIS/internal/repository/user_profile.go:80.35,81.25 1 0
github.com/go-park-mail-ru/2026_1_ARIS/internal/repository/user_profile.go:81.25,83.4 1 0
github.com/go-park-mail-ru/2026_1_ARIS/internal/repository/user_profile.go:86.2,86.49 1 0
github.com/go-park-mail-ru/2026_1_ARIS/internal/server/router.go:18.12,31.42 5 0
github.com/go-park-mail-ru/2026_1_ARIS/internal/server/router.go:31.42,35.30 3 0
github.com/go-park-mail-ru/2026_1_ARIS/internal/server/router.go:35.30,39.4 3 0
github.com/go-park-mail-ru/2026_1_ARIS/internal/server/router.go:42.2,43.29 2 0
github.com/go-park-mail-ru/2026_1_ARIS/internal/server/router.go:43.29,46.3 2 0
github.com/go-park-mail-ru/2026_1_ARIS/internal/server/router.go:48.2,51.10 2 0
github.com/go-park-mail-ru/2026_1_ARIS/internal/service/auth.go:28.143,34.2 1 0
github.com/go-park-mail-ru/2026_1_ARIS/internal/service/auth.go:36.134,40.69 3 0
github.com/go-park-mail-ru/2026_1_ARIS/internal/service/auth.go:40.69,42.3 1 0
github.com/go-park-mail-ru/2026_1_ARIS/internal/service/auth.go:44.2,45.16 2 0
github.com/go-park-mail-ru/2026_1_ARIS/internal/service/auth.go:45.16,47.3 1 0
github.com/go-park-mail-ru/2026_1_ARIS/internal/service/auth.go:48.2,48.54 1 0
github.com/go-park-mail-ru/2026_1_ARIS/internal/service/auth.go:48.54,50.3 1 0
github.com/go-park-mail-ru/2026_1_ARIS/internal/service/auth.go:52.2,53.16 2 0
github.com/go-park-mail-ru/2026_1_ARIS/internal/service/auth.go:53.16,55.3 1 0
github.com/go-park-mail-ru/2026_1_ARIS/internal/service/auth.go:57.2,59.21 2 0
github.com/go-park-mail-ru/2026_1_ARIS/internal/service/auth.go:62.96,67.16 4 0
github.com/go-park-mail-ru/2026_1_ARIS/internal/service/auth.go:67.16,69.3 1 0
github.com/go-park-mail-ru/2026_1_ARIS/internal/service/auth.go:71.2,72.16 2 0
github.com/go-park-mail-ru/2026_1_ARIS/internal/service/auth.go:72.16,74.3 1 0
github.com/go-park-mail-ru/2026_1_ARIS/internal/service/auth.go:76.2,77.16 2 0
github.com/go-park-mail-ru/2026_1_ARIS/internal/service/auth.go:77.16,79.3 1 0
github.com/go-park-mail-ru/2026_1_ARIS/internal/service/auth.go:81.2,82.16 2 0
github.com/go-park-mail-ru/2026_1_ARIS/internal/service/auth.go:82.16,84.3 1 0
github.com/go-park-mail-ru/2026_1_ARIS/internal/service/auth.go:86.2,86.18 1 0
github.com/go-park-mail-ru/2026_1_ARIS/internal/service/auth.go:89.251,99.2 7 0
github.com/go-park-mail-ru/2026_1_ARIS/internal/service/media.go:21.115,26.2 1 0
github.com/go-park-mail-ru/2026_1_ARIS/internal/service/media.go:28.81,30.16 2 0
github.com/go-park-mail-ru/2026_1_ARIS/internal/service/media.go:30.16,32.3 1 0
github.com/go-park-mail-ru/2026_1_ARIS/internal/service/media.go:34.2,34.31 1 0
github.com/go-park-mail-ru/2026_1_ARIS/internal/service/media.go:34.31,36.3 1 0
github.com/go-park-mail-ru/2026_1_ARIS/internal/service/media.go:38.2,38.19 1 0
github.com/go-park-mail-ru/2026_1_ARIS/internal/service/media.go:41.72,46.35 3 0
github.com/go-park-mail-ru/2026_1_ARIS/internal/service/media.go:46.35,48.17 2 0
github.com/go-park-mail-ru/2026_1_ARIS/internal/service/media.go:48.17,50.4 1 0
github.com/go-park-mail-ru/2026_1_ARIS/internal/service/media.go:53.2,53.15 1 0
github.com/go-park-mail-ru/2026_1_ARIS/internal/service/post.go:39.48,48.2 1 0
github.com/go-park-mail-ru/2026_1_ARIS/internal/service/post.go:50.101,51.31 1 0
github.com/go-park-mail-ru/2026_1_ARIS/internal/service/post.go:51.31,53.3 1 0
github.com/go-park-mail-ru/2026_1_ARIS/internal/service/post.go:55.2,57.21 2 0
github.com/go-park-mail-ru/2026_1_ARIS/internal/service/post.go:57.21,59.17 2 0
github.com/go-park-mail-ru/2026_1_ARIS/internal/service/post.go:59.17,61.4 1 0
github.com/go-park-mail-ru/2026_1_ARIS/internal/service/post.go:63.3,63.17 1 0
github.com/go-park-mail-ru/2026_1_ARIS/internal/service/post.go:66.2,69.16 3 0
github.com/go-park-mail-ru/2026_1_ARIS/internal/service/post.go:69.16,71.3 1 0
github.com/go-park-mail-ru/2026_1_ARIS/internal/service/post.go:73.2,74.13 2 0
github.com/go-park-mail-ru/2026_1_ARIS/internal/service/post.go:74.13,76.3 1 0
github.com/go-park-mail-ru/2026_1_ARIS/internal/service/post.go:78.2,79.31 2 0
github.com/go-park-mail-ru/2026_1_ARIS/internal/service/post.go:79.31,85.3 2 0
github.com/go-park-mail-ru/2026_1_ARIS/internal/service/post.go:87.2,91.8 1 0
github.com/go-park-mail-ru/2026_1_ARIS/internal/service/post.go:94.80,96.16 2 0
github.com/go-park-mail-ru/2026_1_ARIS/internal/service/post.go:96.16,98.3 1 0
github.com/go-park-mail-ru/2026_1_ARIS/internal/service/post.go:100.2,104.16 3 0
github.com/go-park-mail-ru/2026_1_ARIS/internal/service/post.go:104.16,106.3 1 0
github.com/go-park-mail-ru/2026_1_ARIS/internal/service/post.go:108.2,108.21 1 0
github.com/go-park-mail-ru/2026_1_ARIS/internal/service/post.go:111.73,113.2 1 0
github.com/go-park-mail-ru/2026_1_ARIS/internal/service/post.go:115.79,117.2 1 0
github.com/go-park-mail-ru/2026_1_ARIS/internal/service/post.go:119.82,121.2 1 0
github.com/go-park-mail-ru/2026_1_ARIS/internal/service/post.go:123.81,125.2 1 0
github.com/go-park-mail-ru/2026_1_ARIS/internal/service/session_service.go:24.68,28.2 1 1
github.com/go-park-mail-ru/2026_1_ARIS/internal/service/session_service.go:29.88,31.2 1 0
github.com/go-park-mail-ru/2026_1_ARIS/internal/service/session_service.go:32.66,33.24 1 1
github.com/go-park-mail-ru/2026_1_ARIS/internal/service/session_service.go:33.24,35.3 1 0
github.com/go-park-mail-ru/2026_1_ARIS/internal/service/session_service.go:36.2,36.12 1 1
github.com/go-park-mail-ru/2026_1_ARIS/internal/service/session_service.go:41.97,42.50 1 1
github.com/go-park-mail-ru/2026_1_ARIS/internal/service/session_service.go:42.50,44.3 1 0
github.com/go-park-mail-ru/2026_1_ARIS/internal/service/session_service.go:46.2,54.19 3 1
github.com/go-park-mail-ru/2026_1_ARIS/internal/service/session_service.go:57.104,59.2 1 1
github.com/go-park-mail-ru/2026_1_ARIS/internal/service/user_profile.go:27.150,33.2 1 0
github.com/go-park-mail-ru/2026_1_ARIS/internal/service/user_profile.go:35.242,45.2 7 0
github.com/go-park-mail-ru/2026_1_ARIS/internal/service/user_profile.go:47.89,49.2 1 0
github.com/go-park-mail-ru/2026_1_ARIS/internal/service/user_profile.go:51.118,53.2 1 0
github.com/go-park-mail-ru/2026_1_ARIS/internal/service/user_profile.go:55.107,57.2 1 0
github.com/go-park-mail-ru/2026_1_ARIS/internal/service/user_profile.go:59.112,61.2 1 0
github.com/go-park-mail-ru/2026_1_ARIS/internal/service/mocks/auth_mock.go:28.67,32.2 3 0
github.com/go-park-mail-ru/2026_1_ARIS/internal/service/mocks/auth_mock.go:35.65,37.2 1 0
github.com/go-park-mail-ru/2026_1_ARIS/internal/service/mocks/auth_mock.go:40.217,46.2 5 0
github.com/go-park-mail-ru/2026_1_ARIS/internal/service/mocks/auth_mock.go:49.154,52.2 2 0
github.com/go-park-mail-ru/2026_1_ARIS/internal/service/mocks/auth_mock.go:55.96,61.2 5 0
github.com/go-park-mail-ru/2026_1_ARIS/internal/service/mocks/auth_mock.go:64.89,67.2 2 0
github.com/go-park-mail-ru/2026_1_ARIS/internal/service/mocks/auth_mock.go:70.120,76.2 5 0
github.com/go-park-mail-ru/2026_1_ARIS/internal/service/mocks/auth_mock.go:79.110,82.2 2 0
github.com/go-park-mail-ru/2026_1_ARIS/internal/service/mocks/session_mock.go:28.73,32.2 3 0
github.com/go-park-mail-ru/2026_1_ARIS/internal/service/mocks/session_mock.go:35.71,37.2 1 0
github.com/go-park-mail-ru/2026_1_ARIS/internal/service/mocks/session_mock.go:40.100,46.2 5 0
github.com/go-park-mail-ru/2026_1_ARIS/internal/service/mocks/session_mock.go:49.87,52.2 2 0
github.com/go-park-mail-ru/2026_1_ARIS/internal/service/mocks/session_mock.go:55.88,60.2 4 0
github.com/go-park-mail-ru/2026_1_ARIS/internal/service/mocks/session_mock.go:63.87,66.2 2 0
github.com/go-park-mail-ru/2026_1_ARIS/internal/service/mocks/session_mock.go:69.104,75.2 5 0
github.com/go-park-mail-ru/2026_1_ARIS/internal/service/mocks/session_mock.go:78.84,81.2 2 0
github.com/go-park-mail-ru/2026_1_ARIS/internal/service/mocks/user_mock.go:29.67,33.2 3 0
github.com/go-park-mail-ru/2026_1_ARIS/internal/service/mocks/user_mock.go:36.65,38.2 1 0
github.com/go-park-mail-ru/2026_1_ARIS/internal/service/mocks/user_mock.go:41.208,47.2 5 0
github.com/go-park-mail-ru/2026_1_ARIS/internal/service/mocks/user_mock.go:50.154,53.2 2 0
github.com/go-park-mail-ru/2026_1_ARIS/internal/service/mocks/user_mock.go:56.91,61.2 4 0
github.com/go-park-mail-ru/2026_1_ARIS/internal/service/mocks/user_mock.go:64.95,67.2 2 0
github.com/go-park-mail-ru/2026_1_ARIS/internal/service/mocks/user_mock.go:70.118,76.2 5 0
github.com/go-park-mail-ru/2026_1_ARIS/internal/service/mocks/user_mock.go:79.101,82.2 2 0
github.com/go-park-mail-ru/2026_1_ARIS/internal/service/mocks/user_mock.go:85.115,91.2 5 0
[...]
github.com/go-park-mail-ru/2026_1_ARIS/internal/repository/comment.go:33.31,35.4 1 0
github.com/go-park-mail-ru/2026_1_ARIS/internal/repository/comment.go:38.2,38.22 1 0
github.com/go-park-mail-ru/2026_1_ARIS/internal/repository/comment.go:41.66,46.9 4 0
github.com/go-park-mail-ru/2026_1_ARIS/internal/repository/comment.go:46.9,48.3 1 0
github.com/go-park-mail-ru/2026_1_ARIS/internal/repository/comment.go:49.2,49.12 1 0
github.com/go-park-mail-ru/2026_1_ARIS/internal/repository/like.go:21.29,25.2 3 0
github.com/go-park-mail-ru/2026_1_ARIS/internal/repository/like.go:27.72,32.9 4 0
github.com/go-park-mail-ru/2026_1_ARIS/internal/repository/like.go:32.9,34.3 1 0
github.com/go-park-mail-ru/2026_1_ARIS/internal/repository/like.go:35.2,35.19 1 0
github.com/go-park-mail-ru/2026_1_ARIS/internal/repository/like.go:38.57,43.9 4 0
github.com/go-park-mail-ru/2026_1_ARIS/internal/repository/like.go:43.9,45.3 1 0
github.com/go-park-mail-ru/2026_1_ARIS/internal/repository/like.go:46.2,46.12 1 0
github.com/go-park-mail-ru/2026_1_ARIS/internal/repository/like_to_post.go:20.41,22.2 1 0
github.com/go-park-mail-ru/2026_1_ARIS/internal/repository/like_to_post.go:24.75,30.34 4 0
github.com/go-park-mail-ru/2026_1_ARIS/internal/repository/like_to_post.go:30.34,31.25 1 0
github.com/go-park-mail-ru/2026_1_ARIS/internal/repository/like_to_post.go:31.25,33.4 1 0
github.com/go-park-mail-ru/2026_1_ARIS/internal/repository/like_to_post.go:36.2,36.19 1 0
github.com/go-park-mail-ru/2026_1_ARIS/internal/repository/like_to_post.go:39.75,45.2 4 0
github.com/go-park-mail-ru/2026_1_ARIS/internal/repository/media.go:22.31,26.2 3 0
github.com/go-park-mail-ru/2026_1_ARIS/internal/repository/media.go:28.79,33.9 4 0
github.com/go-park-mail-ru/2026_1_ARIS/internal/repository/media.go:33.9,35.3 1 0
github.com/go-park-mail-ru/2026_1_ARIS/internal/repository/media.go:37.2,37.20 1 0
github.com/go-park-mail-ru/2026_1_ARIS/internal/repository/media.go:40.81,46.2 4 0
github.com/go-park-mail-ru/2026_1_ARIS/internal/repository/post.go:36.29,40.2 3 0
github.com/go-park-mail-ru/2026_1_ARIS/internal/repository/post.go:42.99,48.56 4 0
github.com/go-park-mail-ru/2026_1_ARIS/internal/repository/post.go:48.56,49.38 1 0
github.com/go-park-mail-ru/2026_1_ARIS/internal/repository/post.go:49.38,51.4 1 0
github.com/go-park-mail-ru/2026_1_ARIS/internal/repository/post.go:51.9,51.44 1 0
github.com/go-park-mail-ru/2026_1_ARIS/internal/repository/post.go:51.44,53.4 1 0
github.com/go-park-mail-ru/2026_1_ARIS/internal/repository/post.go:54.3,54.11 1 0
github.com/go-park-mail-ru/2026_1_ARIS/internal/repository/post.go:57.2,59.26 2 0
github.com/go-park-mail-ru/2026_1_ARIS/internal/repository/post.go:59.26,60.29 1 0
github.com/go-park-mail-ru/2026_1_ARIS/internal/repository/post.go:60.29,62.4 1 0
github.com/go-park-mail-ru/2026_1_ARIS/internal/repository/post.go:62.9,64.4 1 0
github.com/go-park-mail-ru/2026_1_ARIS/internal/repository/post.go:67.2,67.30 1 0
github.com/go-park-mail-ru/2026_1_ARIS/internal/repository/post.go:67.30,68.95 1 0
github.com/go-park-mail-ru/2026_1_ARIS/internal/repository/post.go:68.95,69.32 1 0
github.com/go-park-mail-ru/2026_1_ARIS/internal/repository/post.go:69.32,71.5 1 0
github.com/go-park-mail-ru/2026_1_ARIS/internal/repository/post.go:72.4,72.38 1 0
github.com/go-park-mail-ru/2026_1_ARIS/internal/repository/post.go:76.2,76.41 1 0
github.com/go-park-mail-ru/2026_1_ARIS/internal/repository/post.go:79.78,84.9 4 0
github.com/go-park-mail-ru/2026_1_ARIS/internal/repository/post.go:84.9,86.3 1 0
github.com/go-park-mail-ru/2026_1_ARIS/internal/repository/post.go:88.2,88.12 1 0
github.com/go-park-mail-ru/2026_1_ARIS/internal/repository/post.go:91.76,97.9 4 0
github.com/go-park-mail-ru/2026_1_ARIS/internal/repository/post.go:97.9,99.3 1 0
github.com/go-park-mail-ru/2026_1_ARIS/internal/repository/post.go:101.2,102.12 2 0
github.com/go-park-mail-ru/2026_1_ARIS/internal/repository/post.go:105.96,109.28 3 0
github.com/go-park-mail-ru/2026_1_ARIS/internal/repository/post.go:109.28,111.3 1 0
github.com/go-park-mail-ru/2026_1_ARIS/internal/repository/post.go:113.2,113.33 1 0
github.com/go-park-mail-ru/2026_1_ARIS/internal/repository/post.go:113.33,115.3 1 0
github.com/go-park-mail-ru/2026_1_ARIS/internal/repository/post.go:117.2,117.71 1 0
github.com/go-park-mail-ru/2026_1_ARIS/internal/repository/post.go:120.76,125.9 4 0
github.com/go-park-mail-ru/2026_1_ARIS/internal/repository/post.go:125.9,127.3 1 0
github.com/go-park-mail-ru/2026_1_ARIS/internal/repository/post.go:129.2,129.22 1 0
github.com/go-park-mail-ru/2026_1_ARIS/internal/repository/post_with_media.go:21.47,23.2 1 0
github.com/go-park-mail-ru/2026_1_ARIS/internal/repository/post_with_media.go:25.82,31.72 4 0
github.com/go-park-mail-ru/2026_1_ARIS/internal/repository/post_with_media.go:31.72,32.24 1 0
github.com/go-park-mail-ru/2026_1_ARIS/internal/repository/post_with_media.go:32.24,34.4 1 0
github.com/go-park-mail-ru/2026_1_ARIS/internal/repository/post_with_media.go:34.9,34.31 1 0
github.com/go-park-mail-ru/2026_1_ARIS/internal/repository/post_with_media.go:34.31,36.4 1 0
github.com/go-park-mail-ru/2026_1_ARIS/internal/repository/post_with_media.go:37.3,37.11 1 0
github.com/go-park-mail-ru/2026_1_ARIS/internal/repository/post_with_media.go:40.2,40.37 1 0
github.com/go-park-mail-ru/2026_1_ARIS/internal/repository/post_with_media.go:40.37,41.25 1 0
github.com/go-park-mail-ru/2026_1_ARIS/internal/repository/post_with_media.go:41.25,43.4 1 0
github.com/go-park-mail-ru/2026_1_ARIS/internal/repository/post_with_media.go:46.2,46.17 1 0
github.com/go-park-mail-ru/2026_1_ARIS/internal/repository/post_with_media.go:49.97,56.2 5 0
github.com/go-park-mail-ru/2026_1_ARIS/internal/repository/profile.go:23.35,27.2 3 0
github.com/go-park-mail-ru/2026_1_ARIS/internal/repository/profile.go:29.92,34.9 4 0
github.com/go-park-mail-ru/2026_1_ARIS/internal/repository/profile.go:34.9,36.3 1 0
github.com/go-park-mail-ru/2026_1_ARIS/internal/repository/profile.go:37.2,37.22 1 0
github.com/go-park-mail-ru/2026_1_ARIS/internal/repository/profile.go:40.87,46.2 4 0
github.com/go-park-mail-ru/2026_1_ARIS/internal/repository/profile.go:48.94,52.31 3 0
github.com/go-park-mail-ru/2026_1_ARIS/internal/repository/profile.go:52.31,53.29 1 0
github.com/go-park-mail-ru/2026_1_ARIS/internal/repository/profile.go:53.29,55.4 1 0
github.com/go-park-mail-ru/2026_1_ARIS/internal/repository/profile.go:57.2,57.45 1 0
github.com/go-park-mail-ru/2026_1_ARIS/internal/repository/repost.go:22.33,26.2 1 0
github.com/go-park-mail-ru/2026_1_ARIS/internal/repository/repost.go:28.84,33.9 4 0
github.com/go-park-mail-ru/2026_1_ARIS/internal/repository/repost.go:33.9,35.3 1 0
github.com/go-park-mail-ru/2026_1_ARIS/internal/repository/repost.go:37.2,37.12 1 0
github.com/go-park-mail-ru/2026_1_ARIS/internal/repository/repost.go:40.88,46.35 4 0
github.com/go-park-mail-ru/2026_1_ARIS/internal/repository/repost.go:46.35,47.30 1 0
github.com/go-park-mail-ru/2026_1_ARIS/internal/repository/repost.go:47.30,49.4 1 0
github.com/go-park-mail-ru/2026_1_ARIS/internal/repository/repost.go:50.3,50.22 1 0
github.com/go-park-mail-ru/2026_1_ARIS/internal/repository/repost.go:52.2,54.14 2 0
github.com/go-park-mail-ru/2026_1_ARIS/internal/repository/session_repo.go:22.35,26.2 1 0
github.com/go-park-mail-ru/2026_1_ARIS/internal/repository/session_repo.go:28.81,33.2 3 0
github.com/go-park-mail-ru/2026_1_ARIS/internal/repository/session_repo.go:35.86,40.9 4 0
github.com/go-park-mail-ru/2026_1_ARIS/internal/repository/session_repo.go:40.9,42.3 1 0
github.com/go-park-mail-ru/2026_1_ARIS/internal/repository/session_repo.go:43.2,44.12 2 0
github.com/go-park-mail-ru/2026_1_ARIS/internal/repository/session_repo.go:47.106,51.9 4 0
github.com/go-park-mail-ru/2026_1_ARIS/internal/repository/session_repo.go:51.9,53.3 1 0
github.com/go-park-mail-ru/2026_1_ARIS/internal/repository/session_repo.go:54.2,54.18 1 0
github.com/go-park-mail-ru/2026_1_ARIS/internal/repository/user.go:31.29,35.2 3 0
github.com/go-park-mail-ru/2026_1_ARIS/internal/repository/user.go:37.78,43.2 4 0
github.com/go-park-mail-ru/2026_1_ARIS/internal/repository/user.go:45.76,51.8 4 0
github.com/go-park-mail-ru/2026_1_ARIS/internal/repository/user.go:51.8,54.3 2 0
github.com/go-park-mail-ru/2026_1_ARIS/internal/repository/user.go:56.2,56.37 1 0
github.com/go-park-mail-ru/2026_1_ARIS/internal/repository/user.go:59.93,65.9 4 0
github.com/go-park-mail-ru/2026_1_ARIS/internal/repository/user.go:65.9,67.3 1 0
github.com/go-park-mail-ru/2026_1_ARIS/internal/repository/user.go:68.2,68.19 1 0
github.com/go-park-mail-ru/2026_1_ARIS/internal/repository/user.go:71.96,75.28 3 0
github.com/go-park-mail-ru/2026_1_ARIS/internal/repository/user.go:75.28,76.24 1 0
github.com/go-park-mail-ru/2026_1_ARIS/internal/repository/user.go:76.24,78.4 1 0
github.com/go-park-mail-ru/2026_1_ARIS/internal/repository/user.go:80.2,80.42 1 0
github.com/go-park-mail-ru/2026_1_ARIS/internal/repository/user.go:83.96,87.28 3 0
github.com/go-park-mail-ru/2026_1_ARIS/internal/repository/user.go:87.28,88.24 1 0
github.com/go-park-mail-ru/2026_1_ARIS/internal/repository/user.go:88.24,90.4 1 0
github.com/go-park-mail-ru/2026_1_ARIS/internal/repository/user.go:92.2,92.42 1 0
github.com/go-park-mail-ru/2026_1_ARIS/internal/repository/user.go:95.87,99.28 3 0
github.com/go-park-mail-ru/2026_1_ARIS/internal/repository/user.go:99.28,101.3 1 0
github.com/go-park-mail-ru/2026_1_ARIS/internal/repository/user.go:102.2,102.33 1 0
github.com/go-park-mail-ru/2026_1_ARIS/internal/repository/user.go:102.33,104.3 1 0
github.com/go-park-mail-ru/2026_1_ARIS/internal/repository/user.go:106.2,106.68 1 0
github.com/go-park-mail-ru/2026_1_ARIS/internal/repository/user_profile.go:26.43,30.2 3 0
github.com/go-park-mail-ru/2026_1_ARIS/internal/repository/user_profile.go:32.108,37.9 4 0
github.com/go-park-mail-ru/2026_1_ARIS/internal/repository/user_profile.go:37.9,39.3 1 0
github.com/go-park-mail-ru/2026_1_ARIS/internal/repository/user_profile.go:41.2,41.26 1 0
github.com/go-park-mail-ru/2026_1_ARIS/internal/repository/user_profile.go:44.98,50.2 4 0
github.com/go-park-mail-ru/2026_1_ARIS/internal/repository/user_profile.go:52.111,56.35 3 0
github.com/go-park-mail-ru/2026_1_ARIS/internal/repository/user_profile.go:56.35,57.31 1 0
github.com/go-park-mail-ru/2026_1_ARIS/internal/repository/user_profile.go:57.31,59.4 1 0
github.com/go-park-mail-ru/2026_1_ARIS/internal/repository/user_profile.go:61.2,61.49 1 0
github.com/go-park-mail-ru/2026_1_ARIS/internal/repository/user_profile.go:64.119,68.35 3 0
github.com/go-park-mail-ru/2026_1_ARIS/internal/repository/user_profile.go:68.35,69.28 1 0
github.com/go-park-mail-ru/2026_1_ARIS/internal/repository/user_profile.go:69.28,71.4 1 0
github.com/go-park-mail-ru/2026_1_ARIS/internal/repository/user_profile.go:73.2,73.49 1 0
github.com/go-park-mail-ru/2026_1_ARIS/internal/repository/user_profile.go:76.105,80.35 3 0
github.com/go-park-mail-ru/2026_1_ARIS/internal/repository/user_profile.go:80.35,81.25 1 0
github.com/go-park-mail-ru/2026_1_ARIS/internal/repository/user_profile.go:81.25,83.4 1 0
github.com/go-park-mail-ru/2026_1_ARIS/internal/repository/user_profile.go:86.2,86.49 1 0
github.com/go-park-mail-ru/2026_1_ARIS/internal/server/router.go:18.12,31.42 5 0
github.com/go-park-mail-ru/2026_1_ARIS/internal/server/router.go:31.42,35.30 3 0
github.com/go-park-mail-ru/2026_1_ARIS/internal/server/router.go:35.30,39.4 3 0
github.com/go-park-mail-ru/2026_1_ARIS/internal/server/router.go:42.2,43.29 2 0
github.com/go-park-mail-ru/2026_1_ARIS/internal/server/router.go:43.29,46.3 2 0
github.com/go-park-mail-ru/2026_1_ARIS/internal/server/router.go:48.2,51.10 2 0
github.com/go-park-mail-ru/2026_1_ARIS/internal/service/auth.go:28.143,34.2 1 0
github.com/go-park-mail-ru/2026_1_ARIS/internal/service/auth.go:36.134,40.69 3 0
github.com/go-park-mail-ru/2026_1_ARIS/internal/service/auth.go:40.69,42.3 1 0
github.com/go-park-mail-ru/2026_1_ARIS/internal/service/auth.go:44.2,45.16 2 0
github.com/go-park-mail-ru/2026_1_ARIS/internal/service/auth.go:45.16,47.3 1 0
github.com/go-park-mail-ru/2026_1_ARIS/internal/service/auth.go:48.2,48.54 1 0
github.com/go-park-mail-ru/2026_1_ARIS/internal/service/auth.go:48.54,50.3 1 0
github.com/go-park-mail-ru/2026_1_ARIS/internal/service/auth.go:52.2,53.16 2 0
github.com/go-park-mail-ru/2026_1_ARIS/internal/service/auth.go:53.16,55.3 1 0
github.com/go-park-mail-ru/2026_1_ARIS/internal/service/auth.go:57.2,59.21 2 0
github.com/go-park-mail-ru/2026_1_ARIS/internal/service/auth.go:62.96,67.16 4 0
github.com/go-park-mail-ru/2026_1_ARIS/internal/service/auth.go:67.16,69.3 1 0
github.com/go-park-mail-ru/2026_1_ARIS/internal/service/auth.go:71.2,72.16 2 0
github.com/go-park-mail-ru/2026_1_ARIS/internal/service/auth.go:72.16,74.3 1 0
github.com/go-park-mail-ru/2026_1_ARIS/internal/service/auth.go:76.2,77.16 2 0
github.com/go-park-mail-ru/2026_1_ARIS/internal/service/auth.go:77.16,79.3 1 0
github.com/go-park-mail-ru/2026_1_ARIS/internal/service/auth.go:81.2,82.16 2 0
github.com/go-park-mail-ru/2026_1_ARIS/internal/service/auth.go:82.16,84.3 1 0
github.com/go-park-mail-ru/2026_1_ARIS/internal/service/auth.go:86.2,86.18 1 0
github.com/go-park-mail-ru/2026_1_ARIS/internal/service/auth.go:89.251,99.2 7 0
github.com/go-park-mail-ru/2026_1_ARIS/internal/service/media.go:21.115,26.2 1 0
github.com/go-park-mail-ru/2026_1_ARIS/internal/service/media.go:28.81,30.16 2 0
github.com/go-park-mail-ru/2026_1_ARIS/internal/service/media.go:30.16,32.3 1 0
github.com/go-park-mail-ru/2026_1_ARIS/internal/service/media.go:34.2,34.31 1 0
github.com/go-park-mail-ru/2026_1_ARIS/internal/service/media.go:34.31,36.3 1 0
github.com/go-park-mail-ru/2026_1_ARIS/internal/service/media.go:38.2,38.19 1 0
github.com/go-park-mail-ru/2026_1_ARIS/internal/service/media.go:41.72,46.35 3 0
github.com/go-park-mail-ru/2026_1_ARIS/internal/service/media.go:46.35,48.17 2 0
github.com/go-park-mail-ru/2026_1_ARIS/internal/service/media.go:48.17,50.4 1 0
github.com/go-park-mail-ru/2026_1_ARIS/internal/service/media.go:53.2,53.15 1 0
github.com/go-park-mail-ru/2026_1_ARIS/internal/service/post.go:39.48,48.2 1 0
github.com/go-park-mail-ru/2026_1_ARIS/internal/service/post.go:50.101,51.31 1 0
github.com/go-park-mail-ru/2026_1_ARIS/internal/service/post.go:51.31,53.3 1 0
github.com/go-park-mail-ru/2026_1_ARIS/internal/service/post.go:55.2,57.21 2 0
github.com/go-park-mail-ru/2026_1_ARIS/internal/service/post.go:57.21,59.17 2 0
github.com/go-park-mail-ru/2026_1_ARIS/internal/service/post.go:59.17,61.4 1 0
github.com/go-park-mail-ru/2026_1_ARIS/internal/service/post.go:63.3,63.17 1 0
github.com/go-park-mail-ru/2026_1_ARIS/internal/service/post.go:66.2,69.16 3 0
github.com/go-park-mail-ru/2026_1_ARIS/internal/service/post.go:69.16,71.3 1 0
github.com/go-park-mail-ru/2026_1_ARIS/internal/service/post.go:73.2,74.13 2 0
github.com/go-park-mail-ru/2026_1_ARIS/internal/service/post.go:74.13,76.3 1 0
github.com/go-park-mail-ru/2026_1_ARIS/internal/service/post.go:78.2,79.31 2 0
github.com/go-park-mail-ru/2026_1_ARIS/internal/service/post.go:79.31,85.3 2 0
github.com/go-park-mail-ru/2026_1_ARIS/internal/service/post.go:87.2,91.8 1 0
github.com/go-park-mail-ru/2026_1_ARIS/internal/service/post.go:94.80,96.16 2 0
github.com/go-park-mail-ru/2026_1_ARIS/internal/service/post.go:96.16,98.3 1 0
github.com/go-park-mail-ru/2026_1_ARIS/internal/service/post.go:100.2,104.16 3 0
github.com/go-park-mail-ru/2026_1_ARIS/internal/service/post.go:104.16,106.3 1 0
github.com/go-park-mail-ru/2026_1_ARIS/internal/service/post.go:108.2,108.21 1 0
github.com/go-park-mail-ru/2026_1_ARIS/internal/service/post.go:111.73,113.2 1 0
github.com/go-park-mail-ru/2026_1_ARIS/internal/service/post.go:115.79,117.2 1 0
github.com/go-park-mail-ru/2026_1_ARIS/internal/service/post.go:119.82,121.2 1 0
github.com/go-park-mail-ru/2026_1_ARIS/internal/service/post.go:123.81,125.2 1 0
github.com/go-park-mail-ru/2026_1_ARIS/internal/service/session_service.go:24.68,28.2 1 0
github.com/go-park-mail-ru/2026_1_ARIS/internal/service/session_service.go:29.88,31.2 1 0
github.com/go-park-mail-ru/2026_1_ARIS/internal/service/session_service.go:32.66,33.24 1 0
github.com/go-park-mail-ru/2026_1_ARIS/internal/service/session_service.go:33.24,35.3 1 0
github.com/go-park-mail-ru/2026_1_ARIS/internal/service/session_service.go:36.2,36.12 1 0
github.com/go-park-mail-ru/2026_1_ARIS/internal/service/session_service.go:41.97,42.50 1 0
github.com/go-park-mail-ru/2026_1_ARIS/internal/service/session_service.go:42.50,44.3 1 0
github.com/go-park-mail-ru/2026_1_ARIS/internal/service/session_service.go:46.2,54.19 3 0
github.com/go-park-mail-ru/2026_1_ARIS/internal/service/session_service.go:57.104,59.2 1 0
github.com/go-park-mail-ru/2026_1_ARIS/internal/service/user_profile.go:27.150,33.2 1 0
github.com/go-park-mail-ru/2026_1_ARIS/internal/service/user_profile.go:35.242,45.2 7 0
github.com/go-park-mail-ru/2026_1_ARIS/internal/service/user_profile.go:47.89,49.2 1 0
github.com/go-park-mail-ru/2026_1_ARIS/internal/service/user_profile.go:51.118,53.2 1 0
github.com/go-park-mail-ru/2026_1_ARIS/internal/service/user_profile.go:55.107,57.2 1 0
github.com/go-park-mail-ru/2026_1_ARIS/internal/service/user_profile.go:59.112,61.2 1 0
github.com/go-park-mail-ru/2026_1_ARIS/internal/service/mocks/auth_mock.go:28.67,32.2 3 1
github.com/go-park-mail-ru/2026_1_ARIS/internal/service/mocks/auth_mock.go:35.65,37.2 1 1
github.com/go-park-mail-ru/2026_1_ARIS/internal/service/mocks/auth_mock.go:40.217,46.2 5 0
github.com/go-park-mail-ru/2026_1_ARIS/internal/service/mocks/auth_mock.go:49.154,52.2 2 0
github.com/go-park-mail-ru/2026_1_ARIS/internal/service/mocks/auth_mock.go:55.96,61.2 5 1
github.com/go-park-mail-ru/2026_1_ARIS/internal/service/mocks/auth_mock.go:64.89,67.2 2 1
github.com/go-park-mail-ru/2026_1_ARIS/internal/service/mocks/auth_mock.go:70.120,76.2 5 1
github.com/go-park-mail-ru/2026_1_ARIS/internal/service/mocks/auth_mock.go:79.110,82.2 2 1
github.com/go-park-mail-ru/2026_1_ARIS/internal/service/mocks/session_mock.go:28.73,32.2 3 1
github.com/go-park-mail-ru/2026_1_ARIS/internal/service/mocks/session_mock.go:35.71,37.2 1 1
github.com/go-park-mail-ru/2026_1_ARIS/internal/service/mocks/session_mock.go:40.100,46.2 5 1
github.com/go-park-mail-ru/2026_1_ARIS/internal/service/mocks/session_mock.go:49.87,52.2 2 1
github.com/go-park-mail-ru/2026_1_ARIS/internal/service/mocks/session_mock.go:55.88,60.2 4 1
github.com/go-park-mail-ru/2026_1_ARIS/internal/service/mocks/session_mock.go:63.87,66.2 2 1
github.com/go-park-mail-ru/2026_1_ARIS/internal/service/mocks/session_mock.go:69.104,75.2 5 0
github.com/go-park-mail-ru/2026_1_ARIS/internal/service/mocks/session_mock.go:78.84,81.2 2 0
github.com/go-park-mail-ru/2026_1_ARIS/internal/service/mocks/user_mock.go:29.67,33.2 3 1
github.com/go-park-mail-ru/2026_1_ARIS/internal/service/mocks/user_mock.go:36.65,38.2 1 1
github.com/go-park-mail-ru/2026_1_ARIS/internal/service/mocks/user_mock.go:41.208,47.2 5 0
github.com/go-park-mail-ru/2026_1_ARIS/internal/service/mocks/user_mock.go:50.154,53.2 2 0
github.com/go-park-mail-ru/2026_1_ARIS/internal/service/mocks/user_mock.go:56.91,61.2 4 0
github.com/go-park-mail-ru/2026_1_ARIS/internal/service/mocks/user_mock.go:64.95,67.2 2 0
github.com/go-park-mail-ru/2026_1_ARIS/internal/service/mocks/user_mock.go:70.118,76.2 5 1
github.com/go-park-mail-ru/2026_1_ARIS/internal/service/mocks/user_mock.go:79.101,82.2 2 1
github.com/go-park-mail-ru/2026_1_ARIS/internal/service/mocks/user_mock.go:85.115,91.2 5 1
github.com/go-park-mail-ru/2026_1_ARIS/internal/service/mocks/user_mock.go:94.98,97.2 2 1
github.com/go-park-mail-ru/2026_1_ARIS/internal/service/mocks/user_mock.go:100.102,106.2 5 1
github.com/go-park-mail-ru/2026_1_ARIS/internal/service/mocks/user_mock.go:109.101,112.2 2 1
github.com/go-park-mail-ru/2026_1_ARIS/internal/utils/mock_data.go:18.36,152.2 114 0
github.com/go-park-mail-ru/2026_1_ARIS/internal/utils/write_error.go:8.66,14.2 3 1
